
attention mode is flash
2023-09-06 01:23:22.890101: I tensorflow/core/platform/cpu_feature_guard.cc:193] This TensorFlow binary is optimized with oneAPI Deep Neural Network Library (oneDNN) to use the following CPU instructions in performance-critical operations:  AVX2 AVX512F AVX512_VNNI FMA
To enable them in other operations, rebuild TensorFlow with the appropriate compiler flags.
2023-09-06 01:23:24.831651: I tensorflow/core/util/port.cc:104] oneDNN custom operations are on. You may see slightly different numerical results due to floating-point round-off errors from different computation orders. To turn them off, set the environment variable `TF_ENABLE_ONEDNN_OPTS=0`.
2023-09-06 01:23:34.462961: W tensorflow/compiler/xla/stream_executor/platform/default/dso_loader.cc:64] Could not load dynamic library 'libnvinfer.so.7'; dlerror: libnvinfer.so.7: cannot open shared object file: No such file or directory; LD_LIBRARY_PATH: /sw/pkgs/arc/cudnn/11.7-v8.7.0/lib64:/sw/pkgs/arc/cuda/11.7.1/lib64
2023-09-06 01:23:34.465516: W tensorflow/compiler/xla/stream_executor/platform/default/dso_loader.cc:64] Could not load dynamic library 'libnvinfer_plugin.so.7'; dlerror: libnvinfer_plugin.so.7: cannot open shared object file: No such file or directory; LD_LIBRARY_PATH: /sw/pkgs/arc/cudnn/11.7-v8.7.0/lib64:/sw/pkgs/arc/cuda/11.7.1/lib64
2023-09-06 01:23:34.465538: W tensorflow/compiler/tf2tensorrt/utils/py_utils.cc:38] TF-TRT Warning: Cannot dlopen some TensorRT libraries. If you would like to use Nvidia GPU with TensorRT, please make sure the missing libraries mentioned above are installed properly.
/home/yifulu/.conda/envs/dpm2/lib/python3.8/site-packages/tensorflow_io/python/ops/__init__.py:98: UserWarning: unable to load libtensorflow_io_plugins.so: unable to open file: libtensorflow_io_plugins.so, from paths: ['/home/yifulu/.conda/envs/dpm2/lib/python3.8/site-packages/tensorflow_io/python/ops/libtensorflow_io_plugins.so']
caused by: ['/home/yifulu/.conda/envs/dpm2/lib/python3.8/site-packages/tensorflow_io/python/ops/libtensorflow_io_plugins.so: undefined symbol: _ZN3tsl6StatusC1EN10tensorflow5error4CodeESt17basic_string_viewIcSt11char_traitsIcEENS_18SourceLocationImplE']
  warnings.warn(f"unable to load libtensorflow_io_plugins.so: {e}")
/home/yifulu/.conda/envs/dpm2/lib/python3.8/site-packages/tensorflow_io/python/ops/__init__.py:104: UserWarning: file system plugins are not loaded: unable to open file: libtensorflow_io.so, from paths: ['/home/yifulu/.conda/envs/dpm2/lib/python3.8/site-packages/tensorflow_io/python/ops/libtensorflow_io.so']
caused by: ['/home/yifulu/.conda/envs/dpm2/lib/python3.8/site-packages/tensorflow_io/python/ops/libtensorflow_io.so: undefined symbol: _ZTVN3tsl13GcsFileSystemE']
  warnings.warn(f"file system plugins are not loaded: {e}")
WARNING:tensorflow:From /home/yifulu/.conda/envs/dpm2/lib/python3.8/site-packages/tensorflow_gan/python/estimator/tpu_gan_estimator.py:42: The name tf.estimator.tpu.TPUEstimator is deprecated. Please use tf.compat.v1.estimator.tpu.TPUEstimator instead.

I0906 01:24:10.608183 23071118800704 main_interval.py:105] (0.442, 0.6308)
/home/yifulu/.conda/envs/dpm2/lib/python3.8/site-packages/torchvision/transforms/functional.py:1603: UserWarning: The default value of the antialias parameter of all the resizing transforms (Resize(), RandomResizedCrop(), etc.) will change from None to True in v0.17, in order to be consistent across the PIL and Tensor backends. To suppress this warning, directly pass antialias=True (recommended, future default), antialias=None (current default, which means False for Tensors and True for PIL), or antialias=False (only works on Tensors - PIL will still use antialiasing). This also applies if you are using the inference transforms from the models weights: update the call to weights.transforms(antialias=True).
  warnings.warn(
I0906 01:24:11.129573 23071118800704 ncsnpp.py:234] init
init
I0906 01:24:11.131635 23071118800704 ncsnpp.py:237] Total params are 26700483
26700483
I0906 01:25:05.451277 23071118800704 ncsnpp.py:234] init
init
I0906 01:25:05.454566 23071118800704 ncsnpp.py:237] Total params are 166560483
166560483
I0906 01:25:07.057564 23071118800704 ncsnpp.py:234] init
init
I0906 01:25:07.060539 23071118800704 ncsnpp.py:237] Total params are 106632579
106632579
I0906 01:25:07.307153 23071118800704 main_interval.py:147] begin checkpoint: 4
I0906 01:25:07.307314 23071118800704 main_interval.py:151] 0 is converged model
I0906 01:25:07.307366 23071118800704 main_interval.py:157] /scratch/qingqu_root/qingqu1/shared_data/multistage/new_interval/dpm_deep_I0_d/checkpoints/checkpoint_20.pth
I0906 01:25:41.291245 23071118800704 main_interval.py:151] 1 is converged model
I0906 01:25:41.307499 23071118800704 main_interval.py:157] /scratch/qingqu_root/qingqu1/shared_data/multistage/new_interval/dpm_deep_I1/checkpoints/checkpoint_20.pth
I0906 01:26:03.981548 23071118800704 main_interval.py:157] /scratch/qingqu_root/qingqu1/shared_data/multistage/new_interval/dpm_deep_I2_q/checkpoints/checkpoint_4.pth
I0906 01:26:11.789466 23071118800704 main_interval.py:168] /scratch/qingqu_root/qingqu1/shared_data/multistage/new_interval/seperate_best
I0906 01:26:11.790581 23071118800704 main_interval.py:172] sampling -- ckpt: 4, round: 0
I0906 01:27:14.597684 23071118800704 main_interval.py:172] sampling -- ckpt: 4, round: 1
I0906 01:27:56.254208 23071118800704 main_interval.py:172] sampling -- ckpt: 4, round: 2
I0906 01:28:38.090123 23071118800704 main_interval.py:172] sampling -- ckpt: 4, round: 3
I0906 01:29:19.954252 23071118800704 main_interval.py:172] sampling -- ckpt: 4, round: 4
I0906 01:30:01.828912 23071118800704 main_interval.py:172] sampling -- ckpt: 4, round: 5
I0906 01:30:43.702923 23071118800704 main_interval.py:172] sampling -- ckpt: 4, round: 6
I0906 01:31:25.585432 23071118800704 main_interval.py:172] sampling -- ckpt: 4, round: 7
I0906 01:32:07.478519 23071118800704 main_interval.py:172] sampling -- ckpt: 4, round: 8
I0906 01:32:49.356746 23071118800704 main_interval.py:172] sampling -- ckpt: 4, round: 9
I0906 01:33:31.236465 23071118800704 main_interval.py:172] sampling -- ckpt: 4, round: 10
I0906 01:34:13.117071 23071118800704 main_interval.py:172] sampling -- ckpt: 4, round: 11
I0906 01:34:55.005739 23071118800704 main_interval.py:172] sampling -- ckpt: 4, round: 12
I0906 01:35:36.896968 23071118800704 main_interval.py:172] sampling -- ckpt: 4, round: 13
I0906 01:36:18.789046 23071118800704 main_interval.py:172] sampling -- ckpt: 4, round: 14
I0906 01:37:00.688915 23071118800704 main_interval.py:172] sampling -- ckpt: 4, round: 15
I0906 01:37:42.577160 23071118800704 main_interval.py:172] sampling -- ckpt: 4, round: 16
I0906 01:38:24.440955 23071118800704 main_interval.py:172] sampling -- ckpt: 4, round: 17
I0906 01:39:06.305634 23071118800704 main_interval.py:172] sampling -- ckpt: 4, round: 18
I0906 01:39:48.168877 23071118800704 main_interval.py:172] sampling -- ckpt: 4, round: 19
I0906 01:40:30.021107 23071118800704 main_interval.py:172] sampling -- ckpt: 4, round: 20
I0906 01:41:11.866444 23071118800704 main_interval.py:172] sampling -- ckpt: 4, round: 21
I0906 01:41:53.723947 23071118800704 main_interval.py:172] sampling -- ckpt: 4, round: 22
I0906 01:42:35.595668 23071118800704 main_interval.py:172] sampling -- ckpt: 4, round: 23
I0906 01:43:17.470430 23071118800704 main_interval.py:172] sampling -- ckpt: 4, round: 24
I0906 01:43:59.340493 23071118800704 main_interval.py:172] sampling -- ckpt: 4, round: 25
I0906 01:44:41.229449 23071118800704 main_interval.py:172] sampling -- ckpt: 4, round: 26
I0906 01:45:23.122264 23071118800704 main_interval.py:172] sampling -- ckpt: 4, round: 27
I0906 01:46:05.015482 23071118800704 main_interval.py:172] sampling -- ckpt: 4, round: 28
I0906 01:46:46.916977 23071118800704 main_interval.py:172] sampling -- ckpt: 4, round: 29
I0906 01:47:28.807048 23071118800704 main_interval.py:172] sampling -- ckpt: 4, round: 30
I0906 01:48:10.694825 23071118800704 main_interval.py:172] sampling -- ckpt: 4, round: 31
I0906 01:48:52.576805 23071118800704 main_interval.py:172] sampling -- ckpt: 4, round: 32
I0906 01:49:34.458461 23071118800704 main_interval.py:172] sampling -- ckpt: 4, round: 33
I0906 01:50:16.335596 23071118800704 main_interval.py:172] sampling -- ckpt: 4, round: 34
I0906 01:50:58.194733 23071118800704 main_interval.py:172] sampling -- ckpt: 4, round: 35
I0906 01:51:40.047383 23071118800704 main_interval.py:172] sampling -- ckpt: 4, round: 36
I0906 01:52:21.902907 23071118800704 main_interval.py:172] sampling -- ckpt: 4, round: 37
I0906 01:53:03.739772 23071118800704 main_interval.py:172] sampling -- ckpt: 4, round: 38
I0906 01:53:45.587422 23071118800704 main_interval.py:172] sampling -- ckpt: 4, round: 39
I0906 01:54:27.440212 23071118800704 main_interval.py:172] sampling -- ckpt: 4, round: 40
I0906 01:55:09.309568 23071118800704 main_interval.py:172] sampling -- ckpt: 4, round: 41
I0906 01:55:51.182235 23071118800704 main_interval.py:172] sampling -- ckpt: 4, round: 42
I0906 01:56:33.061082 23071118800704 main_interval.py:172] sampling -- ckpt: 4, round: 43
I0906 01:57:14.943668 23071118800704 main_interval.py:172] sampling -- ckpt: 4, round: 44
I0906 01:57:56.831334 23071118800704 main_interval.py:172] sampling -- ckpt: 4, round: 45
I0906 01:58:38.722776 23071118800704 main_interval.py:172] sampling -- ckpt: 4, round: 46
I0906 01:59:20.611653 23071118800704 main_interval.py:172] sampling -- ckpt: 4, round: 47
I0906 02:00:02.484195 23071118800704 main_interval.py:172] sampling -- ckpt: 4, round: 48
2023-09-06 02:00:50.762639: I tensorflow/core/platform/cpu_feature_guard.cc:193] This TensorFlow binary is optimized with oneAPI Deep Neural Network Library (oneDNN) to use the following CPU instructions in performance-critical operations:  AVX2 AVX512F AVX512_VNNI FMA
To enable them in other operations, rebuild TensorFlow with the appropriate compiler flags.
2023-09-06 02:00:50.869588: I tensorflow/core/util/port.cc:104] oneDNN custom operations are on. You may see slightly different numerical results due to floating-point round-off errors from different computation orders. To turn them off, set the environment variable `TF_ENABLE_ONEDNN_OPTS=0`.
2023-09-06 02:00:51.825812: W tensorflow/compiler/xla/stream_executor/platform/default/dso_loader.cc:64] Could not load dynamic library 'libnvinfer.so.7'; dlerror: libnvinfer.so.7: cannot open shared object file: No such file or directory; LD_LIBRARY_PATH: /sw/pkgs/arc/cudnn/11.7-v8.7.0/lib64:/sw/pkgs/arc/cuda/11.7.1/lib64
2023-09-06 02:00:51.826790: W tensorflow/compiler/xla/stream_executor/platform/default/dso_loader.cc:64] Could not load dynamic library 'libnvinfer_plugin.so.7'; dlerror: libnvinfer_plugin.so.7: cannot open shared object file: No such file or directory; LD_LIBRARY_PATH: /sw/pkgs/arc/cudnn/11.7-v8.7.0/lib64:/sw/pkgs/arc/cuda/11.7.1/lib64
2023-09-06 02:00:51.826806: W tensorflow/compiler/tf2tensorrt/utils/py_utils.cc:38] TF-TRT Warning: Cannot dlopen some TensorRT libraries. If you would like to use Nvidia GPU with TensorRT, please make sure the missing libraries mentioned above are installed properly.
/home/yifulu/.conda/envs/dpm2/lib/python3.8/site-packages/tensorflow_io/python/ops/__init__.py:98: UserWarning: unable to load libtensorflow_io_plugins.so: unable to open file: libtensorflow_io_plugins.so, from paths: ['/home/yifulu/.conda/envs/dpm2/lib/python3.8/site-packages/tensorflow_io/python/ops/libtensorflow_io_plugins.so']
caused by: ['/home/yifulu/.conda/envs/dpm2/lib/python3.8/site-packages/tensorflow_io/python/ops/libtensorflow_io_plugins.so: undefined symbol: _ZN3tsl6StatusC1EN10tensorflow5error4CodeESt17basic_string_viewIcSt11char_traitsIcEENS_18SourceLocationImplE']
  warnings.warn(f"unable to load libtensorflow_io_plugins.so: {e}")
/home/yifulu/.conda/envs/dpm2/lib/python3.8/site-packages/tensorflow_io/python/ops/__init__.py:104: UserWarning: file system plugins are not loaded: unable to open file: libtensorflow_io.so, from paths: ['/home/yifulu/.conda/envs/dpm2/lib/python3.8/site-packages/tensorflow_io/python/ops/libtensorflow_io.so']
caused by: ['/home/yifulu/.conda/envs/dpm2/lib/python3.8/site-packages/tensorflow_io/python/ops/libtensorflow_io.so: undefined symbol: _ZTVN3tsl13GcsFileSystemE']
  warnings.warn(f"file system plugins are not loaded: {e}")
WARNING:tensorflow:From /home/yifulu/.conda/envs/dpm2/lib/python3.8/site-packages/tensorflow_gan/python/estimator/tpu_gan_estimator.py:42: The name tf.estimator.tpu.TPUEstimator is deprecated. Please use tf.compat.v1.estimator.tpu.TPUEstimator instead.

/home/yifulu/.conda/envs/dpm2/lib/python3.8/site-packages/absl/flags/_validators.py:254: UserWarning: Flag --eval_folder has a non-None default value; therefore, mark_flag_as_required will pass even if flag is not specified in the command line!
  mark_flag_as_required(flag_name, flag_values)
I0906 02:00:57.292470 23261500737344 resolver.py:108] Using /tmp/tfhub_modules to cache modules.
I0906 02:00:57.293164 23261500737344 resolver.py:419] Downloading TF-Hub Module 'https://tfhub.dev/tensorflow/tfgan/eval/inception/1'.
I0906 02:01:03.598489 23261500737344 resolver.py:157] Downloaded https://tfhub.dev/tensorflow/tfgan/eval/inception/1, Total size: 273.09MB
I0906 02:01:03.599863 23261500737344 resolver.py:434] Downloaded TF-Hub Module 'https://tfhub.dev/tensorflow/tfgan/eval/inception/1'.
2023-09-06 02:01:06.441027: I tensorflow/core/common_runtime/gpu/gpu_device.cc:1613] Created device /job:localhost/replica:0/task:0/device:GPU:0 with 43087 MB memory:  -> device: 0, name: NVIDIA A40, pci bus id: 0000:1b:00.0, compute capability: 8.6
I0906 02:01:08.522963 23261500737344 evaluation_fromsample.py:48] begin checkpoint: 4
I0906 02:01:08.524149 23261500737344 evaluation_fromsample.py:52] /scratch/qingqu_root/qingqu1/shared_data/multistage/new_interval/seperate_best
I0906 02:01:08.524879 23261500737344 evaluation_fromsample.py:67] evaluation -- ckpt: 4, round: 0
I0906 02:01:09.859713 23261500737344 xla_bridge.py:440] Unable to initialize backend 'cuda': module 'jaxlib.xla_extension' has no attribute 'GpuAllocatorConfig'
I0906 02:01:09.860693 23261500737344 xla_bridge.py:440] Unable to initialize backend 'rocm': module 'jaxlib.xla_extension' has no attribute 'GpuAllocatorConfig'
I0906 02:01:09.954537 23261500737344 xla_bridge.py:440] Unable to initialize backend 'tpu': INVALID_ARGUMENT: TpuPlatform is not available.
I0906 02:01:09.954648 23261500737344 xla_bridge.py:440] Unable to initialize backend 'plugin': xla_extension has no attributes named get_plugin_device_client. Compile TensorFlow with //tensorflow/compiler/xla/python:enable_plugin_device set to true (defaults to false) to enable this.
W0906 02:01:09.954705 23261500737344 xla_bridge.py:448] No GPU/TPU found, falling back to CPU. (Set TF_CPP_MIN_LOG_LEVEL=0 and rerun for more info.)
WARNING:tensorflow:From /home/yifulu/.conda/envs/dpm2/lib/python3.8/site-packages/tensorflow/python/autograph/pyct/static_analysis/liveness.py:83: Analyzer.lamba_check (from tensorflow.python.autograph.pyct.static_analysis.liveness) is deprecated and will be removed after 2023-09-23.
Instructions for updating:
Lambda fuctions will be no more assumed to be used in the statement where they are used, or at least in the same block. https://github.com/tensorflow/tensorflow/issues/56089
W0906 02:01:10.519153 23261500737344 deprecation.py:350] From /home/yifulu/.conda/envs/dpm2/lib/python3.8/site-packages/tensorflow/python/autograph/pyct/static_analysis/liveness.py:83: Analyzer.lamba_check (from tensorflow.python.autograph.pyct.static_analysis.liveness) is deprecated and will be removed after 2023-09-23.
Instructions for updating:
Lambda fuctions will be no more assumed to be used in the statement where they are used, or at least in the same block. https://github.com/tensorflow/tensorflow/issues/56089
2023-09-06 02:01:16.779363: I tensorflow/compiler/xla/stream_executor/cuda/cuda_dnn.cc:428] Loaded cuDNN version 8700
2023-09-06 02:01:19.020503: W tensorflow/core/kernels/gpu_utils.cc:50] Failed to allocate memory for convolution redzone checking; skipping this check. This is benign and only means that we won't check cudnn for out-of-bounds reads and writes. This message will only be printed once.
2023-09-06 02:01:25.896822: I tensorflow/compiler/xla/stream_executor/cuda/cuda_blas.cc:630] TensorFloat-32 will be used for the matrix multiplication. This will only be logged once.
/home/yifulu/.conda/envs/dpm2/lib/python3.8/site-packages/tensorflow/python/util/nest.py:917: UserWarning: `tf.layers.flatten` is deprecated and will be removed in a future version. Please use `tf.keras.layers.Flatten` instead.
  structure[0], [func(*x) for x in entries],
/home/yifulu/.conda/envs/dpm2/lib/python3.8/site-packages/keras/legacy_tf_layers/base.py:627: UserWarning: `layer.updates` will be removed in a future version. This property should not be used in TensorFlow 2.0, as `updates` are applied automatically.
  self.updates, tf.compat.v1.GraphKeys.UPDATE_OPS
I0906 02:01:26.809411 23261500737344 evaluation_fromsample.py:67] evaluation -- ckpt: 4, round: 1
I0906 02:01:28.259741 23261500737344 evaluation_fromsample.py:67] evaluation -- ckpt: 4, round: 10
I0906 02:01:29.713648 23261500737344 evaluation_fromsample.py:67] evaluation -- ckpt: 4, round: 11
I0906 02:01:31.158849 23261500737344 evaluation_fromsample.py:67] evaluation -- ckpt: 4, round: 12
I0906 02:01:32.605199 23261500737344 evaluation_fromsample.py:67] evaluation -- ckpt: 4, round: 13
I0906 02:01:34.050980 23261500737344 evaluation_fromsample.py:67] evaluation -- ckpt: 4, round: 14
I0906 02:01:35.499941 23261500737344 evaluation_fromsample.py:67] evaluation -- ckpt: 4, round: 15
I0906 02:01:36.948645 23261500737344 evaluation_fromsample.py:67] evaluation -- ckpt: 4, round: 16
I0906 02:01:38.400369 23261500737344 evaluation_fromsample.py:67] evaluation -- ckpt: 4, round: 17
I0906 02:01:39.853907 23261500737344 evaluation_fromsample.py:67] evaluation -- ckpt: 4, round: 18
I0906 02:01:41.298944 23261500737344 evaluation_fromsample.py:67] evaluation -- ckpt: 4, round: 19
I0906 02:01:42.748122 23261500737344 evaluation_fromsample.py:67] evaluation -- ckpt: 4, round: 2
I0906 02:01:44.195476 23261500737344 evaluation_fromsample.py:67] evaluation -- ckpt: 4, round: 20
I0906 02:01:45.644282 23261500737344 evaluation_fromsample.py:67] evaluation -- ckpt: 4, round: 21
I0906 02:01:47.089666 23261500737344 evaluation_fromsample.py:67] evaluation -- ckpt: 4, round: 22
I0906 02:01:48.539551 23261500737344 evaluation_fromsample.py:67] evaluation -- ckpt: 4, round: 23
I0906 02:01:49.985845 23261500737344 evaluation_fromsample.py:67] evaluation -- ckpt: 4, round: 24
I0906 02:01:51.438841 23261500737344 evaluation_fromsample.py:67] evaluation -- ckpt: 4, round: 25
I0906 02:01:52.912243 23261500737344 evaluation_fromsample.py:67] evaluation -- ckpt: 4, round: 26
I0906 02:01:54.368447 23261500737344 evaluation_fromsample.py:67] evaluation -- ckpt: 4, round: 27
I0906 02:01:55.831621 23261500737344 evaluation_fromsample.py:67] evaluation -- ckpt: 4, round: 28
I0906 02:01:57.307157 23261500737344 evaluation_fromsample.py:67] evaluation -- ckpt: 4, round: 29
I0906 02:01:58.778233 23261500737344 evaluation_fromsample.py:67] evaluation -- ckpt: 4, round: 3
I0906 02:02:00.242411 23261500737344 evaluation_fromsample.py:67] evaluation -- ckpt: 4, round: 30
I0906 02:02:01.699773 23261500737344 evaluation_fromsample.py:67] evaluation -- ckpt: 4, round: 31
I0906 02:02:03.162581 23261500737344 evaluation_fromsample.py:67] evaluation -- ckpt: 4, round: 32
I0906 02:02:04.626792 23261500737344 evaluation_fromsample.py:67] evaluation -- ckpt: 4, round: 33
I0906 02:02:06.086898 23261500737344 evaluation_fromsample.py:67] evaluation -- ckpt: 4, round: 34
I0906 02:02:07.545241 23261500737344 evaluation_fromsample.py:67] evaluation -- ckpt: 4, round: 35
I0906 02:02:09.008909 23261500737344 evaluation_fromsample.py:67] evaluation -- ckpt: 4, round: 36
I0906 02:02:10.470830 23261500737344 evaluation_fromsample.py:67] evaluation -- ckpt: 4, round: 37
I0906 02:02:11.930040 23261500737344 evaluation_fromsample.py:67] evaluation -- ckpt: 4, round: 38
I0906 02:02:13.391373 23261500737344 evaluation_fromsample.py:67] evaluation -- ckpt: 4, round: 39
I0906 02:02:14.852293 23261500737344 evaluation_fromsample.py:67] evaluation -- ckpt: 4, round: 4
I0906 02:02:16.339769 23261500737344 evaluation_fromsample.py:67] evaluation -- ckpt: 4, round: 40
I0906 02:02:17.800299 23261500737344 evaluation_fromsample.py:67] evaluation -- ckpt: 4, round: 41
I0906 02:02:19.259168 23261500737344 evaluation_fromsample.py:67] evaluation -- ckpt: 4, round: 42
I0906 02:02:20.720618 23261500737344 evaluation_fromsample.py:67] evaluation -- ckpt: 4, round: 43
I0906 02:02:22.206980 23261500737344 evaluation_fromsample.py:67] evaluation -- ckpt: 4, round: 44
I0906 02:02:23.716584 23261500737344 evaluation_fromsample.py:67] evaluation -- ckpt: 4, round: 45
I0906 02:02:25.209497 23261500737344 evaluation_fromsample.py:67] evaluation -- ckpt: 4, round: 46
I0906 02:02:26.692800 23261500737344 evaluation_fromsample.py:67] evaluation -- ckpt: 4, round: 47
I0906 02:02:28.199493 23261500737344 evaluation_fromsample.py:67] evaluation -- ckpt: 4, round: 48
I0906 02:02:29.679625 23261500737344 evaluation_fromsample.py:67] evaluation -- ckpt: 4, round: 5
I0906 02:02:31.164098 23261500737344 evaluation_fromsample.py:67] evaluation -- ckpt: 4, round: 6
I0906 02:02:32.652369 23261500737344 evaluation_fromsample.py:67] evaluation -- ckpt: 4, round: 7
I0906 02:02:34.149463 23261500737344 evaluation_fromsample.py:67] evaluation -- ckpt: 4, round: 8
I0906 02:02:35.639945 23261500737344 evaluation_fromsample.py:67] evaluation -- ckpt: 4, round: 9
I0906 02:02:56.553333 23261500737344 evaluation_fromsample.py:105] ckpt-4 --- FID: 2.525088e+00
