4
WARNING:tensorflow:From /home/yifulu/.conda/envs/dpm/lib/python3.9/site-packages/tensorflow_gan/python/estimator/tpu_gan_estimator.py:42: The name tf.estimator.tpu.TPUEstimator is deprecated. Please use tf.compat.v1.estimator.tpu.TPUEstimator instead.

I0324 15:33:23.392656 22977266788160 xla_bridge.py:355] Unable to initialize backend 'tpu_driver': NOT_FOUND: Unable to find driver in registry given worker: 
I0324 15:33:23.394538 22977266788160 xla_bridge.py:355] Unable to initialize backend 'cuda': module 'jaxlib.xla_extension' has no attribute 'GpuAllocatorConfig'
I0324 15:33:23.394623 22977266788160 xla_bridge.py:355] Unable to initialize backend 'rocm': module 'jaxlib.xla_extension' has no attribute 'GpuAllocatorConfig'
I0324 15:33:23.395005 22977266788160 xla_bridge.py:355] Unable to initialize backend 'tpu': INVALID_ARGUMENT: TpuPlatform is not available.
I0324 15:33:23.395084 22977266788160 xla_bridge.py:355] Unable to initialize backend 'plugin': xla_extension has no attributes named get_plugin_device_client. Compile TensorFlow with //tensorflow/compiler/xla/python:enable_plugin_device set to true (defaults to false) to enable this.
W0324 15:33:23.395144 22977266788160 xla_bridge.py:362] No GPU/TPU found, falling back to CPU. (Set TF_CPP_MIN_LOG_LEVEL=0 and rerun for more info.)
I0324 15:33:23.397177 22977266788160 dataset_info.py:358] Load dataset info from /home/yifulu/tensorflow_datasets/cifar10/3.0.2
W0324 15:33:23.400727 22977266788160 options.py:503] options.experimental_threading is deprecated. Use options.threading instead.
W0324 15:33:23.400812 22977266788160 options.py:503] options.experimental_threading is deprecated. Use options.threading instead.
I0324 15:33:23.400901 22977266788160 dataset_builder.py:351] Reusing dataset cifar10 (/home/yifulu/tensorflow_datasets/cifar10/3.0.2)
I0324 15:33:23.400970 22977266788160 logging_logger.py:35] Constructing tf.data.Dataset cifar10 for split train, from /home/yifulu/tensorflow_datasets/cifar10/3.0.2
W0324 15:33:23.578217 22977266788160 options.py:503] options.experimental_threading is deprecated. Use options.threading instead.
W0324 15:33:23.597836 22977266788160 options.py:503] options.experimental_threading is deprecated. Use options.threading instead.
I0324 15:33:23.600946 22977266788160 dataset_builder.py:351] Reusing dataset cifar10 (/home/yifulu/tensorflow_datasets/cifar10/3.0.2)
I0324 15:33:23.604074 22977266788160 logging_logger.py:35] Constructing tf.data.Dataset cifar10 for split test, from /home/yifulu/tensorflow_datasets/cifar10/3.0.2
I0324 15:33:23.635510 22977266788160 main_interval.py:79] (0.259, 0.676)
I0324 15:33:26.643361 22977266788160 dataset_info.py:358] Load dataset info from /home/yifulu/tensorflow_datasets/cifar10/3.0.2
W0324 15:33:26.647339 22977266788160 options.py:503] options.experimental_threading is deprecated. Use options.threading instead.
W0324 15:33:26.647444 22977266788160 options.py:503] options.experimental_threading is deprecated. Use options.threading instead.
I0324 15:33:26.647536 22977266788160 dataset_builder.py:351] Reusing dataset cifar10 (/home/yifulu/tensorflow_datasets/cifar10/3.0.2)
I0324 15:33:26.647605 22977266788160 logging_logger.py:35] Constructing tf.data.Dataset cifar10 for split train, from /home/yifulu/tensorflow_datasets/cifar10/3.0.2
W0324 15:33:26.688453 22977266788160 options.py:503] options.experimental_threading is deprecated. Use options.threading instead.
W0324 15:33:26.688634 22977266788160 options.py:503] options.experimental_threading is deprecated. Use options.threading instead.
I0324 15:33:26.688744 22977266788160 dataset_builder.py:351] Reusing dataset cifar10 (/home/yifulu/tensorflow_datasets/cifar10/3.0.2)
I0324 15:33:26.688811 22977266788160 logging_logger.py:35] Constructing tf.data.Dataset cifar10 for split test, from /home/yifulu/tensorflow_datasets/cifar10/3.0.2
I0324 15:33:26.724148 22977266788160 sampling.py:98] dpm_solver
I0324 15:33:26.724508 22977266788160 resolver.py:105] Using /tmp/tfhub_modules to cache modules.
I0324 15:33:28.876541 22977266788160 main_interval.py:145] begin checkpoint: 5
I0324 15:33:28.877618 22977266788160 main_interval.py:153] /scratch/qingqu_root/qingqu1/shared_data/dpm_experiments/dpm_I0/checkpoints/checkpoint_5.pth
I0324 15:33:37.049558 22977266788160 main_interval.py:153] /scratch/qingqu_root/qingqu1/shared_data/dpm_experiments/dpm_I1/checkpoints/checkpoint_5.pth
I0324 15:33:46.466332 22977266788160 main_interval.py:149] 2 is converged model
I0324 15:33:46.467480 22977266788160 main_interval.py:153] /scratch/qingqu_root/qingqu1/shared_data/dpm_experiments/dpm_I2/checkpoints/checkpoint_2.pth
I0324 15:33:55.454616 22977266788160 main_interval.py:204] /scratch/qingqu_root/qingqu1/shared_data/dpm_experiments/intervalA
I0324 15:33:55.455805 22977266788160 main_interval.py:207] sampling -- ckpt: 5, round: 0
/home/yifulu/.conda/envs/dpm/lib/python3.9/site-packages/tensorflow/python/util/nest.py:869: UserWarning: `tf.layers.flatten` is deprecated and will be removed in a future version. Please use `tf.keras.layers.Flatten` instead.
  structure[0], [func(*x) for x in entries],
/home/yifulu/.conda/envs/dpm/lib/python3.9/site-packages/keras/legacy_tf_layers/core.py:523: UserWarning: `layer.apply` is deprecated and will be removed in a future version. Please use `layer.__call__` method instead.
  return layer.apply(inputs)
/home/yifulu/.conda/envs/dpm/lib/python3.9/site-packages/keras/legacy_tf_layers/base.py:573: UserWarning: `layer.updates` will be removed in a future version. This property should not be used in TensorFlow 2.0, as `updates` are applied automatically.
  _add_elements_to_collection(self.updates, tf.compat.v1.GraphKeys.UPDATE_OPS)
I0324 15:40:19.715259 22977266788160 main_interval.py:207] sampling -- ckpt: 5, round: 1
I0324 15:46:41.784547 22977266788160 main_interval.py:207] sampling -- ckpt: 5, round: 2
I0324 15:53:08.199737 22977266788160 main_interval.py:207] sampling -- ckpt: 5, round: 3
I0324 15:59:31.799721 22977266788160 main_interval.py:207] sampling -- ckpt: 5, round: 4
I0324 16:05:57.047407 22977266788160 main_interval.py:207] sampling -- ckpt: 5, round: 5
I0324 16:12:17.836681 22977266788160 main_interval.py:207] sampling -- ckpt: 5, round: 6
I0324 16:18:38.024432 22977266788160 main_interval.py:207] sampling -- ckpt: 5, round: 7
I0324 16:24:59.682752 22977266788160 main_interval.py:207] sampling -- ckpt: 5, round: 8
I0324 16:31:18.953573 22977266788160 main_interval.py:207] sampling -- ckpt: 5, round: 9
I0324 16:37:40.460948 22977266788160 main_interval.py:207] sampling -- ckpt: 5, round: 10
I0324 16:44:03.219161 22977266788160 main_interval.py:207] sampling -- ckpt: 5, round: 11
I0324 16:50:26.282100 22977266788160 main_interval.py:207] sampling -- ckpt: 5, round: 12
I0324 16:56:47.179960 22977266788160 main_interval.py:207] sampling -- ckpt: 5, round: 13
I0324 17:03:08.846288 22977266788160 main_interval.py:207] sampling -- ckpt: 5, round: 14
I0324 17:09:30.170538 22977266788160 main_interval.py:207] sampling -- ckpt: 5, round: 15
I0324 17:15:50.587739 22977266788160 main_interval.py:207] sampling -- ckpt: 5, round: 16
I0324 17:22:11.874830 22977266788160 main_interval.py:207] sampling -- ckpt: 5, round: 17
I0324 17:28:36.051913 22977266788160 main_interval.py:207] sampling -- ckpt: 5, round: 18
I0324 17:35:01.863308 22977266788160 main_interval.py:207] sampling -- ckpt: 5, round: 19
I0324 17:41:28.135047 22977266788160 main_interval.py:207] sampling -- ckpt: 5, round: 20
WARNING:tensorflow:From /home/yifulu/.conda/envs/dpm/lib/python3.9/site-packages/tensorflow_gan/python/eval/classifier_metrics.py:1157: calling map_fn_v2 (from tensorflow.python.ops.map_fn) with back_prop=False is deprecated and will be removed in a future version.
Instructions for updating:
back_prop=False is deprecated. Consider using tf.stop_gradient instead.
Instead of:
results = tf.map_fn(fn, elems, back_prop=False)
Use:
results = tf.nest.map_structure(tf.stop_gradient, tf.map_fn(fn, elems))
W0324 17:49:10.427260 22977266788160 deprecation.py:614] From /home/yifulu/.conda/envs/dpm/lib/python3.9/site-packages/tensorflow_gan/python/eval/classifier_metrics.py:1157: calling map_fn_v2 (from tensorflow.python.ops.map_fn) with back_prop=False is deprecated and will be removed in a future version.
Instructions for updating:
back_prop=False is deprecated. Consider using tf.stop_gradient instead.
Instead of:
results = tf.map_fn(fn, elems, back_prop=False)
Use:
results = tf.nest.map_structure(tf.stop_gradient, tf.map_fn(fn, elems))
I0324 17:49:21.002825 22977266788160 main_interval.py:284] ckpt-5 --- inception_score: 9.074404e+00, FID: 7.135467e+00, KID: 4.101719e-03
I0324 17:49:21.008713 22977266788160 main_interval.py:153] /scratch/qingqu_root/qingqu1/shared_data/dpm_experiments/dpm_I0/checkpoints/checkpoint_10.pth
I0324 17:49:33.491734 22977266788160 main_interval.py:153] /scratch/qingqu_root/qingqu1/shared_data/dpm_experiments/dpm_I1/checkpoints/checkpoint_10.pth
I0324 17:49:46.808195 22977266788160 main_interval.py:149] 2 is converged model
I0324 17:49:46.809296 22977266788160 main_interval.py:153] /scratch/qingqu_root/qingqu1/shared_data/dpm_experiments/dpm_I2/checkpoints/checkpoint_2.pth
I0324 17:49:58.740382 22977266788160 main_interval.py:204] /scratch/qingqu_root/qingqu1/shared_data/dpm_experiments/intervalA
I0324 17:49:58.741398 22977266788160 main_interval.py:207] sampling -- ckpt: 10, round: 0
I0324 17:56:22.705954 22977266788160 main_interval.py:207] sampling -- ckpt: 10, round: 1
I0324 18:02:44.790693 22977266788160 main_interval.py:207] sampling -- ckpt: 10, round: 2
I0324 18:09:08.408143 22977266788160 main_interval.py:207] sampling -- ckpt: 10, round: 3
I0324 18:15:31.314240 22977266788160 main_interval.py:207] sampling -- ckpt: 10, round: 4
I0324 18:21:54.378065 22977266788160 main_interval.py:207] sampling -- ckpt: 10, round: 5
I0324 18:28:17.939800 22977266788160 main_interval.py:207] sampling -- ckpt: 10, round: 6
I0324 18:34:41.734705 22977266788160 main_interval.py:207] sampling -- ckpt: 10, round: 7
I0324 18:41:04.846501 22977266788160 main_interval.py:207] sampling -- ckpt: 10, round: 8
I0324 18:47:27.830794 22977266788160 main_interval.py:207] sampling -- ckpt: 10, round: 9
I0324 18:53:50.781378 22977266788160 main_interval.py:207] sampling -- ckpt: 10, round: 10
I0324 19:00:13.865956 22977266788160 main_interval.py:207] sampling -- ckpt: 10, round: 11
I0324 19:06:37.532924 22977266788160 main_interval.py:207] sampling -- ckpt: 10, round: 12
I0324 19:13:00.613134 22977266788160 main_interval.py:207] sampling -- ckpt: 10, round: 13
I0324 19:19:23.893526 22977266788160 main_interval.py:207] sampling -- ckpt: 10, round: 14
I0324 19:25:46.955810 22977266788160 main_interval.py:207] sampling -- ckpt: 10, round: 15
I0324 19:32:10.765438 22977266788160 main_interval.py:207] sampling -- ckpt: 10, round: 16
I0324 19:38:34.624488 22977266788160 main_interval.py:207] sampling -- ckpt: 10, round: 17
I0324 19:44:57.227588 22977266788160 main_interval.py:207] sampling -- ckpt: 10, round: 18
I0324 19:51:20.990432 22977266788160 main_interval.py:207] sampling -- ckpt: 10, round: 19
I0324 19:57:44.758125 22977266788160 main_interval.py:207] sampling -- ckpt: 10, round: 20
I0324 20:05:37.720532 22977266788160 main_interval.py:284] ckpt-10 --- inception_score: 9.445409e+00, FID: 5.450675e+00, KID: 2.407731e-03
I0324 20:05:37.725609 22977266788160 main_interval.py:153] /scratch/qingqu_root/qingqu1/shared_data/dpm_experiments/dpm_I0/checkpoints/checkpoint_15.pth
I0324 20:05:48.883989 22977266788160 main_interval.py:153] /scratch/qingqu_root/qingqu1/shared_data/dpm_experiments/dpm_I1/checkpoints/checkpoint_15.pth
I0324 20:06:00.108510 22977266788160 main_interval.py:149] 2 is converged model
I0324 20:06:00.109580 22977266788160 main_interval.py:153] /scratch/qingqu_root/qingqu1/shared_data/dpm_experiments/dpm_I2/checkpoints/checkpoint_2.pth
I0324 20:06:10.898281 22977266788160 main_interval.py:204] /scratch/qingqu_root/qingqu1/shared_data/dpm_experiments/intervalA
I0324 20:06:10.899395 22977266788160 main_interval.py:207] sampling -- ckpt: 15, round: 0
I0324 20:12:32.227269 22977266788160 main_interval.py:207] sampling -- ckpt: 15, round: 1
I0324 20:18:54.951071 22977266788160 main_interval.py:207] sampling -- ckpt: 15, round: 2
I0324 20:25:15.510390 22977266788160 main_interval.py:207] sampling -- ckpt: 15, round: 3
I0324 20:31:37.213212 22977266788160 main_interval.py:207] sampling -- ckpt: 15, round: 4
I0324 20:37:59.912434 22977266788160 main_interval.py:207] sampling -- ckpt: 15, round: 5
I0324 20:44:20.030151 22977266788160 main_interval.py:207] sampling -- ckpt: 15, round: 6
I0324 20:50:42.817425 22977266788160 main_interval.py:207] sampling -- ckpt: 15, round: 7
I0324 20:57:05.466067 22977266788160 main_interval.py:207] sampling -- ckpt: 15, round: 8
I0324 21:03:26.911444 22977266788160 main_interval.py:207] sampling -- ckpt: 15, round: 9
I0324 21:09:49.500136 22977266788160 main_interval.py:207] sampling -- ckpt: 15, round: 10
I0324 21:16:11.495226 22977266788160 main_interval.py:207] sampling -- ckpt: 15, round: 11
I0324 21:22:33.869162 22977266788160 main_interval.py:207] sampling -- ckpt: 15, round: 12
I0324 21:28:57.282398 22977266788160 main_interval.py:207] sampling -- ckpt: 15, round: 13
I0324 21:35:18.892587 22977266788160 main_interval.py:207] sampling -- ckpt: 15, round: 14
I0324 21:41:41.919673 22977266788160 main_interval.py:207] sampling -- ckpt: 15, round: 15
I0324 21:48:05.059688 22977266788160 main_interval.py:207] sampling -- ckpt: 15, round: 16
I0324 21:54:26.963163 22977266788160 main_interval.py:207] sampling -- ckpt: 15, round: 17
I0324 22:00:48.590666 22977266788160 main_interval.py:207] sampling -- ckpt: 15, round: 18
I0324 22:07:12.099874 22977266788160 main_interval.py:207] sampling -- ckpt: 15, round: 19
I0324 22:13:34.686289 22977266788160 main_interval.py:207] sampling -- ckpt: 15, round: 20
I0324 22:21:30.147954 22977266788160 main_interval.py:284] ckpt-15 --- inception_score: 9.529810e+00, FID: 5.104136e+00, KID: 2.096916e-03
I0324 22:21:30.169270 22977266788160 main_interval.py:153] /scratch/qingqu_root/qingqu1/shared_data/dpm_experiments/dpm_I0/checkpoints/checkpoint_20.pth
I0324 22:21:38.874557 22977266788160 main_interval.py:153] /scratch/qingqu_root/qingqu1/shared_data/dpm_experiments/dpm_I1/checkpoints/checkpoint_20.pth
I0324 22:21:47.078088 22977266788160 main_interval.py:149] 2 is converged model
I0324 22:21:47.079345 22977266788160 main_interval.py:153] /scratch/qingqu_root/qingqu1/shared_data/dpm_experiments/dpm_I2/checkpoints/checkpoint_2.pth
I0324 22:21:55.520967 22977266788160 main_interval.py:204] /scratch/qingqu_root/qingqu1/shared_data/dpm_experiments/intervalA
I0324 22:21:55.522140 22977266788160 main_interval.py:207] sampling -- ckpt: 20, round: 0
I0324 22:28:18.011199 22977266788160 main_interval.py:207] sampling -- ckpt: 20, round: 1
I0324 22:34:41.013679 22977266788160 main_interval.py:207] sampling -- ckpt: 20, round: 2
I0324 22:41:04.960964 22977266788160 main_interval.py:207] sampling -- ckpt: 20, round: 3
I0324 22:47:27.936442 22977266788160 main_interval.py:207] sampling -- ckpt: 20, round: 4
I0324 22:53:50.358197 22977266788160 main_interval.py:207] sampling -- ckpt: 20, round: 5
I0324 23:00:13.966895 22977266788160 main_interval.py:207] sampling -- ckpt: 20, round: 6
I0324 23:06:36.550913 22977266788160 main_interval.py:207] sampling -- ckpt: 20, round: 7
I0324 23:12:59.541009 22977266788160 main_interval.py:207] sampling -- ckpt: 20, round: 8
I0324 23:19:23.088622 22977266788160 main_interval.py:207] sampling -- ckpt: 20, round: 9
I0324 23:25:46.118415 22977266788160 main_interval.py:207] sampling -- ckpt: 20, round: 10
I0324 23:32:09.316865 22977266788160 main_interval.py:207] sampling -- ckpt: 20, round: 11
I0324 23:38:31.588581 22977266788160 main_interval.py:207] sampling -- ckpt: 20, round: 12
I0324 23:44:54.429719 22977266788160 main_interval.py:207] sampling -- ckpt: 20, round: 13
I0324 23:51:15.985755 22977266788160 main_interval.py:207] sampling -- ckpt: 20, round: 14
I0324 23:57:38.889057 22977266788160 main_interval.py:207] sampling -- ckpt: 20, round: 15
I0325 00:04:01.905694 22977266788160 main_interval.py:207] sampling -- ckpt: 20, round: 16
I0325 00:10:23.876202 22977266788160 main_interval.py:207] sampling -- ckpt: 20, round: 17
I0325 00:16:47.132898 22977266788160 main_interval.py:207] sampling -- ckpt: 20, round: 18
I0325 00:23:08.998884 22977266788160 main_interval.py:207] sampling -- ckpt: 20, round: 19
I0325 00:29:32.700790 22977266788160 main_interval.py:207] sampling -- ckpt: 20, round: 20
I0325 00:37:22.450464 22977266788160 main_interval.py:284] ckpt-20 --- inception_score: 9.426494e+00, FID: 5.261572e+00, KID: 2.222740e-03
I0325 00:37:22.458446 22977266788160 main_interval.py:153] /scratch/qingqu_root/qingqu1/shared_data/dpm_experiments/dpm_I0/checkpoints/checkpoint_25.pth
I0325 00:37:32.165021 22977266788160 main_interval.py:153] /scratch/qingqu_root/qingqu1/shared_data/dpm_experiments/dpm_I1/checkpoints/checkpoint_25.pth
I0325 00:37:41.632222 22977266788160 main_interval.py:149] 2 is converged model
I0325 00:37:41.633404 22977266788160 main_interval.py:153] /scratch/qingqu_root/qingqu1/shared_data/dpm_experiments/dpm_I2/checkpoints/checkpoint_2.pth
I0325 00:37:48.932414 22977266788160 main_interval.py:204] /scratch/qingqu_root/qingqu1/shared_data/dpm_experiments/intervalA
I0325 00:37:48.933554 22977266788160 main_interval.py:207] sampling -- ckpt: 25, round: 0
I0325 00:44:12.905557 22977266788160 main_interval.py:207] sampling -- ckpt: 25, round: 1
I0325 00:50:35.051830 22977266788160 main_interval.py:207] sampling -- ckpt: 25, round: 2
I0325 00:56:56.864330 22977266788160 main_interval.py:207] sampling -- ckpt: 25, round: 3
I0325 01:03:18.995252 22977266788160 main_interval.py:207] sampling -- ckpt: 25, round: 4
I0325 01:09:40.911715 22977266788160 main_interval.py:207] sampling -- ckpt: 25, round: 5
I0325 01:16:01.278408 22977266788160 main_interval.py:207] sampling -- ckpt: 25, round: 6
I0325 01:22:23.943817 22977266788160 main_interval.py:207] sampling -- ckpt: 25, round: 7
I0325 01:28:46.601094 22977266788160 main_interval.py:207] sampling -- ckpt: 25, round: 8
I0325 01:35:07.148385 22977266788160 main_interval.py:207] sampling -- ckpt: 25, round: 9
I0325 01:41:29.892745 22977266788160 main_interval.py:207] sampling -- ckpt: 25, round: 10
I0325 01:47:50.930916 22977266788160 main_interval.py:207] sampling -- ckpt: 25, round: 11
I0325 01:54:13.325695 22977266788160 main_interval.py:207] sampling -- ckpt: 25, round: 12
I0325 02:00:35.699179 22977266788160 main_interval.py:207] sampling -- ckpt: 25, round: 13
I0325 02:06:58.015987 22977266788160 main_interval.py:207] sampling -- ckpt: 25, round: 14
I0325 02:13:19.287813 22977266788160 main_interval.py:207] sampling -- ckpt: 25, round: 15
I0325 02:19:40.931728 22977266788160 main_interval.py:207] sampling -- ckpt: 25, round: 16
I0325 02:26:02.896327 22977266788160 main_interval.py:207] sampling -- ckpt: 25, round: 17
I0325 02:32:24.363521 22977266788160 main_interval.py:207] sampling -- ckpt: 25, round: 18
I0325 02:38:46.877581 22977266788160 main_interval.py:207] sampling -- ckpt: 25, round: 19
I0325 02:45:09.306133 22977266788160 main_interval.py:207] sampling -- ckpt: 25, round: 20
I0325 02:52:59.570132 22977266788160 main_interval.py:284] ckpt-25 --- inception_score: 9.432821e+00, FID: 5.423892e+00, KID: 2.192612e-03
I0325 02:52:59.575099 22977266788160 main_interval.py:153] /scratch/qingqu_root/qingqu1/shared_data/dpm_experiments/dpm_I0/checkpoints/checkpoint_30.pth
I0325 02:53:10.470486 22977266788160 main_interval.py:153] /scratch/qingqu_root/qingqu1/shared_data/dpm_experiments/dpm_I1/checkpoints/checkpoint_30.pth
I0325 02:53:24.145553 22977266788160 main_interval.py:149] 2 is converged model
I0325 02:53:24.145714 22977266788160 main_interval.py:153] /scratch/qingqu_root/qingqu1/shared_data/dpm_experiments/dpm_I2/checkpoints/checkpoint_2.pth
I0325 02:53:37.662993 22977266788160 main_interval.py:204] /scratch/qingqu_root/qingqu1/shared_data/dpm_experiments/intervalA
I0325 02:53:37.663149 22977266788160 main_interval.py:207] sampling -- ckpt: 30, round: 0
I0325 03:00:00.247676 22977266788160 main_interval.py:207] sampling -- ckpt: 30, round: 1
I0325 03:06:23.021786 22977266788160 main_interval.py:207] sampling -- ckpt: 30, round: 2
I0325 03:12:45.628092 22977266788160 main_interval.py:207] sampling -- ckpt: 30, round: 3
I0325 03:19:07.928075 22977266788160 main_interval.py:207] sampling -- ckpt: 30, round: 4
I0325 03:25:30.681655 22977266788160 main_interval.py:207] sampling -- ckpt: 30, round: 5
I0325 03:31:53.023969 22977266788160 main_interval.py:207] sampling -- ckpt: 30, round: 6
I0325 03:38:15.002439 22977266788160 main_interval.py:207] sampling -- ckpt: 30, round: 7
I0325 03:44:38.463387 22977266788160 main_interval.py:207] sampling -- ckpt: 30, round: 8
I0325 03:51:01.182796 22977266788160 main_interval.py:207] sampling -- ckpt: 30, round: 9
I0325 03:57:23.892364 22977266788160 main_interval.py:207] sampling -- ckpt: 30, round: 10
I0325 04:03:47.062843 22977266788160 main_interval.py:207] sampling -- ckpt: 30, round: 11
I0325 04:10:09.372094 22977266788160 main_interval.py:207] sampling -- ckpt: 30, round: 12
I0325 04:16:31.372042 22977266788160 main_interval.py:207] sampling -- ckpt: 30, round: 13
I0325 04:22:54.397725 22977266788160 main_interval.py:207] sampling -- ckpt: 30, round: 14
I0325 04:29:17.160657 22977266788160 main_interval.py:207] sampling -- ckpt: 30, round: 15
I0325 04:35:40.508382 22977266788160 main_interval.py:207] sampling -- ckpt: 30, round: 16
I0325 04:42:02.987957 22977266788160 main_interval.py:207] sampling -- ckpt: 30, round: 17
I0325 04:48:26.700263 22977266788160 main_interval.py:207] sampling -- ckpt: 30, round: 18
I0325 04:54:49.176259 22977266788160 main_interval.py:207] sampling -- ckpt: 30, round: 19
I0325 05:01:11.933665 22977266788160 main_interval.py:207] sampling -- ckpt: 30, round: 20
I0325 05:09:00.972654 22977266788160 main_interval.py:284] ckpt-30 --- inception_score: 9.502047e+00, FID: 5.897527e+00, KID: 2.525714e-03
I0325 05:09:00.977150 22977266788160 main_interval.py:153] /scratch/qingqu_root/qingqu1/shared_data/dpm_experiments/dpm_I0/checkpoints/checkpoint_35.pth
I0325 05:09:13.428889 22977266788160 main_interval.py:153] /scratch/qingqu_root/qingqu1/shared_data/dpm_experiments/dpm_I1/checkpoints/checkpoint_35.pth
I0325 05:09:24.334832 22977266788160 main_interval.py:149] 2 is converged model
I0325 05:09:24.334991 22977266788160 main_interval.py:153] /scratch/qingqu_root/qingqu1/shared_data/dpm_experiments/dpm_I2/checkpoints/checkpoint_2.pth
I0325 05:09:34.055142 22977266788160 main_interval.py:204] /scratch/qingqu_root/qingqu1/shared_data/dpm_experiments/intervalA
I0325 05:09:34.055299 22977266788160 main_interval.py:207] sampling -- ckpt: 35, round: 0
I0325 05:15:57.325750 22977266788160 main_interval.py:207] sampling -- ckpt: 35, round: 1
I0325 05:22:19.746552 22977266788160 main_interval.py:207] sampling -- ckpt: 35, round: 2
I0325 05:28:41.987737 22977266788160 main_interval.py:207] sampling -- ckpt: 35, round: 3
I0325 05:35:05.903319 22977266788160 main_interval.py:207] sampling -- ckpt: 35, round: 4
I0325 05:41:29.507583 22977266788160 main_interval.py:207] sampling -- ckpt: 35, round: 5
I0325 05:47:51.157323 22977266788160 main_interval.py:207] sampling -- ckpt: 35, round: 6
I0325 05:54:13.318668 22977266788160 main_interval.py:207] sampling -- ckpt: 35, round: 7
I0325 06:00:34.894954 22977266788160 main_interval.py:207] sampling -- ckpt: 35, round: 8
I0325 06:06:55.899677 22977266788160 main_interval.py:207] sampling -- ckpt: 35, round: 9
I0325 06:13:18.302306 22977266788160 main_interval.py:207] sampling -- ckpt: 35, round: 10
I0325 06:19:40.385337 22977266788160 main_interval.py:207] sampling -- ckpt: 35, round: 11
I0325 06:26:02.909072 22977266788160 main_interval.py:207] sampling -- ckpt: 35, round: 12
I0325 06:32:24.627502 22977266788160 main_interval.py:207] sampling -- ckpt: 35, round: 13
I0325 06:38:46.609369 22977266788160 main_interval.py:207] sampling -- ckpt: 35, round: 14
I0325 06:45:07.801073 22977266788160 main_interval.py:207] sampling -- ckpt: 35, round: 15
I0325 06:51:28.598626 22977266788160 main_interval.py:207] sampling -- ckpt: 35, round: 16
I0325 06:57:50.873002 22977266788160 main_interval.py:207] sampling -- ckpt: 35, round: 17
I0325 07:04:12.885117 22977266788160 main_interval.py:207] sampling -- ckpt: 35, round: 18
I0325 07:10:35.088718 22977266788160 main_interval.py:207] sampling -- ckpt: 35, round: 19
I0325 07:16:57.859257 22977266788160 main_interval.py:207] sampling -- ckpt: 35, round: 20
I0325 07:24:49.109881 22977266788160 main_interval.py:284] ckpt-35 --- inception_score: 9.406161e+00, FID: 6.181592e+00, KID: 2.715164e-03
I0325 07:24:49.114342 22977266788160 main_interval.py:153] /scratch/qingqu_root/qingqu1/shared_data/dpm_experiments/dpm_I0/checkpoints/checkpoint_40.pth
I0325 07:24:58.932388 22977266788160 main_interval.py:153] /scratch/qingqu_root/qingqu1/shared_data/dpm_experiments/dpm_I1/checkpoints/checkpoint_40.pth
I0325 07:25:08.942749 22977266788160 main_interval.py:149] 2 is converged model
I0325 07:25:08.942907 22977266788160 main_interval.py:153] /scratch/qingqu_root/qingqu1/shared_data/dpm_experiments/dpm_I2/checkpoints/checkpoint_2.pth
I0325 07:25:18.930646 22977266788160 main_interval.py:204] /scratch/qingqu_root/qingqu1/shared_data/dpm_experiments/intervalA
I0325 07:25:18.930801 22977266788160 main_interval.py:207] sampling -- ckpt: 40, round: 0
I0325 07:31:41.062659 22977266788160 main_interval.py:207] sampling -- ckpt: 40, round: 1
I0325 07:38:02.261455 22977266788160 main_interval.py:207] sampling -- ckpt: 40, round: 2
I0325 07:44:23.682155 22977266788160 main_interval.py:207] sampling -- ckpt: 40, round: 3
I0325 07:50:44.442441 22977266788160 main_interval.py:207] sampling -- ckpt: 40, round: 4
I0325 07:57:07.819043 22977266788160 main_interval.py:207] sampling -- ckpt: 40, round: 5
I0325 08:03:29.933295 22977266788160 main_interval.py:207] sampling -- ckpt: 40, round: 6
I0325 08:09:52.485771 22977266788160 main_interval.py:207] sampling -- ckpt: 40, round: 7
I0325 08:16:13.435911 22977266788160 main_interval.py:207] sampling -- ckpt: 40, round: 8
I0325 08:22:35.074715 22977266788160 main_interval.py:207] sampling -- ckpt: 40, round: 9
I0325 08:28:56.465950 22977266788160 main_interval.py:207] sampling -- ckpt: 40, round: 10
I0325 08:35:17.841905 22977266788160 main_interval.py:207] sampling -- ckpt: 40, round: 11
I0325 08:41:39.218948 22977266788160 main_interval.py:207] sampling -- ckpt: 40, round: 12
I0325 08:48:02.135433 22977266788160 main_interval.py:207] sampling -- ckpt: 40, round: 13
I0325 08:54:24.797745 22977266788160 main_interval.py:207] sampling -- ckpt: 40, round: 14
I0325 09:00:46.815643 22977266788160 main_interval.py:207] sampling -- ckpt: 40, round: 15
I0325 09:07:09.478806 22977266788160 main_interval.py:207] sampling -- ckpt: 40, round: 16
I0325 09:13:32.123352 22977266788160 main_interval.py:207] sampling -- ckpt: 40, round: 17
I0325 09:19:54.615758 22977266788160 main_interval.py:207] sampling -- ckpt: 40, round: 18
I0325 09:26:16.431152 22977266788160 main_interval.py:207] sampling -- ckpt: 40, round: 19
I0325 09:32:36.885962 22977266788160 main_interval.py:207] sampling -- ckpt: 40, round: 20
I0325 09:40:30.418748 22977266788160 main_interval.py:284] ckpt-40 --- inception_score: 9.411482e+00, FID: 6.639408e+00, KID: 3.052429e-03
