4
WARNING:tensorflow:From /home/yifulu/.conda/envs/dpm/lib/python3.9/site-packages/tensorflow_gan/python/estimator/tpu_gan_estimator.py:42: The name tf.estimator.tpu.TPUEstimator is deprecated. Please use tf.compat.v1.estimator.tpu.TPUEstimator instead.

I0321 15:19:09.634371 22856470730560 xla_bridge.py:355] Unable to initialize backend 'tpu_driver': NOT_FOUND: Unable to find driver in registry given worker: 
I0321 15:19:09.636297 22856470730560 xla_bridge.py:355] Unable to initialize backend 'cuda': module 'jaxlib.xla_extension' has no attribute 'GpuAllocatorConfig'
I0321 15:19:09.636393 22856470730560 xla_bridge.py:355] Unable to initialize backend 'rocm': module 'jaxlib.xla_extension' has no attribute 'GpuAllocatorConfig'
I0321 15:19:09.638643 22856470730560 xla_bridge.py:355] Unable to initialize backend 'tpu': INVALID_ARGUMENT: TpuPlatform is not available.
I0321 15:19:09.638769 22856470730560 xla_bridge.py:355] Unable to initialize backend 'plugin': xla_extension has no attributes named get_plugin_device_client. Compile TensorFlow with //tensorflow/compiler/xla/python:enable_plugin_device set to true (defaults to false) to enable this.
W0321 15:19:09.638844 22856470730560 xla_bridge.py:362] No GPU/TPU found, falling back to CPU. (Set TF_CPP_MIN_LOG_LEVEL=0 and rerun for more info.)
I0321 15:19:09.643486 22856470730560 dataset_info.py:358] Load dataset info from /home/yifulu/tensorflow_datasets/cifar10/3.0.2
W0321 15:19:09.652133 22856470730560 options.py:503] options.experimental_threading is deprecated. Use options.threading instead.
W0321 15:19:09.652238 22856470730560 options.py:503] options.experimental_threading is deprecated. Use options.threading instead.
I0321 15:19:09.652349 22856470730560 dataset_builder.py:351] Reusing dataset cifar10 (/home/yifulu/tensorflow_datasets/cifar10/3.0.2)
I0321 15:19:09.652427 22856470730560 logging_logger.py:35] Constructing tf.data.Dataset cifar10 for split train, from /home/yifulu/tensorflow_datasets/cifar10/3.0.2
W0321 15:19:09.877489 22856470730560 options.py:503] options.experimental_threading is deprecated. Use options.threading instead.
W0321 15:19:09.877639 22856470730560 options.py:503] options.experimental_threading is deprecated. Use options.threading instead.
I0321 15:19:09.877748 22856470730560 dataset_builder.py:351] Reusing dataset cifar10 (/home/yifulu/tensorflow_datasets/cifar10/3.0.2)
I0321 15:19:09.877818 22856470730560 logging_logger.py:35] Constructing tf.data.Dataset cifar10 for split test, from /home/yifulu/tensorflow_datasets/cifar10/3.0.2
I0321 15:19:09.910100 22856470730560 main_interval.py:79] (0.259,)
I0321 15:19:28.867518 22856470730560 dataset_info.py:358] Load dataset info from /home/yifulu/tensorflow_datasets/cifar10/3.0.2
W0321 15:19:28.871486 22856470730560 options.py:503] options.experimental_threading is deprecated. Use options.threading instead.
W0321 15:19:28.871602 22856470730560 options.py:503] options.experimental_threading is deprecated. Use options.threading instead.
I0321 15:19:28.871703 22856470730560 dataset_builder.py:351] Reusing dataset cifar10 (/home/yifulu/tensorflow_datasets/cifar10/3.0.2)
I0321 15:19:28.871775 22856470730560 logging_logger.py:35] Constructing tf.data.Dataset cifar10 for split train, from /home/yifulu/tensorflow_datasets/cifar10/3.0.2
W0321 15:19:28.914730 22856470730560 options.py:503] options.experimental_threading is deprecated. Use options.threading instead.
W0321 15:19:28.914908 22856470730560 options.py:503] options.experimental_threading is deprecated. Use options.threading instead.
I0321 15:19:28.915022 22856470730560 dataset_builder.py:351] Reusing dataset cifar10 (/home/yifulu/tensorflow_datasets/cifar10/3.0.2)
I0321 15:19:28.915090 22856470730560 logging_logger.py:35] Constructing tf.data.Dataset cifar10 for split test, from /home/yifulu/tensorflow_datasets/cifar10/3.0.2
I0321 15:19:28.951783 22856470730560 sampling.py:98] dpm_solver
I0321 15:19:28.952122 22856470730560 resolver.py:105] Using /tmp/tfhub_modules to cache modules.
I0321 15:19:31.653096 22856470730560 main_interval.py:145] begin checkpoint: 1
I0321 15:19:31.654115 22856470730560 main_interval.py:153] /scratch/qingqu_root/qingqu1/shared_data/dpm_experiments/dpm_I0/checkpoints/checkpoint_1.pth
I0321 15:19:55.510415 22856470730560 main_interval.py:149] 1 is converged model
I0321 15:19:55.511384 22856470730560 main_interval.py:153] /scratch/qingqu_root/qingqu1/shared_data/dpm_experiments/dpm/checkpoints/checkpoint_40.pth
I0321 15:20:16.509629 22856470730560 main_interval.py:204] /scratch/qingqu_root/qingqu1/shared_data/dpm_experiments/interval0
I0321 15:20:16.510645 22856470730560 main_interval.py:207] sampling -- ckpt: 1, round: 0
/home/yifulu/.conda/envs/dpm/lib/python3.9/site-packages/tensorflow/python/util/nest.py:869: UserWarning: `tf.layers.flatten` is deprecated and will be removed in a future version. Please use `tf.keras.layers.Flatten` instead.
  structure[0], [func(*x) for x in entries],
/home/yifulu/.conda/envs/dpm/lib/python3.9/site-packages/keras/legacy_tf_layers/core.py:523: UserWarning: `layer.apply` is deprecated and will be removed in a future version. Please use `layer.__call__` method instead.
  return layer.apply(inputs)
/home/yifulu/.conda/envs/dpm/lib/python3.9/site-packages/keras/legacy_tf_layers/base.py:573: UserWarning: `layer.updates` will be removed in a future version. This property should not be used in TensorFlow 2.0, as `updates` are applied automatically.
  _add_elements_to_collection(self.updates, tf.compat.v1.GraphKeys.UPDATE_OPS)
I0321 15:26:47.413570 22856470730560 main_interval.py:207] sampling -- ckpt: 1, round: 1
I0321 15:33:16.983880 22856470730560 main_interval.py:207] sampling -- ckpt: 1, round: 2
I0321 15:39:45.447913 22856470730560 main_interval.py:207] sampling -- ckpt: 1, round: 3
I0321 15:46:17.118413 22856470730560 main_interval.py:207] sampling -- ckpt: 1, round: 4
I0321 15:52:41.114020 22856470730560 main_interval.py:207] sampling -- ckpt: 1, round: 5
I0321 15:59:05.224981 22856470730560 main_interval.py:207] sampling -- ckpt: 1, round: 6
I0321 16:05:28.267313 22856470730560 main_interval.py:207] sampling -- ckpt: 1, round: 7
I0321 16:11:50.970545 22856470730560 main_interval.py:207] sampling -- ckpt: 1, round: 8
I0321 16:18:13.439169 22856470730560 main_interval.py:207] sampling -- ckpt: 1, round: 9
I0321 16:24:36.967328 22856470730560 main_interval.py:207] sampling -- ckpt: 1, round: 10
I0321 16:31:04.767459 22856470730560 main_interval.py:207] sampling -- ckpt: 1, round: 11
I0321 16:37:30.013638 22856470730560 main_interval.py:207] sampling -- ckpt: 1, round: 12
I0321 16:43:56.687395 22856470730560 main_interval.py:207] sampling -- ckpt: 1, round: 13
I0321 16:50:23.115202 22856470730560 main_interval.py:207] sampling -- ckpt: 1, round: 14
I0321 16:56:47.959275 22856470730560 main_interval.py:207] sampling -- ckpt: 1, round: 15
I0321 17:03:08.146152 22856470730560 main_interval.py:207] sampling -- ckpt: 1, round: 16
I0321 17:09:34.375138 22856470730560 main_interval.py:207] sampling -- ckpt: 1, round: 17
I0321 17:16:00.747631 22856470730560 main_interval.py:207] sampling -- ckpt: 1, round: 18
I0321 17:22:28.298487 22856470730560 main_interval.py:207] sampling -- ckpt: 1, round: 19
I0321 17:28:55.283655 22856470730560 main_interval.py:207] sampling -- ckpt: 1, round: 20
WARNING:tensorflow:From /home/yifulu/.conda/envs/dpm/lib/python3.9/site-packages/tensorflow_gan/python/eval/classifier_metrics.py:1157: calling map_fn_v2 (from tensorflow.python.ops.map_fn) with back_prop=False is deprecated and will be removed in a future version.
Instructions for updating:
back_prop=False is deprecated. Consider using tf.stop_gradient instead.
Instead of:
results = tf.map_fn(fn, elems, back_prop=False)
Use:
results = tf.nest.map_structure(tf.stop_gradient, tf.map_fn(fn, elems))
W0321 17:36:53.800141 22856470730560 deprecation.py:614] From /home/yifulu/.conda/envs/dpm/lib/python3.9/site-packages/tensorflow_gan/python/eval/classifier_metrics.py:1157: calling map_fn_v2 (from tensorflow.python.ops.map_fn) with back_prop=False is deprecated and will be removed in a future version.
Instructions for updating:
back_prop=False is deprecated. Consider using tf.stop_gradient instead.
Instead of:
results = tf.map_fn(fn, elems, back_prop=False)
Use:
results = tf.nest.map_structure(tf.stop_gradient, tf.map_fn(fn, elems))
I0321 17:37:04.809019 22856470730560 main_interval.py:284] ckpt-1 --- inception_score: 8.482656e+00, FID: 1.226616e+01, KID: 8.110733e-03
I0321 17:37:04.815821 22856470730560 main_interval.py:153] /scratch/qingqu_root/qingqu1/shared_data/dpm_experiments/dpm_I0/checkpoints/checkpoint_6.pth
I0321 17:37:23.408061 22856470730560 main_interval.py:149] 1 is converged model
I0321 17:37:23.408233 22856470730560 main_interval.py:153] /scratch/qingqu_root/qingqu1/shared_data/dpm_experiments/dpm/checkpoints/checkpoint_40.pth
I0321 17:37:44.538432 22856470730560 main_interval.py:204] /scratch/qingqu_root/qingqu1/shared_data/dpm_experiments/interval0
I0321 17:37:44.538598 22856470730560 main_interval.py:207] sampling -- ckpt: 6, round: 0
I0321 17:44:12.650089 22856470730560 main_interval.py:207] sampling -- ckpt: 6, round: 1
I0321 17:50:35.278221 22856470730560 main_interval.py:207] sampling -- ckpt: 6, round: 2
I0321 17:57:01.230326 22856470730560 main_interval.py:207] sampling -- ckpt: 6, round: 3
I0321 18:03:26.868673 22856470730560 main_interval.py:207] sampling -- ckpt: 6, round: 4
I0321 18:09:52.352843 22856470730560 main_interval.py:207] sampling -- ckpt: 6, round: 5
I0321 18:16:18.158068 22856470730560 main_interval.py:207] sampling -- ckpt: 6, round: 6
I0321 18:22:44.828939 22856470730560 main_interval.py:207] sampling -- ckpt: 6, round: 7
I0321 18:29:10.315234 22856470730560 main_interval.py:207] sampling -- ckpt: 6, round: 8
I0321 18:35:37.098202 22856470730560 main_interval.py:207] sampling -- ckpt: 6, round: 9
I0321 18:42:01.699997 22856470730560 main_interval.py:207] sampling -- ckpt: 6, round: 10
I0321 18:48:27.262405 22856470730560 main_interval.py:207] sampling -- ckpt: 6, round: 11
I0321 18:54:54.263429 22856470730560 main_interval.py:207] sampling -- ckpt: 6, round: 12
I0321 19:01:21.866925 22856470730560 main_interval.py:207] sampling -- ckpt: 6, round: 13
I0321 19:07:50.192589 22856470730560 main_interval.py:207] sampling -- ckpt: 6, round: 14
I0321 19:14:16.671687 22856470730560 main_interval.py:207] sampling -- ckpt: 6, round: 15
I0321 19:20:42.600556 22856470730560 main_interval.py:207] sampling -- ckpt: 6, round: 16
I0321 19:27:09.637371 22856470730560 main_interval.py:207] sampling -- ckpt: 6, round: 17
I0321 19:33:35.939121 22856470730560 main_interval.py:207] sampling -- ckpt: 6, round: 18
I0321 19:40:02.159126 22856470730560 main_interval.py:207] sampling -- ckpt: 6, round: 19
I0321 19:46:27.838861 22856470730560 main_interval.py:207] sampling -- ckpt: 6, round: 20
I0321 19:54:37.570000 22856470730560 main_interval.py:284] ckpt-6 --- inception_score: 9.446262e+00, FID: 5.333433e+00, KID: 2.652115e-03
I0321 19:54:37.575814 22856470730560 main_interval.py:153] /scratch/qingqu_root/qingqu1/shared_data/dpm_experiments/dpm_I0/checkpoints/checkpoint_11.pth
I0321 19:54:58.168490 22856470730560 main_interval.py:149] 1 is converged model
I0321 19:54:58.168655 22856470730560 main_interval.py:153] /scratch/qingqu_root/qingqu1/shared_data/dpm_experiments/dpm/checkpoints/checkpoint_40.pth
I0321 19:55:18.121643 22856470730560 main_interval.py:204] /scratch/qingqu_root/qingqu1/shared_data/dpm_experiments/interval0
I0321 19:55:18.121812 22856470730560 main_interval.py:207] sampling -- ckpt: 11, round: 0
I0321 20:01:44.300447 22856470730560 main_interval.py:207] sampling -- ckpt: 11, round: 1
I0321 20:08:08.308859 22856470730560 main_interval.py:207] sampling -- ckpt: 11, round: 2
I0321 20:14:33.159759 22856470730560 main_interval.py:207] sampling -- ckpt: 11, round: 3
I0321 20:20:58.739046 22856470730560 main_interval.py:207] sampling -- ckpt: 11, round: 4
I0321 20:27:23.604875 22856470730560 main_interval.py:207] sampling -- ckpt: 11, round: 5
I0321 20:33:47.709143 22856470730560 main_interval.py:207] sampling -- ckpt: 11, round: 6
I0321 20:40:11.220750 22856470730560 main_interval.py:207] sampling -- ckpt: 11, round: 7
I0321 20:46:36.051853 22856470730560 main_interval.py:207] sampling -- ckpt: 11, round: 8
I0321 20:53:01.869083 22856470730560 main_interval.py:207] sampling -- ckpt: 11, round: 9
I0321 20:59:26.557606 22856470730560 main_interval.py:207] sampling -- ckpt: 11, round: 10
I0321 21:05:50.617964 22856470730560 main_interval.py:207] sampling -- ckpt: 11, round: 11
I0321 21:12:16.656949 22856470730560 main_interval.py:207] sampling -- ckpt: 11, round: 12
I0321 21:18:42.143381 22856470730560 main_interval.py:207] sampling -- ckpt: 11, round: 13
I0321 21:25:07.849617 22856470730560 main_interval.py:207] sampling -- ckpt: 11, round: 14
I0321 21:31:32.443755 22856470730560 main_interval.py:207] sampling -- ckpt: 11, round: 15
I0321 21:37:56.569686 22856470730560 main_interval.py:207] sampling -- ckpt: 11, round: 16
I0321 21:44:20.345545 22856470730560 main_interval.py:207] sampling -- ckpt: 11, round: 17
I0321 21:50:45.693282 22856470730560 main_interval.py:207] sampling -- ckpt: 11, round: 18
I0321 21:57:09.458387 22856470730560 main_interval.py:207] sampling -- ckpt: 11, round: 19
I0321 22:03:34.176240 22856470730560 main_interval.py:207] sampling -- ckpt: 11, round: 20
I0321 22:11:43.376154 22856470730560 main_interval.py:284] ckpt-11 --- inception_score: 9.575999e+00, FID: 4.796983e+00, KID: 2.067143e-03
I0321 22:11:43.393606 22856470730560 main_interval.py:153] /scratch/qingqu_root/qingqu1/shared_data/dpm_experiments/dpm_I0/checkpoints/checkpoint_16.pth
I0321 22:12:09.940122 22856470730560 main_interval.py:149] 1 is converged model
I0321 22:12:09.940275 22856470730560 main_interval.py:153] /scratch/qingqu_root/qingqu1/shared_data/dpm_experiments/dpm/checkpoints/checkpoint_40.pth
I0321 22:12:30.760126 22856470730560 main_interval.py:204] /scratch/qingqu_root/qingqu1/shared_data/dpm_experiments/interval0
I0321 22:12:30.760278 22856470730560 main_interval.py:207] sampling -- ckpt: 16, round: 0
I0321 22:18:56.259006 22856470730560 main_interval.py:207] sampling -- ckpt: 16, round: 1
I0321 22:25:20.300886 22856470730560 main_interval.py:207] sampling -- ckpt: 16, round: 2
I0321 22:31:46.107501 22856470730560 main_interval.py:207] sampling -- ckpt: 16, round: 3
I0321 22:38:13.696200 22856470730560 main_interval.py:207] sampling -- ckpt: 16, round: 4
I0321 22:44:39.836261 22856470730560 main_interval.py:207] sampling -- ckpt: 16, round: 5
I0321 22:51:05.376152 22856470730560 main_interval.py:207] sampling -- ckpt: 16, round: 6
I0321 22:57:31.125831 22856470730560 main_interval.py:207] sampling -- ckpt: 16, round: 7
I0321 23:03:55.603947 22856470730560 main_interval.py:207] sampling -- ckpt: 16, round: 8
I0321 23:10:21.205074 22856470730560 main_interval.py:207] sampling -- ckpt: 16, round: 9
I0321 23:16:45.932788 22856470730560 main_interval.py:207] sampling -- ckpt: 16, round: 10
I0321 23:23:10.753233 22856470730560 main_interval.py:207] sampling -- ckpt: 16, round: 11
I0321 23:29:35.535291 22856470730560 main_interval.py:207] sampling -- ckpt: 16, round: 12
I0321 23:36:00.787072 22856470730560 main_interval.py:207] sampling -- ckpt: 16, round: 13
I0321 23:42:25.975918 22856470730560 main_interval.py:207] sampling -- ckpt: 16, round: 14
I0321 23:48:52.465321 22856470730560 main_interval.py:207] sampling -- ckpt: 16, round: 15
I0321 23:55:16.722509 22856470730560 main_interval.py:207] sampling -- ckpt: 16, round: 16
I0322 00:01:40.747832 22856470730560 main_interval.py:207] sampling -- ckpt: 16, round: 17
I0322 00:08:05.032690 22856470730560 main_interval.py:207] sampling -- ckpt: 16, round: 18
I0322 00:14:31.040271 22856470730560 main_interval.py:207] sampling -- ckpt: 16, round: 19
I0322 00:20:56.038336 22856470730560 main_interval.py:207] sampling -- ckpt: 16, round: 20
I0322 00:29:05.590301 22856470730560 main_interval.py:284] ckpt-16 --- inception_score: 9.564808e+00, FID: 4.683753e+00, KID: 1.837789e-03
I0322 00:29:05.595903 22856470730560 main_interval.py:153] /scratch/qingqu_root/qingqu1/shared_data/dpm_experiments/dpm_I0/checkpoints/checkpoint_21.pth
I0322 00:29:30.183500 22856470730560 main_interval.py:149] 1 is converged model
I0322 00:29:30.183660 22856470730560 main_interval.py:153] /scratch/qingqu_root/qingqu1/shared_data/dpm_experiments/dpm/checkpoints/checkpoint_40.pth
I0322 00:29:52.615612 22856470730560 main_interval.py:204] /scratch/qingqu_root/qingqu1/shared_data/dpm_experiments/interval0
I0322 00:29:52.615762 22856470730560 main_interval.py:207] sampling -- ckpt: 21, round: 0
I0322 00:36:16.763366 22856470730560 main_interval.py:207] sampling -- ckpt: 21, round: 1
I0322 00:42:41.025991 22856470730560 main_interval.py:207] sampling -- ckpt: 21, round: 2
I0322 00:49:06.380696 22856470730560 main_interval.py:207] sampling -- ckpt: 21, round: 3
I0322 00:55:29.959432 22856470730560 main_interval.py:207] sampling -- ckpt: 21, round: 4
I0322 01:01:54.051024 22856470730560 main_interval.py:207] sampling -- ckpt: 21, round: 5
I0322 01:08:18.914760 22856470730560 main_interval.py:207] sampling -- ckpt: 21, round: 6
I0322 01:14:44.843944 22856470730560 main_interval.py:207] sampling -- ckpt: 21, round: 7
I0322 01:21:09.065540 22856470730560 main_interval.py:207] sampling -- ckpt: 21, round: 8
I0322 01:27:33.951934 22856470730560 main_interval.py:207] sampling -- ckpt: 21, round: 9
I0322 01:33:59.374576 22856470730560 main_interval.py:207] sampling -- ckpt: 21, round: 10
I0322 01:40:24.751084 22856470730560 main_interval.py:207] sampling -- ckpt: 21, round: 11
I0322 01:46:51.265003 22856470730560 main_interval.py:207] sampling -- ckpt: 21, round: 12
I0322 01:53:16.699516 22856470730560 main_interval.py:207] sampling -- ckpt: 21, round: 13
I0322 01:59:44.087217 22856470730560 main_interval.py:207] sampling -- ckpt: 21, round: 14
I0322 02:06:09.080114 22856470730560 main_interval.py:207] sampling -- ckpt: 21, round: 15
I0322 02:12:34.947468 22856470730560 main_interval.py:207] sampling -- ckpt: 21, round: 16
I0322 02:19:00.350764 22856470730560 main_interval.py:207] sampling -- ckpt: 21, round: 17
I0322 02:25:25.048647 22856470730560 main_interval.py:207] sampling -- ckpt: 21, round: 18
I0322 02:31:50.110916 22856470730560 main_interval.py:207] sampling -- ckpt: 21, round: 19
I0322 02:38:16.283440 22856470730560 main_interval.py:207] sampling -- ckpt: 21, round: 20
I0322 02:46:23.505352 22856470730560 main_interval.py:284] ckpt-21 --- inception_score: 9.567325e+00, FID: 4.675016e+00, KID: 1.814893e-03
I0322 02:46:23.566712 22856470730560 main_interval.py:153] /scratch/qingqu_root/qingqu1/shared_data/dpm_experiments/dpm_I0/checkpoints/checkpoint_26.pth
I0322 02:46:45.596125 22856470730560 main_interval.py:149] 1 is converged model
I0322 02:46:45.596280 22856470730560 main_interval.py:153] /scratch/qingqu_root/qingqu1/shared_data/dpm_experiments/dpm/checkpoints/checkpoint_40.pth
I0322 02:47:09.347335 22856470730560 main_interval.py:204] /scratch/qingqu_root/qingqu1/shared_data/dpm_experiments/interval0
I0322 02:47:09.347491 22856470730560 main_interval.py:207] sampling -- ckpt: 26, round: 0
I0322 02:53:35.851274 22856470730560 main_interval.py:207] sampling -- ckpt: 26, round: 1
I0322 03:00:01.234163 22856470730560 main_interval.py:207] sampling -- ckpt: 26, round: 2
I0322 03:06:25.975013 22856470730560 main_interval.py:207] sampling -- ckpt: 26, round: 3
I0322 03:12:50.691699 22856470730560 main_interval.py:207] sampling -- ckpt: 26, round: 4
I0322 03:19:17.687232 22856470730560 main_interval.py:207] sampling -- ckpt: 26, round: 5
I0322 03:25:42.013373 22856470730560 main_interval.py:207] sampling -- ckpt: 26, round: 6
I0322 03:32:07.683944 22856470730560 main_interval.py:207] sampling -- ckpt: 26, round: 7
I0322 03:38:33.081305 22856470730560 main_interval.py:207] sampling -- ckpt: 26, round: 8
I0322 03:44:57.825413 22856470730560 main_interval.py:207] sampling -- ckpt: 26, round: 9
I0322 03:51:23.129694 22856470730560 main_interval.py:207] sampling -- ckpt: 26, round: 10
I0322 03:57:48.700821 22856470730560 main_interval.py:207] sampling -- ckpt: 26, round: 11
I0322 04:04:14.130359 22856470730560 main_interval.py:207] sampling -- ckpt: 26, round: 12
I0322 04:10:38.542677 22856470730560 main_interval.py:207] sampling -- ckpt: 26, round: 13
I0322 04:17:03.603953 22856470730560 main_interval.py:207] sampling -- ckpt: 26, round: 14
I0322 04:23:29.209703 22856470730560 main_interval.py:207] sampling -- ckpt: 26, round: 15
I0322 04:29:54.092134 22856470730560 main_interval.py:207] sampling -- ckpt: 26, round: 16
I0322 04:36:19.495972 22856470730560 main_interval.py:207] sampling -- ckpt: 26, round: 17
I0322 04:42:43.864076 22856470730560 main_interval.py:207] sampling -- ckpt: 26, round: 18
I0322 04:49:09.703073 22856470730560 main_interval.py:207] sampling -- ckpt: 26, round: 19
I0322 04:55:34.321108 22856470730560 main_interval.py:207] sampling -- ckpt: 26, round: 20
I0322 05:03:37.612488 22856470730560 main_interval.py:284] ckpt-26 --- inception_score: 9.546126e+00, FID: 4.797349e+00, KID: 1.890903e-03
I0322 05:03:37.736538 22856470730560 main_interval.py:153] /scratch/qingqu_root/qingqu1/shared_data/dpm_experiments/dpm_I0/checkpoints/checkpoint_31.pth
I0322 05:04:06.357498 22856470730560 main_interval.py:149] 1 is converged model
I0322 05:04:06.357653 22856470730560 main_interval.py:153] /scratch/qingqu_root/qingqu1/shared_data/dpm_experiments/dpm/checkpoints/checkpoint_40.pth
I0322 05:04:25.269588 22856470730560 main_interval.py:204] /scratch/qingqu_root/qingqu1/shared_data/dpm_experiments/interval0
I0322 05:04:25.269744 22856470730560 main_interval.py:207] sampling -- ckpt: 31, round: 0
I0322 05:10:51.449703 22856470730560 main_interval.py:207] sampling -- ckpt: 31, round: 1
I0322 05:17:16.001134 22856470730560 main_interval.py:207] sampling -- ckpt: 31, round: 2
I0322 05:23:40.965900 22856470730560 main_interval.py:207] sampling -- ckpt: 31, round: 3
I0322 05:30:05.182390 22856470730560 main_interval.py:207] sampling -- ckpt: 31, round: 4
I0322 05:36:30.405337 22856470730560 main_interval.py:207] sampling -- ckpt: 31, round: 5
I0322 05:42:56.381698 22856470730560 main_interval.py:207] sampling -- ckpt: 31, round: 6
I0322 05:49:20.784683 22856470730560 main_interval.py:207] sampling -- ckpt: 31, round: 7
I0322 05:55:44.468966 22856470730560 main_interval.py:207] sampling -- ckpt: 31, round: 8
I0322 06:02:09.056356 22856470730560 main_interval.py:207] sampling -- ckpt: 31, round: 9
I0322 06:08:32.322900 22856470730560 main_interval.py:207] sampling -- ckpt: 31, round: 10
I0322 06:14:56.970645 22856470730560 main_interval.py:207] sampling -- ckpt: 31, round: 11
I0322 06:21:23.226390 22856470730560 main_interval.py:207] sampling -- ckpt: 31, round: 12
I0322 06:27:48.347390 22856470730560 main_interval.py:207] sampling -- ckpt: 31, round: 13
I0322 06:34:12.656423 22856470730560 main_interval.py:207] sampling -- ckpt: 31, round: 14
I0322 06:40:38.165094 22856470730560 main_interval.py:207] sampling -- ckpt: 31, round: 15
I0322 06:47:03.398422 22856470730560 main_interval.py:207] sampling -- ckpt: 31, round: 16
I0322 06:53:27.191403 22856470730560 main_interval.py:207] sampling -- ckpt: 31, round: 17
I0322 06:59:51.645112 22856470730560 main_interval.py:207] sampling -- ckpt: 31, round: 18
I0322 07:06:15.077167 22856470730560 main_interval.py:207] sampling -- ckpt: 31, round: 19
I0322 07:12:40.274076 22856470730560 main_interval.py:207] sampling -- ckpt: 31, round: 20
I0322 07:20:48.895350 22856470730560 main_interval.py:284] ckpt-31 --- inception_score: 9.584856e+00, FID: 4.856592e+00, KID: 1.795579e-03
I0322 07:20:48.906486 22856470730560 main_interval.py:153] /scratch/qingqu_root/qingqu1/shared_data/dpm_experiments/dpm_I0/checkpoints/checkpoint_36.pth
I0322 07:21:07.768169 22856470730560 main_interval.py:149] 1 is converged model
I0322 07:21:07.768336 22856470730560 main_interval.py:153] /scratch/qingqu_root/qingqu1/shared_data/dpm_experiments/dpm/checkpoints/checkpoint_40.pth
I0322 07:21:28.204259 22856470730560 main_interval.py:204] /scratch/qingqu_root/qingqu1/shared_data/dpm_experiments/interval0
I0322 07:21:28.204416 22856470730560 main_interval.py:207] sampling -- ckpt: 36, round: 0
I0322 07:27:54.423266 22856470730560 main_interval.py:207] sampling -- ckpt: 36, round: 1
I0322 07:34:18.174553 22856470730560 main_interval.py:207] sampling -- ckpt: 36, round: 2
I0322 07:40:43.158972 22856470730560 main_interval.py:207] sampling -- ckpt: 36, round: 3
I0322 07:47:09.015736 22856470730560 main_interval.py:207] sampling -- ckpt: 36, round: 4
I0322 07:53:34.494004 22856470730560 main_interval.py:207] sampling -- ckpt: 36, round: 5
I0322 07:59:59.673529 22856470730560 main_interval.py:207] sampling -- ckpt: 36, round: 6
I0322 08:06:24.913302 22856470730560 main_interval.py:207] sampling -- ckpt: 36, round: 7
I0322 08:12:48.876985 22856470730560 main_interval.py:207] sampling -- ckpt: 36, round: 8
I0322 08:19:12.596623 22856470730560 main_interval.py:207] sampling -- ckpt: 36, round: 9
I0322 08:25:38.010924 22856470730560 main_interval.py:207] sampling -- ckpt: 36, round: 10
I0322 08:32:01.943193 22856470730560 main_interval.py:207] sampling -- ckpt: 36, round: 11
I0322 08:38:26.836685 22856470730560 main_interval.py:207] sampling -- ckpt: 36, round: 12
I0322 08:44:53.592811 22856470730560 main_interval.py:207] sampling -- ckpt: 36, round: 13
I0322 08:51:18.483106 22856470730560 main_interval.py:207] sampling -- ckpt: 36, round: 14
I0322 08:57:42.800379 22856470730560 main_interval.py:207] sampling -- ckpt: 36, round: 15
I0322 09:04:07.427740 22856470730560 main_interval.py:207] sampling -- ckpt: 36, round: 16
I0322 09:10:33.709952 22856470730560 main_interval.py:207] sampling -- ckpt: 36, round: 17
I0322 09:16:58.326481 22856470730560 main_interval.py:207] sampling -- ckpt: 36, round: 18
I0322 09:23:23.168160 22856470730560 main_interval.py:207] sampling -- ckpt: 36, round: 19
I0322 09:29:46.058687 22856470730560 main_interval.py:207] sampling -- ckpt: 36, round: 20
I0322 09:37:53.443138 22856470730560 main_interval.py:284] ckpt-36 --- inception_score: 9.525999e+00, FID: 5.012515e+00, KID: 1.905281e-03
