4
WARNING:tensorflow:From /home/yifulu/.conda/envs/dpm/lib/python3.9/site-packages/tensorflow_gan/python/estimator/tpu_gan_estimator.py:42: The name tf.estimator.tpu.TPUEstimator is deprecated. Please use tf.compat.v1.estimator.tpu.TPUEstimator instead.

I0327 16:14:40.400290 22987857774400 xla_bridge.py:355] Unable to initialize backend 'tpu_driver': NOT_FOUND: Unable to find driver in registry given worker: 
I0327 16:14:40.400516 22987857774400 xla_bridge.py:355] Unable to initialize backend 'cuda': module 'jaxlib.xla_extension' has no attribute 'GpuAllocatorConfig'
I0327 16:14:40.400580 22987857774400 xla_bridge.py:355] Unable to initialize backend 'rocm': module 'jaxlib.xla_extension' has no attribute 'GpuAllocatorConfig'
I0327 16:14:40.401065 22987857774400 xla_bridge.py:355] Unable to initialize backend 'tpu': INVALID_ARGUMENT: TpuPlatform is not available.
I0327 16:14:40.401157 22987857774400 xla_bridge.py:355] Unable to initialize backend 'plugin': xla_extension has no attributes named get_plugin_device_client. Compile TensorFlow with //tensorflow/compiler/xla/python:enable_plugin_device set to true (defaults to false) to enable this.
W0327 16:14:40.401222 22987857774400 xla_bridge.py:362] No GPU/TPU found, falling back to CPU. (Set TF_CPP_MIN_LOG_LEVEL=0 and rerun for more info.)
I0327 16:14:40.403777 22987857774400 dataset_info.py:358] Load dataset info from /home/yifulu/tensorflow_datasets/cifar10/3.0.2
W0327 16:14:40.411041 22987857774400 options.py:503] options.experimental_threading is deprecated. Use options.threading instead.
W0327 16:14:40.411128 22987857774400 options.py:503] options.experimental_threading is deprecated. Use options.threading instead.
I0327 16:14:40.411243 22987857774400 dataset_builder.py:351] Reusing dataset cifar10 (/home/yifulu/tensorflow_datasets/cifar10/3.0.2)
I0327 16:14:40.411323 22987857774400 logging_logger.py:35] Constructing tf.data.Dataset cifar10 for split train, from /home/yifulu/tensorflow_datasets/cifar10/3.0.2
W0327 16:14:40.560721 22987857774400 options.py:503] options.experimental_threading is deprecated. Use options.threading instead.
W0327 16:14:40.560891 22987857774400 options.py:503] options.experimental_threading is deprecated. Use options.threading instead.
I0327 16:14:40.561001 22987857774400 dataset_builder.py:351] Reusing dataset cifar10 (/home/yifulu/tensorflow_datasets/cifar10/3.0.2)
I0327 16:14:40.561069 22987857774400 logging_logger.py:35] Constructing tf.data.Dataset cifar10 for split test, from /home/yifulu/tensorflow_datasets/cifar10/3.0.2
I0327 16:14:40.593028 22987857774400 main_interval.py:80] (0.259,)
I0327 16:14:43.190732 22987857774400 dataset_info.py:358] Load dataset info from /home/yifulu/tensorflow_datasets/cifar10/3.0.2
W0327 16:14:43.192847 22987857774400 options.py:503] options.experimental_threading is deprecated. Use options.threading instead.
W0327 16:14:43.192950 22987857774400 options.py:503] options.experimental_threading is deprecated. Use options.threading instead.
I0327 16:14:43.193048 22987857774400 dataset_builder.py:351] Reusing dataset cifar10 (/home/yifulu/tensorflow_datasets/cifar10/3.0.2)
I0327 16:14:43.193119 22987857774400 logging_logger.py:35] Constructing tf.data.Dataset cifar10 for split train, from /home/yifulu/tensorflow_datasets/cifar10/3.0.2
W0327 16:14:43.233376 22987857774400 options.py:503] options.experimental_threading is deprecated. Use options.threading instead.
W0327 16:14:43.233540 22987857774400 options.py:503] options.experimental_threading is deprecated. Use options.threading instead.
I0327 16:14:43.233644 22987857774400 dataset_builder.py:351] Reusing dataset cifar10 (/home/yifulu/tensorflow_datasets/cifar10/3.0.2)
I0327 16:14:43.233708 22987857774400 logging_logger.py:35] Constructing tf.data.Dataset cifar10 for split test, from /home/yifulu/tensorflow_datasets/cifar10/3.0.2
I0327 16:14:43.267962 22987857774400 sampling.py:98] dpm_solver
I0327 16:14:43.268297 22987857774400 resolver.py:105] Using /tmp/tfhub_modules to cache modules.
I0327 16:14:45.579651 22987857774400 main_interval.py:147] begin checkpoint: 1
I0327 16:14:45.579822 22987857774400 main_interval.py:155] /scratch/qingqu_root/qingqu1/shared_data/dpm_experiments/dpm_I0_x0/checkpoints/checkpoint_1.pth
I0327 16:15:25.687523 22987857774400 main_interval.py:151] 1 is converged model
I0327 16:15:25.688986 22987857774400 main_interval.py:155] /scratch/qingqu_root/qingqu1/shared_data/dpm_experiments/dpm/checkpoints/checkpoint_40.pth
I0327 16:16:02.654886 22987857774400 main_interval.py:206] /scratch/qingqu_root/qingqu1/shared_data/dpm_experiments/interval0_x0
I0327 16:16:02.655070 22987857774400 main_interval.py:209] sampling -- ckpt: 1, round: 0
/home/yifulu/.conda/envs/dpm/lib/python3.9/site-packages/tensorflow/python/util/nest.py:869: UserWarning: `tf.layers.flatten` is deprecated and will be removed in a future version. Please use `tf.keras.layers.Flatten` instead.
  structure[0], [func(*x) for x in entries],
/home/yifulu/.conda/envs/dpm/lib/python3.9/site-packages/keras/legacy_tf_layers/core.py:523: UserWarning: `layer.apply` is deprecated and will be removed in a future version. Please use `layer.__call__` method instead.
  return layer.apply(inputs)
/home/yifulu/.conda/envs/dpm/lib/python3.9/site-packages/keras/legacy_tf_layers/base.py:573: UserWarning: `layer.updates` will be removed in a future version. This property should not be used in TensorFlow 2.0, as `updates` are applied automatically.
  _add_elements_to_collection(self.updates, tf.compat.v1.GraphKeys.UPDATE_OPS)
I0327 16:22:27.894429 22987857774400 main_interval.py:209] sampling -- ckpt: 1, round: 1
I0327 16:28:47.878230 22987857774400 main_interval.py:209] sampling -- ckpt: 1, round: 2
I0327 16:35:09.029146 22987857774400 main_interval.py:209] sampling -- ckpt: 1, round: 3
I0327 16:41:28.770528 22987857774400 main_interval.py:209] sampling -- ckpt: 1, round: 4
I0327 16:47:54.667626 22987857774400 main_interval.py:209] sampling -- ckpt: 1, round: 5
I0327 16:54:20.617704 22987857774400 main_interval.py:209] sampling -- ckpt: 1, round: 6
I0327 17:00:43.809885 22987857774400 main_interval.py:209] sampling -- ckpt: 1, round: 7
I0327 17:07:06.853955 22987857774400 main_interval.py:209] sampling -- ckpt: 1, round: 8
I0327 17:13:29.262646 22987857774400 main_interval.py:209] sampling -- ckpt: 1, round: 9
I0327 17:19:51.692544 22987857774400 main_interval.py:209] sampling -- ckpt: 1, round: 10
I0327 17:26:13.716715 22987857774400 main_interval.py:209] sampling -- ckpt: 1, round: 11
I0327 17:32:35.341268 22987857774400 main_interval.py:209] sampling -- ckpt: 1, round: 12
I0327 17:38:57.285740 22987857774400 main_interval.py:209] sampling -- ckpt: 1, round: 13
I0327 17:45:17.938542 22987857774400 main_interval.py:209] sampling -- ckpt: 1, round: 14
I0327 17:51:39.093452 22987857774400 main_interval.py:209] sampling -- ckpt: 1, round: 15
I0327 17:58:00.875940 22987857774400 main_interval.py:209] sampling -- ckpt: 1, round: 16
I0327 18:04:23.278904 22987857774400 main_interval.py:209] sampling -- ckpt: 1, round: 17
I0327 18:10:44.858289 22987857774400 main_interval.py:209] sampling -- ckpt: 1, round: 18
I0327 18:17:05.648602 22987857774400 main_interval.py:209] sampling -- ckpt: 1, round: 19
I0327 18:23:26.101612 22987857774400 main_interval.py:209] sampling -- ckpt: 1, round: 20
WARNING:tensorflow:From /home/yifulu/.conda/envs/dpm/lib/python3.9/site-packages/tensorflow_gan/python/eval/classifier_metrics.py:1157: calling map_fn_v2 (from tensorflow.python.ops.map_fn) with back_prop=False is deprecated and will be removed in a future version.
Instructions for updating:
back_prop=False is deprecated. Consider using tf.stop_gradient instead.
Instead of:
results = tf.map_fn(fn, elems, back_prop=False)
Use:
results = tf.nest.map_structure(tf.stop_gradient, tf.map_fn(fn, elems))
W0327 18:31:40.960759 22987857774400 deprecation.py:614] From /home/yifulu/.conda/envs/dpm/lib/python3.9/site-packages/tensorflow_gan/python/eval/classifier_metrics.py:1157: calling map_fn_v2 (from tensorflow.python.ops.map_fn) with back_prop=False is deprecated and will be removed in a future version.
Instructions for updating:
back_prop=False is deprecated. Consider using tf.stop_gradient instead.
Instead of:
results = tf.map_fn(fn, elems, back_prop=False)
Use:
results = tf.nest.map_structure(tf.stop_gradient, tf.map_fn(fn, elems))
I0327 18:31:51.774938 22987857774400 main_interval.py:286] ckpt-1 --- inception_score: 7.896611e+00, FID: 1.642912e+01, KID: 1.128041e-02
I0327 18:31:51.791250 22987857774400 main_interval.py:155] /scratch/qingqu_root/qingqu1/shared_data/dpm_experiments/dpm_I0_x0/checkpoints/checkpoint_6.pth
I0327 18:32:41.500260 22987857774400 main_interval.py:151] 1 is converged model
I0327 18:32:41.500433 22987857774400 main_interval.py:155] /scratch/qingqu_root/qingqu1/shared_data/dpm_experiments/dpm/checkpoints/checkpoint_40.pth
I0327 18:33:12.127515 22987857774400 main_interval.py:206] /scratch/qingqu_root/qingqu1/shared_data/dpm_experiments/interval0_x0
I0327 18:33:12.127667 22987857774400 main_interval.py:209] sampling -- ckpt: 6, round: 0
I0327 18:39:34.215645 22987857774400 main_interval.py:209] sampling -- ckpt: 6, round: 1
I0327 18:45:51.870943 22987857774400 main_interval.py:209] sampling -- ckpt: 6, round: 2
I0327 18:52:09.509875 22987857774400 main_interval.py:209] sampling -- ckpt: 6, round: 3
I0327 18:58:31.055510 22987857774400 main_interval.py:209] sampling -- ckpt: 6, round: 4
I0327 19:04:52.121773 22987857774400 main_interval.py:209] sampling -- ckpt: 6, round: 5
I0327 19:11:14.304805 22987857774400 main_interval.py:209] sampling -- ckpt: 6, round: 6
I0327 19:17:35.198306 22987857774400 main_interval.py:209] sampling -- ckpt: 6, round: 7
I0327 19:23:57.872011 22987857774400 main_interval.py:209] sampling -- ckpt: 6, round: 8
I0327 19:30:21.110534 22987857774400 main_interval.py:209] sampling -- ckpt: 6, round: 9
I0327 19:36:41.802310 22987857774400 main_interval.py:209] sampling -- ckpt: 6, round: 10
I0327 19:43:04.768186 22987857774400 main_interval.py:209] sampling -- ckpt: 6, round: 11
I0327 19:49:27.722731 22987857774400 main_interval.py:209] sampling -- ckpt: 6, round: 12
I0327 19:55:50.326601 22987857774400 main_interval.py:209] sampling -- ckpt: 6, round: 13
I0327 20:02:12.460645 22987857774400 main_interval.py:209] sampling -- ckpt: 6, round: 14
I0327 20:08:35.888351 22987857774400 main_interval.py:209] sampling -- ckpt: 6, round: 15
I0327 20:14:58.400886 22987857774400 main_interval.py:209] sampling -- ckpt: 6, round: 16
I0327 20:21:20.160953 22987857774400 main_interval.py:209] sampling -- ckpt: 6, round: 17
I0327 20:27:42.444861 22987857774400 main_interval.py:209] sampling -- ckpt: 6, round: 18
I0327 20:34:05.885079 22987857774400 main_interval.py:209] sampling -- ckpt: 6, round: 19
I0327 20:40:30.215628 22987857774400 main_interval.py:209] sampling -- ckpt: 6, round: 20
I0327 20:48:17.118867 22987857774400 main_interval.py:286] ckpt-6 --- inception_score: 9.081348e+00, FID: 8.330111e+00, KID: 4.927234e-03
I0327 20:48:17.123937 22987857774400 main_interval.py:155] /scratch/qingqu_root/qingqu1/shared_data/dpm_experiments/dpm_I0_x0/checkpoints/checkpoint_11.pth
I0327 20:48:28.258943 22987857774400 main_interval.py:151] 1 is converged model
I0327 20:48:28.259099 22987857774400 main_interval.py:155] /scratch/qingqu_root/qingqu1/shared_data/dpm_experiments/dpm/checkpoints/checkpoint_40.pth
I0327 20:48:38.561812 22987857774400 main_interval.py:206] /scratch/qingqu_root/qingqu1/shared_data/dpm_experiments/interval0_x0
I0327 20:48:38.561959 22987857774400 main_interval.py:209] sampling -- ckpt: 11, round: 0
I0327 20:55:03.155669 22987857774400 main_interval.py:209] sampling -- ckpt: 11, round: 1
I0327 21:01:25.049086 22987857774400 main_interval.py:209] sampling -- ckpt: 11, round: 2
I0327 21:07:47.316793 22987857774400 main_interval.py:209] sampling -- ckpt: 11, round: 3
I0327 21:14:10.853585 22987857774400 main_interval.py:209] sampling -- ckpt: 11, round: 4
I0327 21:20:33.699162 22987857774400 main_interval.py:209] sampling -- ckpt: 11, round: 5
I0327 21:26:56.502360 22987857774400 main_interval.py:209] sampling -- ckpt: 11, round: 6
I0327 21:33:20.194721 22987857774400 main_interval.py:209] sampling -- ckpt: 11, round: 7
I0327 21:39:43.672143 22987857774400 main_interval.py:209] sampling -- ckpt: 11, round: 8
I0327 21:46:05.899078 22987857774400 main_interval.py:209] sampling -- ckpt: 11, round: 9
I0327 21:52:28.032556 22987857774400 main_interval.py:209] sampling -- ckpt: 11, round: 10
I0327 21:58:51.381285 22987857774400 main_interval.py:209] sampling -- ckpt: 11, round: 11
I0327 22:05:13.825404 22987857774400 main_interval.py:209] sampling -- ckpt: 11, round: 12
I0327 22:11:37.267390 22987857774400 main_interval.py:209] sampling -- ckpt: 11, round: 13
I0327 22:18:00.140903 22987857774400 main_interval.py:209] sampling -- ckpt: 11, round: 14
I0327 22:24:23.283890 22987857774400 main_interval.py:209] sampling -- ckpt: 11, round: 15
I0327 22:30:46.223518 22987857774400 main_interval.py:209] sampling -- ckpt: 11, round: 16
I0327 22:37:09.256030 22987857774400 main_interval.py:209] sampling -- ckpt: 11, round: 17
I0327 22:43:31.265818 22987857774400 main_interval.py:209] sampling -- ckpt: 11, round: 18
I0327 22:49:54.975382 22987857774400 main_interval.py:209] sampling -- ckpt: 11, round: 19
I0327 22:56:17.413819 22987857774400 main_interval.py:209] sampling -- ckpt: 11, round: 20
I0327 23:04:10.807928 22987857774400 main_interval.py:286] ckpt-11 --- inception_score: 9.188841e+00, FID: 7.776932e+00, KID: 4.457807e-03
I0327 23:04:10.895366 22987857774400 main_interval.py:155] /scratch/qingqu_root/qingqu1/shared_data/dpm_experiments/dpm_I0_x0/checkpoints/checkpoint_16.pth
I0327 23:04:23.241162 22987857774400 main_interval.py:151] 1 is converged model
I0327 23:04:23.242327 22987857774400 main_interval.py:155] /scratch/qingqu_root/qingqu1/shared_data/dpm_experiments/dpm/checkpoints/checkpoint_40.pth
I0327 23:04:35.587688 22987857774400 main_interval.py:206] /scratch/qingqu_root/qingqu1/shared_data/dpm_experiments/interval0_x0
I0327 23:04:35.588827 22987857774400 main_interval.py:209] sampling -- ckpt: 16, round: 0
I0327 23:11:00.126334 22987857774400 main_interval.py:209] sampling -- ckpt: 16, round: 1
I0327 23:17:22.341151 22987857774400 main_interval.py:209] sampling -- ckpt: 16, round: 2
I0327 23:23:44.171994 22987857774400 main_interval.py:209] sampling -- ckpt: 16, round: 3
I0327 23:30:06.338831 22987857774400 main_interval.py:209] sampling -- ckpt: 16, round: 4
I0327 23:36:30.024443 22987857774400 main_interval.py:209] sampling -- ckpt: 16, round: 5
I0327 23:42:53.961550 22987857774400 main_interval.py:209] sampling -- ckpt: 16, round: 6
I0327 23:49:15.892981 22987857774400 main_interval.py:209] sampling -- ckpt: 16, round: 7
I0327 23:55:37.219267 22987857774400 main_interval.py:209] sampling -- ckpt: 16, round: 8
I0328 00:01:59.636126 22987857774400 main_interval.py:209] sampling -- ckpt: 16, round: 9
I0328 00:08:22.571303 22987857774400 main_interval.py:209] sampling -- ckpt: 16, round: 10
I0328 00:14:42.804019 22987857774400 main_interval.py:209] sampling -- ckpt: 16, round: 11
I0328 00:21:06.924741 22987857774400 main_interval.py:209] sampling -- ckpt: 16, round: 12
I0328 00:27:29.447970 22987857774400 main_interval.py:209] sampling -- ckpt: 16, round: 13
I0328 00:33:52.002235 22987857774400 main_interval.py:209] sampling -- ckpt: 16, round: 14
I0328 00:40:13.464259 22987857774400 main_interval.py:209] sampling -- ckpt: 16, round: 15
I0328 00:46:34.818788 22987857774400 main_interval.py:209] sampling -- ckpt: 16, round: 16
I0328 00:52:58.423146 22987857774400 main_interval.py:209] sampling -- ckpt: 16, round: 17
I0328 00:59:22.725011 22987857774400 main_interval.py:209] sampling -- ckpt: 16, round: 18
I0328 01:05:44.649196 22987857774400 main_interval.py:209] sampling -- ckpt: 16, round: 19
I0328 01:12:08.670083 22987857774400 main_interval.py:209] sampling -- ckpt: 16, round: 20
I0328 01:20:02.901319 22987857774400 main_interval.py:286] ckpt-16 --- inception_score: 9.168279e+00, FID: 7.771752e+00, KID: 4.369687e-03
I0328 01:20:02.905662 22987857774400 main_interval.py:155] /scratch/qingqu_root/qingqu1/shared_data/dpm_experiments/dpm_I0_x0/checkpoints/checkpoint_21.pth
I0328 01:20:12.056797 22987857774400 main_interval.py:151] 1 is converged model
I0328 01:20:12.069800 22987857774400 main_interval.py:155] /scratch/qingqu_root/qingqu1/shared_data/dpm_experiments/dpm/checkpoints/checkpoint_40.pth
I0328 01:20:21.689790 22987857774400 main_interval.py:206] /scratch/qingqu_root/qingqu1/shared_data/dpm_experiments/interval0_x0
I0328 01:20:21.689964 22987857774400 main_interval.py:209] sampling -- ckpt: 21, round: 0
I0328 01:26:46.095574 22987857774400 main_interval.py:209] sampling -- ckpt: 21, round: 1
I0328 01:33:09.198326 22987857774400 main_interval.py:209] sampling -- ckpt: 21, round: 2
I0328 01:39:32.434130 22987857774400 main_interval.py:209] sampling -- ckpt: 21, round: 3
I0328 01:45:55.885600 22987857774400 main_interval.py:209] sampling -- ckpt: 21, round: 4
I0328 01:52:18.196799 22987857774400 main_interval.py:209] sampling -- ckpt: 21, round: 5
I0328 01:58:41.989307 22987857774400 main_interval.py:209] sampling -- ckpt: 21, round: 6
I0328 02:05:05.529459 22987857774400 main_interval.py:209] sampling -- ckpt: 21, round: 7
I0328 02:11:28.910599 22987857774400 main_interval.py:209] sampling -- ckpt: 21, round: 8
I0328 02:17:53.559422 22987857774400 main_interval.py:209] sampling -- ckpt: 21, round: 9
I0328 02:24:16.030989 22987857774400 main_interval.py:209] sampling -- ckpt: 21, round: 10
I0328 02:30:38.294774 22987857774400 main_interval.py:209] sampling -- ckpt: 21, round: 11
I0328 02:37:02.363875 22987857774400 main_interval.py:209] sampling -- ckpt: 21, round: 12
I0328 02:43:25.656326 22987857774400 main_interval.py:209] sampling -- ckpt: 21, round: 13
I0328 02:49:49.076746 22987857774400 main_interval.py:209] sampling -- ckpt: 21, round: 14
I0328 02:56:12.726465 22987857774400 main_interval.py:209] sampling -- ckpt: 21, round: 15
I0328 03:02:35.604834 22987857774400 main_interval.py:209] sampling -- ckpt: 21, round: 16
I0328 03:08:58.882169 22987857774400 main_interval.py:209] sampling -- ckpt: 21, round: 17
I0328 03:15:22.676476 22987857774400 main_interval.py:209] sampling -- ckpt: 21, round: 18
I0328 03:21:46.451657 22987857774400 main_interval.py:209] sampling -- ckpt: 21, round: 19
I0328 03:28:11.267765 22987857774400 main_interval.py:209] sampling -- ckpt: 21, round: 20
I0328 03:36:03.533865 22987857774400 main_interval.py:286] ckpt-21 --- inception_score: 9.048656e+00, FID: 7.903886e+00, KID: 4.414797e-03
I0328 03:36:03.538847 22987857774400 main_interval.py:155] /scratch/qingqu_root/qingqu1/shared_data/dpm_experiments/dpm_I0_x0/checkpoints/checkpoint_26.pth
I0328 03:36:11.421790 22987857774400 main_interval.py:151] 1 is converged model
I0328 03:36:11.421945 22987857774400 main_interval.py:155] /scratch/qingqu_root/qingqu1/shared_data/dpm_experiments/dpm/checkpoints/checkpoint_40.pth
I0328 03:36:18.548743 22987857774400 main_interval.py:206] /scratch/qingqu_root/qingqu1/shared_data/dpm_experiments/interval0_x0
I0328 03:36:18.548895 22987857774400 main_interval.py:209] sampling -- ckpt: 26, round: 0
I0328 03:42:42.603992 22987857774400 main_interval.py:209] sampling -- ckpt: 26, round: 1
I0328 03:49:07.236477 22987857774400 main_interval.py:209] sampling -- ckpt: 26, round: 2
I0328 03:55:29.871336 22987857774400 main_interval.py:209] sampling -- ckpt: 26, round: 3
I0328 04:01:53.731595 22987857774400 main_interval.py:209] sampling -- ckpt: 26, round: 4
I0328 04:08:16.991564 22987857774400 main_interval.py:209] sampling -- ckpt: 26, round: 5
I0328 04:14:40.353477 22987857774400 main_interval.py:209] sampling -- ckpt: 26, round: 6
I0328 04:21:03.257405 22987857774400 main_interval.py:209] sampling -- ckpt: 26, round: 7
I0328 04:27:26.585490 22987857774400 main_interval.py:209] sampling -- ckpt: 26, round: 8
I0328 04:33:49.473601 22987857774400 main_interval.py:209] sampling -- ckpt: 26, round: 9
I0328 04:40:13.443277 22987857774400 main_interval.py:209] sampling -- ckpt: 26, round: 10
I0328 04:46:36.937848 22987857774400 main_interval.py:209] sampling -- ckpt: 26, round: 11
I0328 04:52:59.781966 22987857774400 main_interval.py:209] sampling -- ckpt: 26, round: 12
I0328 04:59:23.086243 22987857774400 main_interval.py:209] sampling -- ckpt: 26, round: 13
I0328 05:05:46.150694 22987857774400 main_interval.py:209] sampling -- ckpt: 26, round: 14
I0328 05:12:08.968755 22987857774400 main_interval.py:209] sampling -- ckpt: 26, round: 15
I0328 05:18:32.325197 22987857774400 main_interval.py:209] sampling -- ckpt: 26, round: 16
I0328 05:24:56.956539 22987857774400 main_interval.py:209] sampling -- ckpt: 26, round: 17
I0328 05:31:18.936368 22987857774400 main_interval.py:209] sampling -- ckpt: 26, round: 18
I0328 05:37:43.630997 22987857774400 main_interval.py:209] sampling -- ckpt: 26, round: 19
I0328 05:44:06.667912 22987857774400 main_interval.py:209] sampling -- ckpt: 26, round: 20
I0328 05:51:56.833141 22987857774400 main_interval.py:286] ckpt-26 --- inception_score: 8.961015e+00, FID: 8.275729e+00, KID: 4.581692e-03
I0328 05:51:56.855294 22987857774400 main_interval.py:155] /scratch/qingqu_root/qingqu1/shared_data/dpm_experiments/dpm_I0_x0/checkpoints/checkpoint_31.pth
I0328 05:52:03.825402 22987857774400 main_interval.py:151] 1 is converged model
I0328 05:52:03.825558 22987857774400 main_interval.py:155] /scratch/qingqu_root/qingqu1/shared_data/dpm_experiments/dpm/checkpoints/checkpoint_40.pth
I0328 05:52:10.590024 22987857774400 main_interval.py:206] /scratch/qingqu_root/qingqu1/shared_data/dpm_experiments/interval0_x0
I0328 05:52:10.590178 22987857774400 main_interval.py:209] sampling -- ckpt: 31, round: 0
I0328 05:58:34.870463 22987857774400 main_interval.py:209] sampling -- ckpt: 31, round: 1
I0328 06:04:57.950217 22987857774400 main_interval.py:209] sampling -- ckpt: 31, round: 2
I0328 06:11:20.946484 22987857774400 main_interval.py:209] sampling -- ckpt: 31, round: 3
I0328 06:17:43.339532 22987857774400 main_interval.py:209] sampling -- ckpt: 31, round: 4
I0328 06:24:07.280712 22987857774400 main_interval.py:209] sampling -- ckpt: 31, round: 5
I0328 06:30:30.562083 22987857774400 main_interval.py:209] sampling -- ckpt: 31, round: 6
I0328 06:36:54.158599 22987857774400 main_interval.py:209] sampling -- ckpt: 31, round: 7
I0328 06:43:16.020060 22987857774400 main_interval.py:209] sampling -- ckpt: 31, round: 8
I0328 06:49:37.838161 22987857774400 main_interval.py:209] sampling -- ckpt: 31, round: 9
I0328 06:56:00.295093 22987857774400 main_interval.py:209] sampling -- ckpt: 31, round: 10
I0328 07:02:22.802480 22987857774400 main_interval.py:209] sampling -- ckpt: 31, round: 11
I0328 07:08:44.182727 22987857774400 main_interval.py:209] sampling -- ckpt: 31, round: 12
I0328 07:15:06.967530 22987857774400 main_interval.py:209] sampling -- ckpt: 31, round: 13
I0328 07:21:29.049114 22987857774400 main_interval.py:209] sampling -- ckpt: 31, round: 14
I0328 07:27:52.001746 22987857774400 main_interval.py:209] sampling -- ckpt: 31, round: 15
I0328 07:34:14.164086 22987857774400 main_interval.py:209] sampling -- ckpt: 31, round: 16
I0328 07:40:37.631732 22987857774400 main_interval.py:209] sampling -- ckpt: 31, round: 17
I0328 07:47:00.836872 22987857774400 main_interval.py:209] sampling -- ckpt: 31, round: 18
I0328 07:53:24.990356 22987857774400 main_interval.py:209] sampling -- ckpt: 31, round: 19
I0328 07:59:47.752242 22987857774400 main_interval.py:209] sampling -- ckpt: 31, round: 20
I0328 08:07:37.020100 22987857774400 main_interval.py:286] ckpt-31 --- inception_score: 8.944189e+00, FID: 8.633033e+00, KID: 4.829353e-03
I0328 08:07:37.026438 22987857774400 main_interval.py:155] /scratch/qingqu_root/qingqu1/shared_data/dpm_experiments/dpm_I0_x0/checkpoints/checkpoint_36.pth
I0328 08:07:44.943051 22987857774400 main_interval.py:151] 1 is converged model
I0328 08:07:44.943206 22987857774400 main_interval.py:155] /scratch/qingqu_root/qingqu1/shared_data/dpm_experiments/dpm/checkpoints/checkpoint_40.pth
I0328 08:07:51.989378 22987857774400 main_interval.py:206] /scratch/qingqu_root/qingqu1/shared_data/dpm_experiments/interval0_x0
I0328 08:07:51.989526 22987857774400 main_interval.py:209] sampling -- ckpt: 36, round: 0
I0328 08:14:14.478839 22987857774400 main_interval.py:209] sampling -- ckpt: 36, round: 1
I0328 08:20:37.654100 22987857774400 main_interval.py:209] sampling -- ckpt: 36, round: 2
I0328 08:26:59.720680 22987857774400 main_interval.py:209] sampling -- ckpt: 36, round: 3
I0328 08:33:21.269896 22987857774400 main_interval.py:209] sampling -- ckpt: 36, round: 4
I0328 08:39:42.555288 22987857774400 main_interval.py:209] sampling -- ckpt: 36, round: 5
I0328 08:46:04.867605 22987857774400 main_interval.py:209] sampling -- ckpt: 36, round: 6
I0328 08:52:24.616961 22987857774400 main_interval.py:209] sampling -- ckpt: 36, round: 7
I0328 08:58:46.150255 22987857774400 main_interval.py:209] sampling -- ckpt: 36, round: 8
I0328 09:05:06.901309 22987857774400 main_interval.py:209] sampling -- ckpt: 36, round: 9
I0328 09:11:29.624824 22987857774400 main_interval.py:209] sampling -- ckpt: 36, round: 10
I0328 09:17:50.803401 22987857774400 main_interval.py:209] sampling -- ckpt: 36, round: 11
I0328 09:24:13.295263 22987857774400 main_interval.py:209] sampling -- ckpt: 36, round: 12
I0328 09:30:36.013359 22987857774400 main_interval.py:209] sampling -- ckpt: 36, round: 13
I0328 09:36:57.625043 22987857774400 main_interval.py:209] sampling -- ckpt: 36, round: 14
I0328 09:43:19.403229 22987857774400 main_interval.py:209] sampling -- ckpt: 36, round: 15
I0328 09:49:42.144562 22987857774400 main_interval.py:209] sampling -- ckpt: 36, round: 16
I0328 09:56:03.082850 22987857774400 main_interval.py:209] sampling -- ckpt: 36, round: 17
I0328 10:02:25.182497 22987857774400 main_interval.py:209] sampling -- ckpt: 36, round: 18
I0328 10:08:47.097624 22987857774400 main_interval.py:209] sampling -- ckpt: 36, round: 19
I0328 10:15:09.887638 22987857774400 main_interval.py:209] sampling -- ckpt: 36, round: 20
I0328 10:23:00.005640 22987857774400 main_interval.py:286] ckpt-36 --- inception_score: 8.857070e+00, FID: 8.996189e+00, KID: 5.087213e-03
