4
WARNING:tensorflow:From /home/yifulu/.conda/envs/dpm/lib/python3.9/site-packages/tensorflow_gan/python/estimator/tpu_gan_estimator.py:42: The name tf.estimator.tpu.TPUEstimator is deprecated. Please use tf.compat.v1.estimator.tpu.TPUEstimator instead.

I0322 19:25:29.712448 23322770745152 xla_bridge.py:355] Unable to initialize backend 'tpu_driver': NOT_FOUND: Unable to find driver in registry given worker: 
I0322 19:25:29.712695 23322770745152 xla_bridge.py:355] Unable to initialize backend 'cuda': module 'jaxlib.xla_extension' has no attribute 'GpuAllocatorConfig'
I0322 19:25:29.712762 23322770745152 xla_bridge.py:355] Unable to initialize backend 'rocm': module 'jaxlib.xla_extension' has no attribute 'GpuAllocatorConfig'
I0322 19:25:29.713341 23322770745152 xla_bridge.py:355] Unable to initialize backend 'tpu': INVALID_ARGUMENT: TpuPlatform is not available.
I0322 19:25:29.713450 23322770745152 xla_bridge.py:355] Unable to initialize backend 'plugin': xla_extension has no attributes named get_plugin_device_client. Compile TensorFlow with //tensorflow/compiler/xla/python:enable_plugin_device set to true (defaults to false) to enable this.
W0322 19:25:29.713520 23322770745152 xla_bridge.py:362] No GPU/TPU found, falling back to CPU. (Set TF_CPP_MIN_LOG_LEVEL=0 and rerun for more info.)
I0322 19:25:29.714675 23322770745152 dataset_info.py:358] Load dataset info from /home/yifulu/tensorflow_datasets/cifar10/3.0.2
W0322 19:25:29.717145 23322770745152 options.py:503] options.experimental_threading is deprecated. Use options.threading instead.
W0322 19:25:29.717258 23322770745152 options.py:503] options.experimental_threading is deprecated. Use options.threading instead.
I0322 19:25:29.717360 23322770745152 dataset_builder.py:351] Reusing dataset cifar10 (/home/yifulu/tensorflow_datasets/cifar10/3.0.2)
I0322 19:25:29.717436 23322770745152 logging_logger.py:35] Constructing tf.data.Dataset cifar10 for split train, from /home/yifulu/tensorflow_datasets/cifar10/3.0.2
W0322 19:25:29.977555 23322770745152 options.py:503] options.experimental_threading is deprecated. Use options.threading instead.
W0322 19:25:29.977703 23322770745152 options.py:503] options.experimental_threading is deprecated. Use options.threading instead.
I0322 19:25:29.977810 23322770745152 dataset_builder.py:351] Reusing dataset cifar10 (/home/yifulu/tensorflow_datasets/cifar10/3.0.2)
I0322 19:25:29.977879 23322770745152 logging_logger.py:35] Constructing tf.data.Dataset cifar10 for split test, from /home/yifulu/tensorflow_datasets/cifar10/3.0.2
I0322 19:25:30.009866 23322770745152 main_interval.py:79] (0.676,)
Traceback (most recent call last):
  File "/gpfs/accounts/qingqu_root/qingqu1/yifulu/dpm-solver/example_v2/score_sde_pytorch/main_interval.py", line 302, in <module>
    app.run(main)
  File "/home/yifulu/.conda/envs/dpm/lib/python3.9/site-packages/absl/app.py", line 300, in run
    _run_main(main, args)
  File "/home/yifulu/.conda/envs/dpm/lib/python3.9/site-packages/absl/app.py", line 251, in _run_main
    sys.exit(main(argv))
  File "/gpfs/accounts/qingqu_root/qingqu1/yifulu/dpm-solver/example_v2/score_sde_pytorch/main_interval.py", line 299, in main
    evaluate(FLAGS.config, FLAGS.workdir,FLAGS.m1,FLAGS.m2,FLAGS.m3, FLAGS.eval_folder)
  File "/gpfs/accounts/qingqu_root/qingqu1/yifulu/dpm-solver/example_v2/score_sde_pytorch/main_interval.py", line 82, in evaluate
    s = mutils.create_model(config)
  File "/gpfs/accounts/qingqu_root/qingqu1/yifulu/dpm-solver/example_v2/score_sde_pytorch/models/utils.py", line 92, in create_model
    score_model = score_model.to(config.device)
  File "/home/yifulu/.conda/envs/dpm/lib/python3.9/site-packages/torch/nn/modules/module.py", line 989, in to
    return self._apply(convert)
  File "/home/yifulu/.conda/envs/dpm/lib/python3.9/site-packages/torch/nn/modules/module.py", line 641, in _apply
    module._apply(fn)
  File "/home/yifulu/.conda/envs/dpm/lib/python3.9/site-packages/torch/nn/modules/module.py", line 641, in _apply
    module._apply(fn)
  File "/home/yifulu/.conda/envs/dpm/lib/python3.9/site-packages/torch/nn/modules/module.py", line 664, in _apply
    param_applied = fn(param)
  File "/home/yifulu/.conda/envs/dpm/lib/python3.9/site-packages/torch/nn/modules/module.py", line 987, in convert
    return t.to(device, dtype if t.is_floating_point() or t.is_complex() else None, non_blocking)
RuntimeError: CUDA error: uncorrectable ECC error encountered
CUDA kernel errors might be asynchronously reported at some other API call,so the stacktrace below might be incorrect.
For debugging consider passing CUDA_LAUNCH_BLOCKING=1.
