4
WARNING:tensorflow:From /home/yifulu/.conda/envs/dpm/lib/python3.9/site-packages/tensorflow_gan/python/estimator/tpu_gan_estimator.py:42: The name tf.estimator.tpu.TPUEstimator is deprecated. Please use tf.compat.v1.estimator.tpu.TPUEstimator instead.

I0403 22:45:27.463092 22692905125696 xla_bridge.py:355] Unable to initialize backend 'tpu_driver': NOT_FOUND: Unable to find driver in registry given worker: 
I0403 22:45:27.463360 22692905125696 xla_bridge.py:355] Unable to initialize backend 'cuda': module 'jaxlib.xla_extension' has no attribute 'GpuAllocatorConfig'
I0403 22:45:27.463425 22692905125696 xla_bridge.py:355] Unable to initialize backend 'rocm': module 'jaxlib.xla_extension' has no attribute 'GpuAllocatorConfig'
I0403 22:45:27.465446 22692905125696 xla_bridge.py:355] Unable to initialize backend 'tpu': INVALID_ARGUMENT: TpuPlatform is not available.
I0403 22:45:27.465554 22692905125696 xla_bridge.py:355] Unable to initialize backend 'plugin': xla_extension has no attributes named get_plugin_device_client. Compile TensorFlow with //tensorflow/compiler/xla/python:enable_plugin_device set to true (defaults to false) to enable this.
W0403 22:45:27.465620 22692905125696 xla_bridge.py:362] No GPU/TPU found, falling back to CPU. (Set TF_CPP_MIN_LOG_LEVEL=0 and rerun for more info.)
I0403 22:45:27.469981 22692905125696 dataset_info.py:358] Load dataset info from /home/yifulu/tensorflow_datasets/cifar10/3.0.2
W0403 22:45:27.476941 22692905125696 options.py:503] options.experimental_threading is deprecated. Use options.threading instead.
W0403 22:45:27.477038 22692905125696 options.py:503] options.experimental_threading is deprecated. Use options.threading instead.
I0403 22:45:27.477142 22692905125696 dataset_builder.py:351] Reusing dataset cifar10 (/home/yifulu/tensorflow_datasets/cifar10/3.0.2)
I0403 22:45:27.477219 22692905125696 logging_logger.py:35] Constructing tf.data.Dataset cifar10 for split train, from /home/yifulu/tensorflow_datasets/cifar10/3.0.2
W0403 22:45:27.681800 22692905125696 options.py:503] options.experimental_threading is deprecated. Use options.threading instead.
W0403 22:45:27.681971 22692905125696 options.py:503] options.experimental_threading is deprecated. Use options.threading instead.
I0403 22:45:27.682080 22692905125696 dataset_builder.py:351] Reusing dataset cifar10 (/home/yifulu/tensorflow_datasets/cifar10/3.0.2)
I0403 22:45:27.682148 22692905125696 logging_logger.py:35] Constructing tf.data.Dataset cifar10 for split test, from /home/yifulu/tensorflow_datasets/cifar10/3.0.2
I0403 22:45:27.714832 22692905125696 main_interval.py:83] (0.676,)
I0403 22:45:40.173578 22692905125696 dataset_info.py:358] Load dataset info from /home/yifulu/tensorflow_datasets/cifar10/3.0.2
W0403 22:45:40.175545 22692905125696 options.py:503] options.experimental_threading is deprecated. Use options.threading instead.
W0403 22:45:40.175655 22692905125696 options.py:503] options.experimental_threading is deprecated. Use options.threading instead.
I0403 22:45:40.175783 22692905125696 dataset_builder.py:351] Reusing dataset cifar10 (/home/yifulu/tensorflow_datasets/cifar10/3.0.2)
I0403 22:45:40.175855 22692905125696 logging_logger.py:35] Constructing tf.data.Dataset cifar10 for split train, from /home/yifulu/tensorflow_datasets/cifar10/3.0.2
W0403 22:45:40.218209 22692905125696 options.py:503] options.experimental_threading is deprecated. Use options.threading instead.
W0403 22:45:40.218388 22692905125696 options.py:503] options.experimental_threading is deprecated. Use options.threading instead.
I0403 22:45:40.218508 22692905125696 dataset_builder.py:351] Reusing dataset cifar10 (/home/yifulu/tensorflow_datasets/cifar10/3.0.2)
I0403 22:45:40.218581 22692905125696 logging_logger.py:35] Constructing tf.data.Dataset cifar10 for split test, from /home/yifulu/tensorflow_datasets/cifar10/3.0.2
I0403 22:45:40.254813 22692905125696 sampling.py:98] dpm_solver
I0403 22:45:40.255174 22692905125696 resolver.py:105] Using /tmp/tfhub_modules to cache modules.
I0403 22:45:40.257297 22692905125696 resolver.py:416] Downloading TF-Hub Module 'https://tfhub.dev/tensorflow/tfgan/eval/inception/1'.
I0403 22:45:43.307140 22692905125696 resolver.py:154] Downloaded https://tfhub.dev/tensorflow/tfgan/eval/inception/1, Total size: 273.09MB
I0403 22:45:43.307522 22692905125696 resolver.py:431] Downloaded TF-Hub Module 'https://tfhub.dev/tensorflow/tfgan/eval/inception/1'.
I0403 22:45:45.762465 22692905125696 main_interval.py:150] begin checkpoint: 4
I0403 22:45:45.762642 22692905125696 main_interval.py:154] 0 is converged model
I0403 22:45:45.762693 22692905125696 main_interval.py:158] /scratch/qingqu_root/qingqu1/shared_data/dpm_experiments/dpm/checkpoints/checkpoint_40.pth
I0403 22:46:04.133532 22692905125696 main_interval.py:158] /scratch/qingqu_root/qingqu1/shared_data/dpm_experiments/dpm_I2_quart/checkpoints/checkpoint_4.pth
I0403 22:46:12.480625 22692905125696 main_interval.py:209] /scratch/qingqu_root/qingqu1/shared_data/dpm_experiments/interval2_quart
I0403 22:46:12.480808 22692905125696 main_interval.py:212] sampling -- ckpt: 4, round: 0
/home/yifulu/.conda/envs/dpm/lib/python3.9/site-packages/tensorflow/python/util/nest.py:869: UserWarning: `tf.layers.flatten` is deprecated and will be removed in a future version. Please use `tf.keras.layers.Flatten` instead.
  structure[0], [func(*x) for x in entries],
/home/yifulu/.conda/envs/dpm/lib/python3.9/site-packages/keras/legacy_tf_layers/core.py:523: UserWarning: `layer.apply` is deprecated and will be removed in a future version. Please use `layer.__call__` method instead.
  return layer.apply(inputs)
/home/yifulu/.conda/envs/dpm/lib/python3.9/site-packages/keras/legacy_tf_layers/base.py:573: UserWarning: `layer.updates` will be removed in a future version. This property should not be used in TensorFlow 2.0, as `updates` are applied automatically.
  _add_elements_to_collection(self.updates, tf.compat.v1.GraphKeys.UPDATE_OPS)
I0403 22:52:54.365529 22692905125696 main_interval.py:212] sampling -- ckpt: 4, round: 1
I0403 22:59:15.783252 22692905125696 main_interval.py:212] sampling -- ckpt: 4, round: 2
I0403 23:05:38.201474 22692905125696 main_interval.py:212] sampling -- ckpt: 4, round: 3
I0403 23:12:03.951785 22692905125696 main_interval.py:212] sampling -- ckpt: 4, round: 4
I0403 23:18:29.737355 22692905125696 main_interval.py:212] sampling -- ckpt: 4, round: 5
I0403 23:24:53.605165 22692905125696 main_interval.py:212] sampling -- ckpt: 4, round: 6
I0403 23:31:15.966689 22692905125696 main_interval.py:212] sampling -- ckpt: 4, round: 7
I0403 23:37:41.293826 22692905125696 main_interval.py:212] sampling -- ckpt: 4, round: 8
I0403 23:44:06.684003 22692905125696 main_interval.py:212] sampling -- ckpt: 4, round: 9
I0403 23:50:31.809445 22692905125696 main_interval.py:212] sampling -- ckpt: 4, round: 10
I0403 23:56:57.343526 22692905125696 main_interval.py:212] sampling -- ckpt: 4, round: 11
I0404 00:03:21.556419 22692905125696 main_interval.py:212] sampling -- ckpt: 4, round: 12
I0404 00:09:46.398833 22692905125696 main_interval.py:212] sampling -- ckpt: 4, round: 13
I0404 00:16:11.184748 22692905125696 main_interval.py:212] sampling -- ckpt: 4, round: 14
I0404 00:22:34.594590 22692905125696 main_interval.py:212] sampling -- ckpt: 4, round: 15
I0404 00:28:59.924618 22692905125696 main_interval.py:212] sampling -- ckpt: 4, round: 16
I0404 00:35:24.567920 22692905125696 main_interval.py:212] sampling -- ckpt: 4, round: 17
I0404 00:41:50.513690 22692905125696 main_interval.py:212] sampling -- ckpt: 4, round: 18
I0404 00:48:13.470856 22692905125696 main_interval.py:212] sampling -- ckpt: 4, round: 19
I0404 00:54:38.912857 22692905125696 main_interval.py:212] sampling -- ckpt: 4, round: 20
WARNING:tensorflow:From /home/yifulu/.conda/envs/dpm/lib/python3.9/site-packages/tensorflow_gan/python/eval/classifier_metrics.py:1157: calling map_fn_v2 (from tensorflow.python.ops.map_fn) with back_prop=False is deprecated and will be removed in a future version.
Instructions for updating:
back_prop=False is deprecated. Consider using tf.stop_gradient instead.
Instead of:
results = tf.map_fn(fn, elems, back_prop=False)
Use:
results = tf.nest.map_structure(tf.stop_gradient, tf.map_fn(fn, elems))
W0404 01:02:30.470474 22692905125696 deprecation.py:614] From /home/yifulu/.conda/envs/dpm/lib/python3.9/site-packages/tensorflow_gan/python/eval/classifier_metrics.py:1157: calling map_fn_v2 (from tensorflow.python.ops.map_fn) with back_prop=False is deprecated and will be removed in a future version.
Instructions for updating:
back_prop=False is deprecated. Consider using tf.stop_gradient instead.
Instead of:
results = tf.map_fn(fn, elems, back_prop=False)
Use:
results = tf.nest.map_structure(tf.stop_gradient, tf.map_fn(fn, elems))
I0404 01:02:41.724899 22692905125696 main_interval.py:289] ckpt-4 --- inception_score: 9.429466e+00, FID: 5.486726e+00, KID: 2.787760e-03
I0404 01:02:41.729564 22692905125696 main_interval.py:154] 0 is converged model
I0404 01:02:41.729703 22692905125696 main_interval.py:158] /scratch/qingqu_root/qingqu1/shared_data/dpm_experiments/dpm/checkpoints/checkpoint_40.pth
I0404 01:02:58.211485 22692905125696 main_interval.py:158] /scratch/qingqu_root/qingqu1/shared_data/dpm_experiments/dpm_I2_quart/checkpoints/checkpoint_5.pth
I0404 01:03:04.447027 22692905125696 main_interval.py:209] /scratch/qingqu_root/qingqu1/shared_data/dpm_experiments/interval2_quart
I0404 01:03:04.447218 22692905125696 main_interval.py:212] sampling -- ckpt: 5, round: 0
I0404 01:09:30.743720 22692905125696 main_interval.py:212] sampling -- ckpt: 5, round: 1
I0404 01:15:54.206692 22692905125696 main_interval.py:212] sampling -- ckpt: 5, round: 2
I0404 01:22:18.661559 22692905125696 main_interval.py:212] sampling -- ckpt: 5, round: 3
I0404 01:28:44.172047 22692905125696 main_interval.py:212] sampling -- ckpt: 5, round: 4
I0404 01:35:09.557913 22692905125696 main_interval.py:212] sampling -- ckpt: 5, round: 5
I0404 01:41:35.223806 22692905125696 main_interval.py:212] sampling -- ckpt: 5, round: 6
I0404 01:47:59.183789 22692905125696 main_interval.py:212] sampling -- ckpt: 5, round: 7
I0404 01:54:25.055558 22692905125696 main_interval.py:212] sampling -- ckpt: 5, round: 8
I0404 02:00:50.133898 22692905125696 main_interval.py:212] sampling -- ckpt: 5, round: 9
I0404 02:07:14.106519 22692905125696 main_interval.py:212] sampling -- ckpt: 5, round: 10
I0404 02:13:40.035789 22692905125696 main_interval.py:212] sampling -- ckpt: 5, round: 11
I0404 02:20:04.070077 22692905125696 main_interval.py:212] sampling -- ckpt: 5, round: 12
I0404 02:26:30.517243 22692905125696 main_interval.py:212] sampling -- ckpt: 5, round: 13
I0404 02:32:55.381544 22692905125696 main_interval.py:212] sampling -- ckpt: 5, round: 14
I0404 02:39:21.172069 22692905125696 main_interval.py:212] sampling -- ckpt: 5, round: 15
I0404 02:45:47.576727 22692905125696 main_interval.py:212] sampling -- ckpt: 5, round: 16
I0404 02:52:11.150922 22692905125696 main_interval.py:212] sampling -- ckpt: 5, round: 17
I0404 02:58:38.071850 22692905125696 main_interval.py:212] sampling -- ckpt: 5, round: 18
I0404 03:05:04.736016 22692905125696 main_interval.py:212] sampling -- ckpt: 5, round: 19
I0404 03:11:31.299683 22692905125696 main_interval.py:212] sampling -- ckpt: 5, round: 20
I0404 03:19:39.349123 22692905125696 main_interval.py:289] ckpt-5 --- inception_score: 9.414876e+00, FID: 5.385378e+00, KID: 2.783257e-03
WARNING:tensorflow:From /home/yifulu/.conda/envs/dpm/lib/python3.9/site-packages/tensorflow_gan/python/estimator/tpu_gan_estimator.py:42: The name tf.estimator.tpu.TPUEstimator is deprecated. Please use tf.compat.v1.estimator.tpu.TPUEstimator instead.

I0404 03:20:04.327515 22764929591104 xla_bridge.py:355] Unable to initialize backend 'tpu_driver': NOT_FOUND: Unable to find driver in registry given worker: 
I0404 03:20:04.327754 22764929591104 xla_bridge.py:355] Unable to initialize backend 'cuda': module 'jaxlib.xla_extension' has no attribute 'GpuAllocatorConfig'
I0404 03:20:04.327817 22764929591104 xla_bridge.py:355] Unable to initialize backend 'rocm': module 'jaxlib.xla_extension' has no attribute 'GpuAllocatorConfig'
I0404 03:20:04.328548 22764929591104 xla_bridge.py:355] Unable to initialize backend 'tpu': INVALID_ARGUMENT: TpuPlatform is not available.
I0404 03:20:04.329133 22764929591104 xla_bridge.py:355] Unable to initialize backend 'plugin': xla_extension has no attributes named get_plugin_device_client. Compile TensorFlow with //tensorflow/compiler/xla/python:enable_plugin_device set to true (defaults to false) to enable this.
W0404 03:20:04.329225 22764929591104 xla_bridge.py:362] No GPU/TPU found, falling back to CPU. (Set TF_CPP_MIN_LOG_LEVEL=0 and rerun for more info.)
I0404 03:20:04.331430 22764929591104 dataset_info.py:358] Load dataset info from /home/yifulu/tensorflow_datasets/cifar10/3.0.2
W0404 03:20:04.336005 22764929591104 options.py:503] options.experimental_threading is deprecated. Use options.threading instead.
W0404 03:20:04.336158 22764929591104 options.py:503] options.experimental_threading is deprecated. Use options.threading instead.
I0404 03:20:04.336282 22764929591104 dataset_builder.py:351] Reusing dataset cifar10 (/home/yifulu/tensorflow_datasets/cifar10/3.0.2)
I0404 03:20:04.336367 22764929591104 logging_logger.py:35] Constructing tf.data.Dataset cifar10 for split train, from /home/yifulu/tensorflow_datasets/cifar10/3.0.2
W0404 03:20:04.532188 22764929591104 options.py:503] options.experimental_threading is deprecated. Use options.threading instead.
W0404 03:20:04.532378 22764929591104 options.py:503] options.experimental_threading is deprecated. Use options.threading instead.
I0404 03:20:04.532510 22764929591104 dataset_builder.py:351] Reusing dataset cifar10 (/home/yifulu/tensorflow_datasets/cifar10/3.0.2)
I0404 03:20:04.532583 22764929591104 logging_logger.py:35] Constructing tf.data.Dataset cifar10 for split test, from /home/yifulu/tensorflow_datasets/cifar10/3.0.2
I0404 03:20:04.570042 22764929591104 main_interval.py:83] (0.676,)
I0404 03:20:06.920684 22764929591104 dataset_info.py:358] Load dataset info from /home/yifulu/tensorflow_datasets/cifar10/3.0.2
W0404 03:20:06.922739 22764929591104 options.py:503] options.experimental_threading is deprecated. Use options.threading instead.
W0404 03:20:06.922912 22764929591104 options.py:503] options.experimental_threading is deprecated. Use options.threading instead.
I0404 03:20:06.923025 22764929591104 dataset_builder.py:351] Reusing dataset cifar10 (/home/yifulu/tensorflow_datasets/cifar10/3.0.2)
I0404 03:20:06.923099 22764929591104 logging_logger.py:35] Constructing tf.data.Dataset cifar10 for split train, from /home/yifulu/tensorflow_datasets/cifar10/3.0.2
W0404 03:20:06.967338 22764929591104 options.py:503] options.experimental_threading is deprecated. Use options.threading instead.
W0404 03:20:06.967530 22764929591104 options.py:503] options.experimental_threading is deprecated. Use options.threading instead.
I0404 03:20:06.967648 22764929591104 dataset_builder.py:351] Reusing dataset cifar10 (/home/yifulu/tensorflow_datasets/cifar10/3.0.2)
I0404 03:20:06.967719 22764929591104 logging_logger.py:35] Constructing tf.data.Dataset cifar10 for split test, from /home/yifulu/tensorflow_datasets/cifar10/3.0.2
I0404 03:20:07.008120 22764929591104 sampling.py:98] dpm_solver
I0404 03:20:07.008499 22764929591104 resolver.py:105] Using /tmp/tfhub_modules to cache modules.
I0404 03:20:09.518002 22764929591104 main_interval.py:150] begin checkpoint: 7
I0404 03:20:09.518185 22764929591104 main_interval.py:154] 0 is converged model
I0404 03:20:09.518238 22764929591104 main_interval.py:158] /scratch/qingqu_root/qingqu1/shared_data/dpm_experiments/dpm/checkpoints/checkpoint_40.pth
I0404 03:20:22.767429 22764929591104 main_interval.py:158] /scratch/qingqu_root/qingqu1/shared_data/dpm_experiments/dpm_I2_quart/checkpoints/checkpoint_7.pth
I0404 03:20:28.231319 22764929591104 main_interval.py:209] /scratch/qingqu_root/qingqu1/shared_data/dpm_experiments/interval2_quart
I0404 03:20:28.231526 22764929591104 main_interval.py:212] sampling -- ckpt: 7, round: 0
/home/yifulu/.conda/envs/dpm/lib/python3.9/site-packages/tensorflow/python/util/nest.py:869: UserWarning: `tf.layers.flatten` is deprecated and will be removed in a future version. Please use `tf.keras.layers.Flatten` instead.
  structure[0], [func(*x) for x in entries],
/home/yifulu/.conda/envs/dpm/lib/python3.9/site-packages/keras/legacy_tf_layers/core.py:523: UserWarning: `layer.apply` is deprecated and will be removed in a future version. Please use `layer.__call__` method instead.
  return layer.apply(inputs)
/home/yifulu/.conda/envs/dpm/lib/python3.9/site-packages/keras/legacy_tf_layers/base.py:573: UserWarning: `layer.updates` will be removed in a future version. This property should not be used in TensorFlow 2.0, as `updates` are applied automatically.
  _add_elements_to_collection(self.updates, tf.compat.v1.GraphKeys.UPDATE_OPS)
2023-04-04 03:21:00.017110: W tensorflow/core/framework/cpu_allocator_impl.cc:82] Allocation of 7104320000 exceeds 10% of free system memory.
2023-04-04 03:21:11.140703: W tensorflow/core/framework/cpu_allocator_impl.cc:82] Allocation of 6914880000 exceeds 10% of free system memory.
2023-04-04 03:21:27.575813: W tensorflow/core/framework/cpu_allocator_impl.cc:82] Allocation of 13829760000 exceeds 10% of free system memory.
2023-04-04 03:22:08.291946: W tensorflow/core/framework/cpu_allocator_impl.cc:82] Allocation of 9678720000 exceeds 10% of free system memory.
I0404 03:26:59.003351 22764929591104 main_interval.py:212] sampling -- ckpt: 7, round: 1
2023-04-04 03:27:26.399559: W tensorflow/core/framework/cpu_allocator_impl.cc:82] Allocation of 7104320000 exceeds 10% of free system memory.
I0404 03:33:25.237143 22764929591104 main_interval.py:212] sampling -- ckpt: 7, round: 2
I0404 03:39:49.453237 22764929591104 main_interval.py:212] sampling -- ckpt: 7, round: 3
I0404 03:46:12.455843 22764929591104 main_interval.py:212] sampling -- ckpt: 7, round: 4
I0404 03:52:35.737269 22764929591104 main_interval.py:212] sampling -- ckpt: 7, round: 5
I0404 03:59:00.830098 22764929591104 main_interval.py:212] sampling -- ckpt: 7, round: 6
I0404 04:05:24.977788 22764929591104 main_interval.py:212] sampling -- ckpt: 7, round: 7
I0404 04:11:50.169956 22764929591104 main_interval.py:212] sampling -- ckpt: 7, round: 8
I0404 04:18:14.865432 22764929591104 main_interval.py:212] sampling -- ckpt: 7, round: 9
I0404 04:24:40.863468 22764929591104 main_interval.py:212] sampling -- ckpt: 7, round: 10
I0404 04:31:06.123611 22764929591104 main_interval.py:212] sampling -- ckpt: 7, round: 11
I0404 04:37:30.975167 22764929591104 main_interval.py:212] sampling -- ckpt: 7, round: 12
I0404 04:43:54.847939 22764929591104 main_interval.py:212] sampling -- ckpt: 7, round: 13
I0404 04:50:20.250267 22764929591104 main_interval.py:212] sampling -- ckpt: 7, round: 14
I0404 04:56:44.743834 22764929591104 main_interval.py:212] sampling -- ckpt: 7, round: 15
I0404 05:03:09.257868 22764929591104 main_interval.py:212] sampling -- ckpt: 7, round: 16
I0404 05:09:34.255167 22764929591104 main_interval.py:212] sampling -- ckpt: 7, round: 17
I0404 05:15:58.775897 22764929591104 main_interval.py:212] sampling -- ckpt: 7, round: 18
I0404 05:22:23.778529 22764929591104 main_interval.py:212] sampling -- ckpt: 7, round: 19
I0404 05:28:48.948260 22764929591104 main_interval.py:212] sampling -- ckpt: 7, round: 20
WARNING:tensorflow:From /home/yifulu/.conda/envs/dpm/lib/python3.9/site-packages/tensorflow_gan/python/eval/classifier_metrics.py:1157: calling map_fn_v2 (from tensorflow.python.ops.map_fn) with back_prop=False is deprecated and will be removed in a future version.
Instructions for updating:
back_prop=False is deprecated. Consider using tf.stop_gradient instead.
Instead of:
results = tf.map_fn(fn, elems, back_prop=False)
Use:
results = tf.nest.map_structure(tf.stop_gradient, tf.map_fn(fn, elems))
W0404 05:36:37.763901 22764929591104 deprecation.py:614] From /home/yifulu/.conda/envs/dpm/lib/python3.9/site-packages/tensorflow_gan/python/eval/classifier_metrics.py:1157: calling map_fn_v2 (from tensorflow.python.ops.map_fn) with back_prop=False is deprecated and will be removed in a future version.
Instructions for updating:
back_prop=False is deprecated. Consider using tf.stop_gradient instead.
Instead of:
results = tf.map_fn(fn, elems, back_prop=False)
Use:
results = tf.nest.map_structure(tf.stop_gradient, tf.map_fn(fn, elems))
I0404 05:36:48.994503 22764929591104 main_interval.py:289] ckpt-7 --- inception_score: 9.386990e+00, FID: 5.354680e+00, KID: 2.751309e-03
I0404 05:36:48.998610 22764929591104 main_interval.py:154] 0 is converged model
I0404 05:36:48.998752 22764929591104 main_interval.py:158] /scratch/qingqu_root/qingqu1/shared_data/dpm_experiments/dpm/checkpoints/checkpoint_40.pth
I0404 05:37:02.324837 22764929591104 main_interval.py:158] /scratch/qingqu_root/qingqu1/shared_data/dpm_experiments/dpm_I2_quart/checkpoints/checkpoint_8.pth
I0404 05:37:07.994213 22764929591104 main_interval.py:209] /scratch/qingqu_root/qingqu1/shared_data/dpm_experiments/interval2_quart
I0404 05:37:07.994408 22764929591104 main_interval.py:212] sampling -- ckpt: 8, round: 0
I0404 05:43:33.525249 22764929591104 main_interval.py:212] sampling -- ckpt: 8, round: 1
I0404 05:49:58.413128 22764929591104 main_interval.py:212] sampling -- ckpt: 8, round: 2
I0404 05:56:21.557694 22764929591104 main_interval.py:212] sampling -- ckpt: 8, round: 3
I0404 06:02:45.051421 22764929591104 main_interval.py:212] sampling -- ckpt: 8, round: 4
I0404 06:09:10.365685 22764929591104 main_interval.py:212] sampling -- ckpt: 8, round: 5
I0404 06:15:34.512415 22764929591104 main_interval.py:212] sampling -- ckpt: 8, round: 6
I0404 06:21:58.821709 22764929591104 main_interval.py:212] sampling -- ckpt: 8, round: 7
I0404 06:28:23.801573 22764929591104 main_interval.py:212] sampling -- ckpt: 8, round: 8
I0404 06:34:48.421620 22764929591104 main_interval.py:212] sampling -- ckpt: 8, round: 9
I0404 06:41:13.400478 22764929591104 main_interval.py:212] sampling -- ckpt: 8, round: 10
I0404 06:47:39.012820 22764929591104 main_interval.py:212] sampling -- ckpt: 8, round: 11
I0404 06:54:04.947959 22764929591104 main_interval.py:212] sampling -- ckpt: 8, round: 12
I0404 07:00:29.974179 22764929591104 main_interval.py:212] sampling -- ckpt: 8, round: 13
I0404 07:06:54.826690 22764929591104 main_interval.py:212] sampling -- ckpt: 8, round: 14
I0404 07:13:45.287002 22764929591104 main_interval.py:212] sampling -- ckpt: 8, round: 15
I0404 07:20:09.229639 22764929591104 main_interval.py:212] sampling -- ckpt: 8, round: 16
I0404 07:26:34.449111 22764929591104 main_interval.py:212] sampling -- ckpt: 8, round: 17
I0404 07:33:00.261942 22764929591104 main_interval.py:212] sampling -- ckpt: 8, round: 18
I0404 07:39:26.246504 22764929591104 main_interval.py:212] sampling -- ckpt: 8, round: 19
I0404 07:45:49.087913 22764929591104 main_interval.py:212] sampling -- ckpt: 8, round: 20
I0404 07:53:44.894638 22764929591104 main_interval.py:289] ckpt-8 --- inception_score: 9.391747e+00, FID: 5.387283e+00, KID: 2.873812e-03
