
[W socket.cpp:426] [c10d] The server socket cannot be initialized on [::]:29600 (errno: 97 - Address family not supported by protocol).
[W socket.cpp:601] [c10d] The client socket cannot be initialized to connect to [localhost]:29600 (errno: 97 - Address family not supported by protocol).
[W socket.cpp:601] [c10d] The client socket cannot be initialized to connect to [localhost]:29600 (errno: 97 - Address family not supported by protocol).
2023-05-28 21:13:58.285387: I tensorflow/core/platform/cpu_feature_guard.cc:193] This TensorFlow binary is optimized with oneAPI Deep Neural Network Library (oneDNN) to use the following CPU instructions in performance-critical operations:  AVX2 AVX512F AVX512_VNNI FMA
To enable them in other operations, rebuild TensorFlow with the appropriate compiler flags.
2023-05-28 21:14:04.587036: I tensorflow/core/util/port.cc:104] oneDNN custom operations are on. You may see slightly different numerical results due to floating-point round-off errors from different computation orders. To turn them off, set the environment variable `TF_ENABLE_ONEDNN_OPTS=0`.
2023-05-28 21:14:20.067858: W tensorflow/compiler/xla/stream_executor/platform/default/dso_loader.cc:64] Could not load dynamic library 'libnvinfer.so.7'; dlerror: libnvinfer.so.7: cannot open shared object file: No such file or directory; LD_LIBRARY_PATH: /sw/pkgs/arc/cudnn/11.7-v8.7.0/lib64:/sw/pkgs/arc/cuda/11.7.1/lib64:/opt/slurm/lib64::
2023-05-28 21:14:20.068434: W tensorflow/compiler/xla/stream_executor/platform/default/dso_loader.cc:64] Could not load dynamic library 'libnvinfer_plugin.so.7'; dlerror: libnvinfer_plugin.so.7: cannot open shared object file: No such file or directory; LD_LIBRARY_PATH: /sw/pkgs/arc/cudnn/11.7-v8.7.0/lib64:/sw/pkgs/arc/cuda/11.7.1/lib64:/opt/slurm/lib64::
2023-05-28 21:14:20.068451: W tensorflow/compiler/tf2tensorrt/utils/py_utils.cc:38] TF-TRT Warning: Cannot dlopen some TensorRT libraries. If you would like to use Nvidia GPU with TensorRT, please make sure the missing libraries mentioned above are installed properly.
/home/yifulu/.conda/envs/dpm2/lib/python3.8/site-packages/tensorflow_io/python/ops/__init__.py:98: UserWarning: unable to load libtensorflow_io_plugins.so: unable to open file: libtensorflow_io_plugins.so, from paths: ['/home/yifulu/.conda/envs/dpm2/lib/python3.8/site-packages/tensorflow_io/python/ops/libtensorflow_io_plugins.so']
caused by: ['/home/yifulu/.conda/envs/dpm2/lib/python3.8/site-packages/tensorflow_io/python/ops/libtensorflow_io_plugins.so: undefined symbol: _ZN3tsl6StatusC1EN10tensorflow5error4CodeESt17basic_string_viewIcSt11char_traitsIcEENS_18SourceLocationImplE']
  warnings.warn(f"unable to load libtensorflow_io_plugins.so: {e}")
/home/yifulu/.conda/envs/dpm2/lib/python3.8/site-packages/tensorflow_io/python/ops/__init__.py:104: UserWarning: file system plugins are not loaded: unable to open file: libtensorflow_io.so, from paths: ['/home/yifulu/.conda/envs/dpm2/lib/python3.8/site-packages/tensorflow_io/python/ops/libtensorflow_io.so']
caused by: ['/home/yifulu/.conda/envs/dpm2/lib/python3.8/site-packages/tensorflow_io/python/ops/libtensorflow_io.so: undefined symbol: _ZTVN3tsl13GcsFileSystemE']
  warnings.warn(f"file system plugins are not loaded: {e}")
[W socket.cpp:601] [c10d] The client socket cannot be initialized to connect to [localhost]:29600 (errno: 97 - Address family not supported by protocol).
[W socket.cpp:601] [c10d] The client socket cannot be initialized to connect to [localhost]:29600 (errno: 97 - Address family not supported by protocol).
/home/yifulu/.conda/envs/dpm2/lib/python3.8/site-packages/torchvision/transforms/functional.py:1603: UserWarning: The default value of the antialias parameter of all the resizing transforms (Resize(), RandomResizedCrop(), etc.) will change from None to True in v0.17, in order to be consistent across the PIL and Tensor backends. To suppress this warning, directly pass antialias=True (recommended, future default), antialias=None (current default, which means False for Tensors and True for PIL), or antialias=False (only works on Tensors - PIL will still use antialiasing). This also applies if you are using the inference transforms from the models weights: update the call to weights.transforms(antialias=True).
  warnings.warn(
I0528 21:15:25.870570 22685554661184 run_lib.py:249] begin checkpoint: 1
I0528 21:16:10.687029 22685554661184 run_lib.py:280] /scratch/qingqu_root/qingqu1/shared_data/dpm_experiments/multistage/eval
I0528 21:16:10.702865 22685554661184 run_lib.py:284] sampling -- ckpt: 1, round: 0
I0528 21:17:32.179740 22685554661184 run_lib.py:284] sampling -- ckpt: 1, round: 1
I0528 21:18:04.685952 22685554661184 run_lib.py:284] sampling -- ckpt: 1, round: 2
I0528 21:18:37.313428 22685554661184 run_lib.py:284] sampling -- ckpt: 1, round: 3
I0528 21:19:09.996885 22685554661184 run_lib.py:284] sampling -- ckpt: 1, round: 4
I0528 21:19:42.695742 22685554661184 run_lib.py:284] sampling -- ckpt: 1, round: 5
I0528 21:20:15.448804 22685554661184 run_lib.py:284] sampling -- ckpt: 1, round: 6
I0528 21:20:48.197099 22685554661184 run_lib.py:284] sampling -- ckpt: 1, round: 7
I0528 21:21:20.962689 22685554661184 run_lib.py:284] sampling -- ckpt: 1, round: 8
I0528 21:21:53.736849 22685554661184 run_lib.py:284] sampling -- ckpt: 1, round: 9
I0528 21:22:26.514494 22685554661184 run_lib.py:284] sampling -- ckpt: 1, round: 10
I0528 21:22:59.291960 22685554661184 run_lib.py:284] sampling -- ckpt: 1, round: 11
I0528 21:23:32.056472 22685554661184 run_lib.py:284] sampling -- ckpt: 1, round: 12
I0528 21:24:04.839774 22685554661184 run_lib.py:284] sampling -- ckpt: 1, round: 13
I0528 21:24:37.617913 22685554661184 run_lib.py:284] sampling -- ckpt: 1, round: 14
I0528 21:25:10.384519 22685554661184 run_lib.py:284] sampling -- ckpt: 1, round: 15
I0528 21:25:43.171091 22685554661184 run_lib.py:284] sampling -- ckpt: 1, round: 16
I0528 21:26:15.956561 22685554661184 run_lib.py:284] sampling -- ckpt: 1, round: 17
I0528 21:26:48.740514 22685554661184 run_lib.py:284] sampling -- ckpt: 1, round: 18
I0528 21:27:21.514558 22685554661184 run_lib.py:284] sampling -- ckpt: 1, round: 19
I0528 21:27:54.283804 22685554661184 run_lib.py:284] sampling -- ckpt: 1, round: 20
I0528 21:28:27.054445 22685554661184 run_lib.py:284] sampling -- ckpt: 1, round: 21
I0528 21:28:59.836401 22685554661184 run_lib.py:284] sampling -- ckpt: 1, round: 22
I0528 21:29:32.614214 22685554661184 run_lib.py:284] sampling -- ckpt: 1, round: 23
I0528 21:30:05.406186 22685554661184 run_lib.py:284] sampling -- ckpt: 1, round: 24
I0528 21:30:38.194834 22685554661184 run_lib.py:284] sampling -- ckpt: 1, round: 25
I0528 21:31:10.987674 22685554661184 run_lib.py:284] sampling -- ckpt: 1, round: 26
I0528 21:31:43.772682 22685554661184 run_lib.py:284] sampling -- ckpt: 1, round: 27
I0528 21:32:16.549333 22685554661184 run_lib.py:284] sampling -- ckpt: 1, round: 28
I0528 21:32:49.327392 22685554661184 run_lib.py:284] sampling -- ckpt: 1, round: 29
I0528 21:33:22.105828 22685554661184 run_lib.py:284] sampling -- ckpt: 1, round: 30
I0528 21:33:54.891231 22685554661184 run_lib.py:284] sampling -- ckpt: 1, round: 31
I0528 21:34:27.692935 22685554661184 run_lib.py:284] sampling -- ckpt: 1, round: 32
I0528 21:35:00.489963 22685554661184 run_lib.py:284] sampling -- ckpt: 1, round: 33
I0528 21:35:33.260534 22685554661184 run_lib.py:284] sampling -- ckpt: 1, round: 34
I0528 21:36:06.035995 22685554661184 run_lib.py:284] sampling -- ckpt: 1, round: 35
I0528 21:36:38.844040 22685554661184 run_lib.py:284] sampling -- ckpt: 1, round: 36
I0528 21:37:11.657117 22685554661184 run_lib.py:284] sampling -- ckpt: 1, round: 37
I0528 21:37:44.479665 22685554661184 run_lib.py:284] sampling -- ckpt: 1, round: 38
I0528 21:38:17.318369 22685554661184 run_lib.py:284] sampling -- ckpt: 1, round: 39
I0528 21:38:50.178900 22685554661184 run_lib.py:284] sampling -- ckpt: 1, round: 40
I0528 21:39:23.062599 22685554661184 run_lib.py:284] sampling -- ckpt: 1, round: 41
I0528 21:39:55.952295 22685554661184 run_lib.py:284] sampling -- ckpt: 1, round: 42
I0528 21:40:28.847385 22685554661184 run_lib.py:284] sampling -- ckpt: 1, round: 43
I0528 21:41:01.755915 22685554661184 run_lib.py:284] sampling -- ckpt: 1, round: 44
I0528 21:41:34.656616 22685554661184 run_lib.py:284] sampling -- ckpt: 1, round: 45
I0528 21:42:07.545537 22685554661184 run_lib.py:284] sampling -- ckpt: 1, round: 46
I0528 21:42:40.443517 22685554661184 run_lib.py:284] sampling -- ckpt: 1, round: 47
I0528 21:43:13.339409 22685554661184 run_lib.py:284] sampling -- ckpt: 1, round: 48
I0528 21:44:29.742785 22685554661184 run_lib.py:280] /scratch/qingqu_root/qingqu1/shared_data/dpm_experiments/multistage/eval
I0528 21:44:29.756798 22685554661184 run_lib.py:284] sampling -- ckpt: 2, round: 0
I0528 21:45:02.654406 22685554661184 run_lib.py:284] sampling -- ckpt: 2, round: 1
I0528 21:45:35.381451 22685554661184 run_lib.py:284] sampling -- ckpt: 2, round: 2
I0528 21:46:08.194247 22685554661184 run_lib.py:284] sampling -- ckpt: 2, round: 3
I0528 21:46:41.035960 22685554661184 run_lib.py:284] sampling -- ckpt: 2, round: 4
I0528 21:47:13.900608 22685554661184 run_lib.py:284] sampling -- ckpt: 2, round: 5
I0528 21:47:46.782743 22685554661184 run_lib.py:284] sampling -- ckpt: 2, round: 6
I0528 21:48:19.674457 22685554661184 run_lib.py:284] sampling -- ckpt: 2, round: 7
I0528 21:48:52.587397 22685554661184 run_lib.py:284] sampling -- ckpt: 2, round: 8
I0528 21:49:25.505425 22685554661184 run_lib.py:284] sampling -- ckpt: 2, round: 9
I0528 21:49:58.426584 22685554661184 run_lib.py:284] sampling -- ckpt: 2, round: 10
I0528 21:50:31.353975 22685554661184 run_lib.py:284] sampling -- ckpt: 2, round: 11
I0528 21:51:04.279145 22685554661184 run_lib.py:284] sampling -- ckpt: 2, round: 12
I0528 21:51:37.197592 22685554661184 run_lib.py:284] sampling -- ckpt: 2, round: 13
I0528 21:52:10.124372 22685554661184 run_lib.py:284] sampling -- ckpt: 2, round: 14
I0528 21:52:43.019390 22685554661184 run_lib.py:284] sampling -- ckpt: 2, round: 15
I0528 21:53:15.905763 22685554661184 run_lib.py:284] sampling -- ckpt: 2, round: 16
I0528 21:53:48.811223 22685554661184 run_lib.py:284] sampling -- ckpt: 2, round: 17
I0528 21:54:21.710098 22685554661184 run_lib.py:284] sampling -- ckpt: 2, round: 18
I0528 21:54:54.624981 22685554661184 run_lib.py:284] sampling -- ckpt: 2, round: 19
I0528 21:55:27.522783 22685554661184 run_lib.py:284] sampling -- ckpt: 2, round: 20
I0528 21:56:00.446360 22685554661184 run_lib.py:284] sampling -- ckpt: 2, round: 21
I0528 21:56:33.361102 22685554661184 run_lib.py:284] sampling -- ckpt: 2, round: 22
I0528 21:57:06.261553 22685554661184 run_lib.py:284] sampling -- ckpt: 2, round: 23
I0528 21:57:39.182360 22685554661184 run_lib.py:284] sampling -- ckpt: 2, round: 24
I0528 21:58:12.097437 22685554661184 run_lib.py:284] sampling -- ckpt: 2, round: 25
I0528 21:58:45.008452 22685554661184 run_lib.py:284] sampling -- ckpt: 2, round: 26
I0528 21:59:17.936011 22685554661184 run_lib.py:284] sampling -- ckpt: 2, round: 27
I0528 21:59:50.858732 22685554661184 run_lib.py:284] sampling -- ckpt: 2, round: 28
I0528 22:00:23.780592 22685554661184 run_lib.py:284] sampling -- ckpt: 2, round: 29
I0528 22:00:56.699042 22685554661184 run_lib.py:284] sampling -- ckpt: 2, round: 30
I0528 22:01:29.622067 22685554661184 run_lib.py:284] sampling -- ckpt: 2, round: 31
I0528 22:02:02.523988 22685554661184 run_lib.py:284] sampling -- ckpt: 2, round: 32
I0528 22:02:35.450572 22685554661184 run_lib.py:284] sampling -- ckpt: 2, round: 33
I0528 22:03:08.365195 22685554661184 run_lib.py:284] sampling -- ckpt: 2, round: 34
I0528 22:03:41.283704 22685554661184 run_lib.py:284] sampling -- ckpt: 2, round: 35
I0528 22:04:14.195773 22685554661184 run_lib.py:284] sampling -- ckpt: 2, round: 36
I0528 22:04:47.098200 22685554661184 run_lib.py:284] sampling -- ckpt: 2, round: 37
I0528 22:05:20.025397 22685554661184 run_lib.py:284] sampling -- ckpt: 2, round: 38
I0528 22:05:52.948548 22685554661184 run_lib.py:284] sampling -- ckpt: 2, round: 39
I0528 22:06:25.871265 22685554661184 run_lib.py:284] sampling -- ckpt: 2, round: 40
I0528 22:06:58.785557 22685554661184 run_lib.py:284] sampling -- ckpt: 2, round: 41
I0528 22:07:31.714080 22685554661184 run_lib.py:284] sampling -- ckpt: 2, round: 42
I0528 22:08:04.658461 22685554661184 run_lib.py:284] sampling -- ckpt: 2, round: 43
I0528 22:08:37.578711 22685554661184 run_lib.py:284] sampling -- ckpt: 2, round: 44
I0528 22:09:10.501693 22685554661184 run_lib.py:284] sampling -- ckpt: 2, round: 45
I0528 22:09:43.407926 22685554661184 run_lib.py:284] sampling -- ckpt: 2, round: 46
I0528 22:10:16.329975 22685554661184 run_lib.py:284] sampling -- ckpt: 2, round: 47
I0528 22:10:49.254142 22685554661184 run_lib.py:284] sampling -- ckpt: 2, round: 48
I0528 22:12:07.041965 22685554661184 run_lib.py:280] /scratch/qingqu_root/qingqu1/shared_data/dpm_experiments/multistage/eval
I0528 22:12:07.059900 22685554661184 run_lib.py:284] sampling -- ckpt: 3, round: 0
I0528 22:12:39.988254 22685554661184 run_lib.py:284] sampling -- ckpt: 3, round: 1
I0528 22:13:12.738221 22685554661184 run_lib.py:284] sampling -- ckpt: 3, round: 2
I0528 22:13:45.545747 22685554661184 run_lib.py:284] sampling -- ckpt: 3, round: 3
I0528 22:14:18.379511 22685554661184 run_lib.py:284] sampling -- ckpt: 3, round: 4
I0528 22:14:51.253617 22685554661184 run_lib.py:284] sampling -- ckpt: 3, round: 5
I0528 22:15:24.140322 22685554661184 run_lib.py:284] sampling -- ckpt: 3, round: 6
I0528 22:15:57.041755 22685554661184 run_lib.py:284] sampling -- ckpt: 3, round: 7
I0528 22:16:29.952313 22685554661184 run_lib.py:284] sampling -- ckpt: 3, round: 8
I0528 22:17:02.874464 22685554661184 run_lib.py:284] sampling -- ckpt: 3, round: 9
I0528 22:17:35.787773 22685554661184 run_lib.py:284] sampling -- ckpt: 3, round: 10
I0528 22:18:08.720625 22685554661184 run_lib.py:284] sampling -- ckpt: 3, round: 11
I0528 22:18:41.654541 22685554661184 run_lib.py:284] sampling -- ckpt: 3, round: 12
I0528 22:19:14.588959 22685554661184 run_lib.py:284] sampling -- ckpt: 3, round: 13
I0528 22:19:47.522733 22685554661184 run_lib.py:284] sampling -- ckpt: 3, round: 14
I0528 22:20:20.473212 22685554661184 run_lib.py:284] sampling -- ckpt: 3, round: 15
I0528 22:20:53.422031 22685554661184 run_lib.py:284] sampling -- ckpt: 3, round: 16
I0528 22:21:26.375992 22685554661184 run_lib.py:284] sampling -- ckpt: 3, round: 17
I0528 22:21:59.325590 22685554661184 run_lib.py:284] sampling -- ckpt: 3, round: 18
I0528 22:22:32.297434 22685554661184 run_lib.py:284] sampling -- ckpt: 3, round: 19
I0528 22:23:05.268099 22685554661184 run_lib.py:284] sampling -- ckpt: 3, round: 20
I0528 22:23:38.234726 22685554661184 run_lib.py:284] sampling -- ckpt: 3, round: 21
I0528 22:24:11.215518 22685554661184 run_lib.py:284] sampling -- ckpt: 3, round: 22
I0528 22:24:44.199140 22685554661184 run_lib.py:284] sampling -- ckpt: 3, round: 23
I0528 22:25:17.181606 22685554661184 run_lib.py:284] sampling -- ckpt: 3, round: 24
I0528 22:25:50.170384 22685554661184 run_lib.py:284] sampling -- ckpt: 3, round: 25
I0528 22:26:23.160803 22685554661184 run_lib.py:284] sampling -- ckpt: 3, round: 26
I0528 22:26:56.136524 22685554661184 run_lib.py:284] sampling -- ckpt: 3, round: 27
I0528 22:27:29.099858 22685554661184 run_lib.py:284] sampling -- ckpt: 3, round: 28
I0528 22:28:02.064551 22685554661184 run_lib.py:284] sampling -- ckpt: 3, round: 29
I0528 22:28:35.002948 22685554661184 run_lib.py:284] sampling -- ckpt: 3, round: 30
I0528 22:29:07.940948 22685554661184 run_lib.py:284] sampling -- ckpt: 3, round: 31
I0528 22:29:40.870165 22685554661184 run_lib.py:284] sampling -- ckpt: 3, round: 32
I0528 22:30:13.812406 22685554661184 run_lib.py:284] sampling -- ckpt: 3, round: 33
I0528 22:30:46.751850 22685554661184 run_lib.py:284] sampling -- ckpt: 3, round: 34
I0528 22:31:19.677329 22685554661184 run_lib.py:284] sampling -- ckpt: 3, round: 35
I0528 22:31:52.610122 22685554661184 run_lib.py:284] sampling -- ckpt: 3, round: 36
I0528 22:32:25.543776 22685554661184 run_lib.py:284] sampling -- ckpt: 3, round: 37
I0528 22:32:58.470309 22685554661184 run_lib.py:284] sampling -- ckpt: 3, round: 38
I0528 22:33:31.391573 22685554661184 run_lib.py:284] sampling -- ckpt: 3, round: 39
I0528 22:34:04.317698 22685554661184 run_lib.py:284] sampling -- ckpt: 3, round: 40
I0528 22:34:37.254843 22685554661184 run_lib.py:284] sampling -- ckpt: 3, round: 41
I0528 22:35:10.169893 22685554661184 run_lib.py:284] sampling -- ckpt: 3, round: 42
I0528 22:35:43.095782 22685554661184 run_lib.py:284] sampling -- ckpt: 3, round: 43
I0528 22:36:16.020139 22685554661184 run_lib.py:284] sampling -- ckpt: 3, round: 44
I0528 22:36:48.943067 22685554661184 run_lib.py:284] sampling -- ckpt: 3, round: 45
I0528 22:37:21.878129 22685554661184 run_lib.py:284] sampling -- ckpt: 3, round: 46
I0528 22:37:54.804799 22685554661184 run_lib.py:284] sampling -- ckpt: 3, round: 47
I0528 22:38:27.732898 22685554661184 run_lib.py:284] sampling -- ckpt: 3, round: 48
I0528 22:39:41.629734 22685554661184 run_lib.py:280] /scratch/qingqu_root/qingqu1/shared_data/dpm_experiments/multistage/eval
I0528 22:39:41.638446 22685554661184 run_lib.py:284] sampling -- ckpt: 4, round: 0
I0528 22:40:14.574069 22685554661184 run_lib.py:284] sampling -- ckpt: 4, round: 1
I0528 22:40:47.344299 22685554661184 run_lib.py:284] sampling -- ckpt: 4, round: 2
I0528 22:41:20.169865 22685554661184 run_lib.py:284] sampling -- ckpt: 4, round: 3
I0528 22:41:53.029074 22685554661184 run_lib.py:284] sampling -- ckpt: 4, round: 4
I0528 22:42:25.901301 22685554661184 run_lib.py:284] sampling -- ckpt: 4, round: 5
I0528 22:42:58.817596 22685554661184 run_lib.py:284] sampling -- ckpt: 4, round: 6
I0528 22:43:31.770486 22685554661184 run_lib.py:284] sampling -- ckpt: 4, round: 7
I0528 22:44:04.732253 22685554661184 run_lib.py:284] sampling -- ckpt: 4, round: 8
I0528 22:44:37.713577 22685554661184 run_lib.py:284] sampling -- ckpt: 4, round: 9
I0528 22:45:10.683288 22685554661184 run_lib.py:284] sampling -- ckpt: 4, round: 10
I0528 22:45:43.662132 22685554661184 run_lib.py:284] sampling -- ckpt: 4, round: 11
I0528 22:46:16.640991 22685554661184 run_lib.py:284] sampling -- ckpt: 4, round: 12
I0528 22:46:49.626585 22685554661184 run_lib.py:284] sampling -- ckpt: 4, round: 13
I0528 22:47:22.616530 22685554661184 run_lib.py:284] sampling -- ckpt: 4, round: 14
I0528 22:47:55.595314 22685554661184 run_lib.py:284] sampling -- ckpt: 4, round: 15
I0528 22:48:28.584722 22685554661184 run_lib.py:284] sampling -- ckpt: 4, round: 16
I0528 22:49:01.573089 22685554661184 run_lib.py:284] sampling -- ckpt: 4, round: 17
I0528 22:49:34.569207 22685554661184 run_lib.py:284] sampling -- ckpt: 4, round: 18
I0528 22:50:07.557508 22685554661184 run_lib.py:284] sampling -- ckpt: 4, round: 19
I0528 22:50:40.546115 22685554661184 run_lib.py:284] sampling -- ckpt: 4, round: 20
I0528 22:51:13.529145 22685554661184 run_lib.py:284] sampling -- ckpt: 4, round: 21
I0528 22:51:46.522595 22685554661184 run_lib.py:284] sampling -- ckpt: 4, round: 22
I0528 22:52:19.521121 22685554661184 run_lib.py:284] sampling -- ckpt: 4, round: 23
I0528 22:52:52.523273 22685554661184 run_lib.py:284] sampling -- ckpt: 4, round: 24
I0528 22:53:25.520226 22685554661184 run_lib.py:284] sampling -- ckpt: 4, round: 25
I0528 22:53:58.528161 22685554661184 run_lib.py:284] sampling -- ckpt: 4, round: 26
I0528 22:54:31.529393 22685554661184 run_lib.py:284] sampling -- ckpt: 4, round: 27
I0528 22:55:04.550917 22685554661184 run_lib.py:284] sampling -- ckpt: 4, round: 28
I0528 22:55:37.550349 22685554661184 run_lib.py:284] sampling -- ckpt: 4, round: 29
I0528 22:56:10.548792 22685554661184 run_lib.py:284] sampling -- ckpt: 4, round: 30
I0528 22:56:43.531279 22685554661184 run_lib.py:284] sampling -- ckpt: 4, round: 31
I0528 22:57:16.522354 22685554661184 run_lib.py:284] sampling -- ckpt: 4, round: 32
I0528 22:57:49.509418 22685554661184 run_lib.py:284] sampling -- ckpt: 4, round: 33
I0528 22:58:22.496639 22685554661184 run_lib.py:284] sampling -- ckpt: 4, round: 34
I0528 22:58:55.487414 22685554661184 run_lib.py:284] sampling -- ckpt: 4, round: 35
I0528 22:59:28.493839 22685554661184 run_lib.py:284] sampling -- ckpt: 4, round: 36
I0528 23:00:01.470134 22685554661184 run_lib.py:284] sampling -- ckpt: 4, round: 37
I0528 23:00:34.450481 22685554661184 run_lib.py:284] sampling -- ckpt: 4, round: 38
I0528 23:01:07.431843 22685554661184 run_lib.py:284] sampling -- ckpt: 4, round: 39
I0528 23:01:40.433050 22685554661184 run_lib.py:284] sampling -- ckpt: 4, round: 40
I0528 23:02:13.408454 22685554661184 run_lib.py:284] sampling -- ckpt: 4, round: 41
I0528 23:02:46.384590 22685554661184 run_lib.py:284] sampling -- ckpt: 4, round: 42
I0528 23:03:19.381766 22685554661184 run_lib.py:284] sampling -- ckpt: 4, round: 43
I0528 23:03:52.361346 22685554661184 run_lib.py:284] sampling -- ckpt: 4, round: 44
I0528 23:04:25.372216 22685554661184 run_lib.py:284] sampling -- ckpt: 4, round: 45
I0528 23:04:58.363021 22685554661184 run_lib.py:284] sampling -- ckpt: 4, round: 46
I0528 23:05:31.341727 22685554661184 run_lib.py:284] sampling -- ckpt: 4, round: 47
I0528 23:06:04.325851 22685554661184 run_lib.py:284] sampling -- ckpt: 4, round: 48
I0528 23:07:14.450764 22685554661184 run_lib.py:280] /scratch/qingqu_root/qingqu1/shared_data/dpm_experiments/multistage/eval
I0528 23:07:14.458929 22685554661184 run_lib.py:284] sampling -- ckpt: 5, round: 0
I0528 23:07:47.439902 22685554661184 run_lib.py:284] sampling -- ckpt: 5, round: 1
I0528 23:08:20.238739 22685554661184 run_lib.py:284] sampling -- ckpt: 5, round: 2
I0528 23:08:53.096358 22685554661184 run_lib.py:284] sampling -- ckpt: 5, round: 3
I0528 23:09:25.991075 22685554661184 run_lib.py:284] sampling -- ckpt: 5, round: 4
I0528 23:09:58.932968 22685554661184 run_lib.py:284] sampling -- ckpt: 5, round: 5
I0528 23:10:31.880293 22685554661184 run_lib.py:284] sampling -- ckpt: 5, round: 6
I0528 23:11:04.838094 22685554661184 run_lib.py:284] sampling -- ckpt: 5, round: 7
I0528 23:11:37.809312 22685554661184 run_lib.py:284] sampling -- ckpt: 5, round: 8
I0528 23:12:10.792309 22685554661184 run_lib.py:284] sampling -- ckpt: 5, round: 9
I0528 23:12:43.754622 22685554661184 run_lib.py:284] sampling -- ckpt: 5, round: 10
I0528 23:13:16.728506 22685554661184 run_lib.py:284] sampling -- ckpt: 5, round: 11
I0528 23:13:49.725006 22685554661184 run_lib.py:284] sampling -- ckpt: 5, round: 12
I0528 23:14:22.709671 22685554661184 run_lib.py:284] sampling -- ckpt: 5, round: 13
I0528 23:14:55.698452 22685554661184 run_lib.py:284] sampling -- ckpt: 5, round: 14
I0528 23:15:28.675584 22685554661184 run_lib.py:284] sampling -- ckpt: 5, round: 15
I0528 23:16:01.658627 22685554661184 run_lib.py:284] sampling -- ckpt: 5, round: 16
I0528 23:16:34.630082 22685554661184 run_lib.py:284] sampling -- ckpt: 5, round: 17
I0528 23:17:07.611598 22685554661184 run_lib.py:284] sampling -- ckpt: 5, round: 18
I0528 23:17:40.610418 22685554661184 run_lib.py:284] sampling -- ckpt: 5, round: 19
I0528 23:18:13.591293 22685554661184 run_lib.py:284] sampling -- ckpt: 5, round: 20
I0528 23:18:46.575763 22685554661184 run_lib.py:284] sampling -- ckpt: 5, round: 21
I0528 23:19:19.555768 22685554661184 run_lib.py:284] sampling -- ckpt: 5, round: 22
I0528 23:19:52.535926 22685554661184 run_lib.py:284] sampling -- ckpt: 5, round: 23
I0528 23:20:25.500596 22685554661184 run_lib.py:284] sampling -- ckpt: 5, round: 24
I0528 23:20:58.474913 22685554661184 run_lib.py:284] sampling -- ckpt: 5, round: 25
I0528 23:21:31.438972 22685554661184 run_lib.py:284] sampling -- ckpt: 5, round: 26
I0528 23:22:04.427372 22685554661184 run_lib.py:284] sampling -- ckpt: 5, round: 27
I0528 23:22:37.385014 22685554661184 run_lib.py:284] sampling -- ckpt: 5, round: 28
I0528 23:23:10.354693 22685554661184 run_lib.py:284] sampling -- ckpt: 5, round: 29
I0528 23:23:43.313583 22685554661184 run_lib.py:284] sampling -- ckpt: 5, round: 30
I0528 23:24:16.272196 22685554661184 run_lib.py:284] sampling -- ckpt: 5, round: 31
I0528 23:24:49.244595 22685554661184 run_lib.py:284] sampling -- ckpt: 5, round: 32
I0528 23:25:22.201720 22685554661184 run_lib.py:284] sampling -- ckpt: 5, round: 33
I0528 23:25:55.168487 22685554661184 run_lib.py:284] sampling -- ckpt: 5, round: 34
I0528 23:26:28.147787 22685554661184 run_lib.py:284] sampling -- ckpt: 5, round: 35
I0528 23:27:01.122279 22685554661184 run_lib.py:284] sampling -- ckpt: 5, round: 36
I0528 23:27:34.086848 22685554661184 run_lib.py:284] sampling -- ckpt: 5, round: 37
I0528 23:28:07.091343 22685554661184 run_lib.py:284] sampling -- ckpt: 5, round: 38
I0528 23:28:40.068912 22685554661184 run_lib.py:284] sampling -- ckpt: 5, round: 39
I0528 23:29:13.028924 22685554661184 run_lib.py:284] sampling -- ckpt: 5, round: 40
I0528 23:29:46.000176 22685554661184 run_lib.py:284] sampling -- ckpt: 5, round: 41
I0528 23:30:18.970175 22685554661184 run_lib.py:284] sampling -- ckpt: 5, round: 42
I0528 23:30:51.960191 22685554661184 run_lib.py:284] sampling -- ckpt: 5, round: 43
I0528 23:31:24.943344 22685554661184 run_lib.py:284] sampling -- ckpt: 5, round: 44
I0528 23:31:57.913129 22685554661184 run_lib.py:284] sampling -- ckpt: 5, round: 45
I0528 23:32:30.897686 22685554661184 run_lib.py:284] sampling -- ckpt: 5, round: 46
I0528 23:33:03.876214 22685554661184 run_lib.py:284] sampling -- ckpt: 5, round: 47
I0528 23:33:36.865399 22685554661184 run_lib.py:284] sampling -- ckpt: 5, round: 48
I0528 23:34:49.151495 22685554661184 run_lib.py:280] /scratch/qingqu_root/qingqu1/shared_data/dpm_experiments/multistage/eval
I0528 23:34:49.162462 22685554661184 run_lib.py:284] sampling -- ckpt: 6, round: 0
I0528 23:35:22.156191 22685554661184 run_lib.py:284] sampling -- ckpt: 6, round: 1
I0528 23:35:54.952975 22685554661184 run_lib.py:284] sampling -- ckpt: 6, round: 2
I0528 23:36:27.825023 22685554661184 run_lib.py:284] sampling -- ckpt: 6, round: 3
I0528 23:37:00.738298 22685554661184 run_lib.py:284] sampling -- ckpt: 6, round: 4
I0528 23:37:33.692229 22685554661184 run_lib.py:284] sampling -- ckpt: 6, round: 5
I0528 23:38:06.665780 22685554661184 run_lib.py:284] sampling -- ckpt: 6, round: 6
I0528 23:38:39.638502 22685554661184 run_lib.py:284] sampling -- ckpt: 6, round: 7
I0528 23:39:12.626329 22685554661184 run_lib.py:284] sampling -- ckpt: 6, round: 8
I0528 23:39:45.614459 22685554661184 run_lib.py:284] sampling -- ckpt: 6, round: 9
I0528 23:40:18.617606 22685554661184 run_lib.py:284] sampling -- ckpt: 6, round: 10
I0528 23:40:51.626259 22685554661184 run_lib.py:284] sampling -- ckpt: 6, round: 11
I0528 23:41:24.634670 22685554661184 run_lib.py:284] sampling -- ckpt: 6, round: 12
I0528 23:41:57.638034 22685554661184 run_lib.py:284] sampling -- ckpt: 6, round: 13
I0528 23:42:30.657085 22685554661184 run_lib.py:284] sampling -- ckpt: 6, round: 14
I0528 23:43:03.669458 22685554661184 run_lib.py:284] sampling -- ckpt: 6, round: 15
I0528 23:43:36.675252 22685554661184 run_lib.py:284] sampling -- ckpt: 6, round: 16
I0528 23:44:09.667696 22685554661184 run_lib.py:284] sampling -- ckpt: 6, round: 17
I0528 23:44:42.656459 22685554661184 run_lib.py:284] sampling -- ckpt: 6, round: 18
I0528 23:45:15.666797 22685554661184 run_lib.py:284] sampling -- ckpt: 6, round: 19
I0528 23:45:48.665917 22685554661184 run_lib.py:284] sampling -- ckpt: 6, round: 20
I0528 23:46:21.673618 22685554661184 run_lib.py:284] sampling -- ckpt: 6, round: 21
I0528 23:46:54.668797 22685554661184 run_lib.py:284] sampling -- ckpt: 6, round: 22
I0528 23:47:27.651714 22685554661184 run_lib.py:284] sampling -- ckpt: 6, round: 23
I0528 23:48:00.641416 22685554661184 run_lib.py:284] sampling -- ckpt: 6, round: 24
I0528 23:48:33.629010 22685554661184 run_lib.py:284] sampling -- ckpt: 6, round: 25
I0528 23:49:06.622365 22685554661184 run_lib.py:284] sampling -- ckpt: 6, round: 26
I0528 23:49:39.605442 22685554661184 run_lib.py:284] sampling -- ckpt: 6, round: 27
I0528 23:50:12.608298 22685554661184 run_lib.py:284] sampling -- ckpt: 6, round: 28
I0528 23:50:45.603244 22685554661184 run_lib.py:284] sampling -- ckpt: 6, round: 29
I0528 23:51:18.582942 22685554661184 run_lib.py:284] sampling -- ckpt: 6, round: 30
I0528 23:51:51.574588 22685554661184 run_lib.py:284] sampling -- ckpt: 6, round: 31
I0528 23:52:24.570383 22685554661184 run_lib.py:284] sampling -- ckpt: 6, round: 32
I0528 23:52:57.573745 22685554661184 run_lib.py:284] sampling -- ckpt: 6, round: 33
I0528 23:53:30.568764 22685554661184 run_lib.py:284] sampling -- ckpt: 6, round: 34
I0528 23:54:03.572307 22685554661184 run_lib.py:284] sampling -- ckpt: 6, round: 35
I0528 23:54:36.591014 22685554661184 run_lib.py:284] sampling -- ckpt: 6, round: 36
I0528 23:55:09.572704 22685554661184 run_lib.py:284] sampling -- ckpt: 6, round: 37
I0528 23:55:42.553163 22685554661184 run_lib.py:284] sampling -- ckpt: 6, round: 38
I0528 23:56:15.551483 22685554661184 run_lib.py:284] sampling -- ckpt: 6, round: 39
I0528 23:56:48.530976 22685554661184 run_lib.py:284] sampling -- ckpt: 6, round: 40
I0528 23:57:21.527254 22685554661184 run_lib.py:284] sampling -- ckpt: 6, round: 41
I0528 23:57:54.527670 22685554661184 run_lib.py:284] sampling -- ckpt: 6, round: 42
I0528 23:58:27.525445 22685554661184 run_lib.py:284] sampling -- ckpt: 6, round: 43
I0528 23:59:00.520960 22685554661184 run_lib.py:284] sampling -- ckpt: 6, round: 44
I0528 23:59:33.527679 22685554661184 run_lib.py:284] sampling -- ckpt: 6, round: 45
I0529 00:00:06.521428 22685554661184 run_lib.py:284] sampling -- ckpt: 6, round: 46
I0529 00:00:39.508923 22685554661184 run_lib.py:284] sampling -- ckpt: 6, round: 47
I0529 00:01:12.497095 22685554661184 run_lib.py:284] sampling -- ckpt: 6, round: 48
I0529 00:02:29.809041 22685554661184 run_lib.py:280] /scratch/qingqu_root/qingqu1/shared_data/dpm_experiments/multistage/eval
I0529 00:02:29.823150 22685554661184 run_lib.py:284] sampling -- ckpt: 7, round: 0
I0529 00:03:02.778137 22685554661184 run_lib.py:284] sampling -- ckpt: 7, round: 1
I0529 00:03:35.566012 22685554661184 run_lib.py:284] sampling -- ckpt: 7, round: 2
I0529 00:04:08.409989 22685554661184 run_lib.py:284] sampling -- ckpt: 7, round: 3
I0529 00:04:41.310535 22685554661184 run_lib.py:284] sampling -- ckpt: 7, round: 4
I0529 00:05:14.243237 22685554661184 run_lib.py:284] sampling -- ckpt: 7, round: 5
I0529 00:05:47.184174 22685554661184 run_lib.py:284] sampling -- ckpt: 7, round: 6
I0529 00:06:20.134209 22685554661184 run_lib.py:284] sampling -- ckpt: 7, round: 7
I0529 00:06:53.105213 22685554661184 run_lib.py:284] sampling -- ckpt: 7, round: 8
I0529 00:07:26.076853 22685554661184 run_lib.py:284] sampling -- ckpt: 7, round: 9
I0529 00:07:59.051099 22685554661184 run_lib.py:284] sampling -- ckpt: 7, round: 10
I0529 00:08:32.029588 22685554661184 run_lib.py:284] sampling -- ckpt: 7, round: 11
I0529 00:09:04.980267 22685554661184 run_lib.py:284] sampling -- ckpt: 7, round: 12
I0529 00:09:37.931516 22685554661184 run_lib.py:284] sampling -- ckpt: 7, round: 13
I0529 00:10:10.925847 22685554661184 run_lib.py:284] sampling -- ckpt: 7, round: 14
I0529 00:10:43.914998 22685554661184 run_lib.py:284] sampling -- ckpt: 7, round: 15
I0529 00:11:16.889787 22685554661184 run_lib.py:284] sampling -- ckpt: 7, round: 16
I0529 00:11:49.845510 22685554661184 run_lib.py:284] sampling -- ckpt: 7, round: 17
I0529 00:12:22.808706 22685554661184 run_lib.py:284] sampling -- ckpt: 7, round: 18
I0529 00:12:55.761409 22685554661184 run_lib.py:284] sampling -- ckpt: 7, round: 19
I0529 00:13:28.717854 22685554661184 run_lib.py:284] sampling -- ckpt: 7, round: 20
I0529 00:14:01.695864 22685554661184 run_lib.py:284] sampling -- ckpt: 7, round: 21
I0529 00:14:34.664521 22685554661184 run_lib.py:284] sampling -- ckpt: 7, round: 22
I0529 00:15:07.635179 22685554661184 run_lib.py:284] sampling -- ckpt: 7, round: 23
I0529 00:15:40.603896 22685554661184 run_lib.py:284] sampling -- ckpt: 7, round: 24
I0529 00:16:13.578395 22685554661184 run_lib.py:284] sampling -- ckpt: 7, round: 25
I0529 00:16:46.556224 22685554661184 run_lib.py:284] sampling -- ckpt: 7, round: 26
I0529 00:17:19.522883 22685554661184 run_lib.py:284] sampling -- ckpt: 7, round: 27
I0529 00:17:52.490705 22685554661184 run_lib.py:284] sampling -- ckpt: 7, round: 28
I0529 00:18:25.455712 22685554661184 run_lib.py:284] sampling -- ckpt: 7, round: 29
I0529 00:18:58.419815 22685554661184 run_lib.py:284] sampling -- ckpt: 7, round: 30
I0529 00:19:31.379469 22685554661184 run_lib.py:284] sampling -- ckpt: 7, round: 31
I0529 00:20:04.341176 22685554661184 run_lib.py:284] sampling -- ckpt: 7, round: 32
I0529 00:20:37.294188 22685554661184 run_lib.py:284] sampling -- ckpt: 7, round: 33
I0529 00:21:10.246991 22685554661184 run_lib.py:284] sampling -- ckpt: 7, round: 34
I0529 00:21:43.229032 22685554661184 run_lib.py:284] sampling -- ckpt: 7, round: 35
I0529 00:22:16.189352 22685554661184 run_lib.py:284] sampling -- ckpt: 7, round: 36
I0529 00:22:49.152826 22685554661184 run_lib.py:284] sampling -- ckpt: 7, round: 37
I0529 00:23:22.126602 22685554661184 run_lib.py:284] sampling -- ckpt: 7, round: 38
I0529 00:23:55.116227 22685554661184 run_lib.py:284] sampling -- ckpt: 7, round: 39
I0529 00:24:28.111049 22685554661184 run_lib.py:284] sampling -- ckpt: 7, round: 40
I0529 00:25:01.093605 22685554661184 run_lib.py:284] sampling -- ckpt: 7, round: 41
I0529 00:25:34.102714 22685554661184 run_lib.py:284] sampling -- ckpt: 7, round: 42
I0529 00:26:07.083545 22685554661184 run_lib.py:284] sampling -- ckpt: 7, round: 43
I0529 00:26:40.064418 22685554661184 run_lib.py:284] sampling -- ckpt: 7, round: 44
I0529 00:27:13.043289 22685554661184 run_lib.py:284] sampling -- ckpt: 7, round: 45
I0529 00:27:46.020566 22685554661184 run_lib.py:284] sampling -- ckpt: 7, round: 46
I0529 00:28:19.014134 22685554661184 run_lib.py:284] sampling -- ckpt: 7, round: 47
I0529 00:28:52.000861 22685554661184 run_lib.py:284] sampling -- ckpt: 7, round: 48
I0529 00:30:10.786253 22685554661184 run_lib.py:280] /scratch/qingqu_root/qingqu1/shared_data/dpm_experiments/multistage/eval
I0529 00:30:10.800818 22685554661184 run_lib.py:284] sampling -- ckpt: 8, round: 0
I0529 00:30:43.610656 22685554661184 run_lib.py:284] sampling -- ckpt: 8, round: 1
I0529 00:31:16.239322 22685554661184 run_lib.py:284] sampling -- ckpt: 8, round: 2
I0529 00:31:48.912769 22685554661184 run_lib.py:284] sampling -- ckpt: 8, round: 3
I0529 00:32:21.593392 22685554661184 run_lib.py:284] sampling -- ckpt: 8, round: 4
I0529 00:32:54.313979 22685554661184 run_lib.py:284] sampling -- ckpt: 8, round: 5
I0529 00:33:27.041861 22685554661184 run_lib.py:284] sampling -- ckpt: 8, round: 6
I0529 00:33:59.752119 22685554661184 run_lib.py:284] sampling -- ckpt: 8, round: 7
I0529 00:34:32.495670 22685554661184 run_lib.py:284] sampling -- ckpt: 8, round: 8
I0529 00:35:05.237252 22685554661184 run_lib.py:284] sampling -- ckpt: 8, round: 9
I0529 00:35:38.028471 22685554661184 run_lib.py:284] sampling -- ckpt: 8, round: 10
I0529 00:36:10.867423 22685554661184 run_lib.py:284] sampling -- ckpt: 8, round: 11
I0529 00:36:43.719462 22685554661184 run_lib.py:284] sampling -- ckpt: 8, round: 12
I0529 00:37:16.513227 22685554661184 run_lib.py:284] sampling -- ckpt: 8, round: 13
I0529 00:37:49.284744 22685554661184 run_lib.py:284] sampling -- ckpt: 8, round: 14
I0529 00:38:22.037451 22685554661184 run_lib.py:284] sampling -- ckpt: 8, round: 15
I0529 00:38:54.839885 22685554661184 run_lib.py:284] sampling -- ckpt: 8, round: 16
I0529 00:39:27.668547 22685554661184 run_lib.py:284] sampling -- ckpt: 8, round: 17
I0529 00:40:00.543615 22685554661184 run_lib.py:284] sampling -- ckpt: 8, round: 18
I0529 00:40:33.463828 22685554661184 run_lib.py:284] sampling -- ckpt: 8, round: 19
I0529 00:41:06.395996 22685554661184 run_lib.py:284] sampling -- ckpt: 8, round: 20
I0529 00:41:39.358386 22685554661184 run_lib.py:284] sampling -- ckpt: 8, round: 21
I0529 00:42:12.304359 22685554661184 run_lib.py:284] sampling -- ckpt: 8, round: 22
I0529 00:42:45.277026 22685554661184 run_lib.py:284] sampling -- ckpt: 8, round: 23
I0529 00:43:18.245352 22685554661184 run_lib.py:284] sampling -- ckpt: 8, round: 24
I0529 00:43:51.229446 22685554661184 run_lib.py:284] sampling -- ckpt: 8, round: 25
I0529 00:44:24.195072 22685554661184 run_lib.py:284] sampling -- ckpt: 8, round: 26
I0529 00:44:57.178471 22685554661184 run_lib.py:284] sampling -- ckpt: 8, round: 27
I0529 00:45:30.159739 22685554661184 run_lib.py:284] sampling -- ckpt: 8, round: 28
I0529 00:46:03.132523 22685554661184 run_lib.py:284] sampling -- ckpt: 8, round: 29
I0529 00:46:36.114123 22685554661184 run_lib.py:284] sampling -- ckpt: 8, round: 30
I0529 00:47:09.095564 22685554661184 run_lib.py:284] sampling -- ckpt: 8, round: 31
I0529 00:47:42.082473 22685554661184 run_lib.py:284] sampling -- ckpt: 8, round: 32
I0529 00:48:15.065265 22685554661184 run_lib.py:284] sampling -- ckpt: 8, round: 33
I0529 00:48:48.043527 22685554661184 run_lib.py:284] sampling -- ckpt: 8, round: 34
I0529 00:49:21.035434 22685554661184 run_lib.py:284] sampling -- ckpt: 8, round: 35
I0529 00:49:54.017618 22685554661184 run_lib.py:284] sampling -- ckpt: 8, round: 36
I0529 00:50:26.989940 22685554661184 run_lib.py:284] sampling -- ckpt: 8, round: 37
I0529 00:50:59.961682 22685554661184 run_lib.py:284] sampling -- ckpt: 8, round: 38
I0529 00:51:32.941211 22685554661184 run_lib.py:284] sampling -- ckpt: 8, round: 39
I0529 00:52:05.913395 22685554661184 run_lib.py:284] sampling -- ckpt: 8, round: 40
I0529 00:52:38.895697 22685554661184 run_lib.py:284] sampling -- ckpt: 8, round: 41
I0529 00:53:11.890793 22685554661184 run_lib.py:284] sampling -- ckpt: 8, round: 42
I0529 00:53:44.910711 22685554661184 run_lib.py:284] sampling -- ckpt: 8, round: 43
I0529 00:54:17.928580 22685554661184 run_lib.py:284] sampling -- ckpt: 8, round: 44
I0529 00:54:50.921819 22685554661184 run_lib.py:284] sampling -- ckpt: 8, round: 45
I0529 00:55:23.907855 22685554661184 run_lib.py:284] sampling -- ckpt: 8, round: 46
I0529 00:55:56.887846 22685554661184 run_lib.py:284] sampling -- ckpt: 8, round: 47
I0529 00:56:29.855113 22685554661184 run_lib.py:284] sampling -- ckpt: 8, round: 48
I0529 00:57:48.261516 22685554661184 run_lib.py:280] /scratch/qingqu_root/qingqu1/shared_data/dpm_experiments/multistage/eval
I0529 00:57:48.278585 22685554661184 run_lib.py:284] sampling -- ckpt: 9, round: 0
I0529 00:58:21.231331 22685554661184 run_lib.py:284] sampling -- ckpt: 9, round: 1
I0529 00:58:54.013739 22685554661184 run_lib.py:284] sampling -- ckpt: 9, round: 2
I0529 00:59:26.852409 22685554661184 run_lib.py:284] sampling -- ckpt: 9, round: 3
I0529 00:59:59.751010 22685554661184 run_lib.py:284] sampling -- ckpt: 9, round: 4
I0529 01:00:32.689388 22685554661184 run_lib.py:284] sampling -- ckpt: 9, round: 5
I0529 01:01:05.642688 22685554661184 run_lib.py:284] sampling -- ckpt: 9, round: 6
I0529 01:01:38.609435 22685554661184 run_lib.py:284] sampling -- ckpt: 9, round: 7
I0529 01:02:11.592364 22685554661184 run_lib.py:284] sampling -- ckpt: 9, round: 8
I0529 01:02:44.572997 22685554661184 run_lib.py:284] sampling -- ckpt: 9, round: 9
I0529 01:03:17.441899 22685554661184 run_lib.py:284] sampling -- ckpt: 9, round: 10
I0529 01:03:50.291803 22685554661184 run_lib.py:284] sampling -- ckpt: 9, round: 11
I0529 01:04:23.204378 22685554661184 run_lib.py:284] sampling -- ckpt: 9, round: 12
I0529 01:04:56.139634 22685554661184 run_lib.py:284] sampling -- ckpt: 9, round: 13
I0529 01:05:29.049086 22685554661184 run_lib.py:284] sampling -- ckpt: 9, round: 14
I0529 01:06:01.867033 22685554661184 run_lib.py:284] sampling -- ckpt: 9, round: 15
I0529 01:06:34.642384 22685554661184 run_lib.py:284] sampling -- ckpt: 9, round: 16
I0529 01:07:07.406989 22685554661184 run_lib.py:284] sampling -- ckpt: 9, round: 17
I0529 01:07:40.163242 22685554661184 run_lib.py:284] sampling -- ckpt: 9, round: 18
I0529 01:08:12.918636 22685554661184 run_lib.py:284] sampling -- ckpt: 9, round: 19
I0529 01:08:45.636841 22685554661184 run_lib.py:284] sampling -- ckpt: 9, round: 20
I0529 01:09:18.356490 22685554661184 run_lib.py:284] sampling -- ckpt: 9, round: 21
I0529 01:09:51.093382 22685554661184 run_lib.py:284] sampling -- ckpt: 9, round: 22
I0529 01:10:23.834125 22685554661184 run_lib.py:284] sampling -- ckpt: 9, round: 23
I0529 01:10:56.583253 22685554661184 run_lib.py:284] sampling -- ckpt: 9, round: 24
I0529 01:11:29.343497 22685554661184 run_lib.py:284] sampling -- ckpt: 9, round: 25
I0529 01:12:02.051435 22685554661184 run_lib.py:284] sampling -- ckpt: 9, round: 26
I0529 01:12:34.770061 22685554661184 run_lib.py:284] sampling -- ckpt: 9, round: 27
I0529 01:13:07.498971 22685554661184 run_lib.py:284] sampling -- ckpt: 9, round: 28
I0529 01:13:40.229599 22685554661184 run_lib.py:284] sampling -- ckpt: 9, round: 29
I0529 01:14:12.971693 22685554661184 run_lib.py:284] sampling -- ckpt: 9, round: 30
I0529 01:14:45.716786 22685554661184 run_lib.py:284] sampling -- ckpt: 9, round: 31
I0529 01:15:18.467867 22685554661184 run_lib.py:284] sampling -- ckpt: 9, round: 32
I0529 01:15:51.195296 22685554661184 run_lib.py:284] sampling -- ckpt: 9, round: 33
I0529 01:16:23.929729 22685554661184 run_lib.py:284] sampling -- ckpt: 9, round: 34
I0529 01:16:56.691342 22685554661184 run_lib.py:284] sampling -- ckpt: 9, round: 35
I0529 01:17:29.424440 22685554661184 run_lib.py:284] sampling -- ckpt: 9, round: 36
I0529 01:18:02.160788 22685554661184 run_lib.py:284] sampling -- ckpt: 9, round: 37
I0529 01:18:34.941784 22685554661184 run_lib.py:284] sampling -- ckpt: 9, round: 38
I0529 01:19:07.770520 22685554661184 run_lib.py:284] sampling -- ckpt: 9, round: 39
I0529 01:19:40.663458 22685554661184 run_lib.py:284] sampling -- ckpt: 9, round: 40
I0529 01:20:13.585523 22685554661184 run_lib.py:284] sampling -- ckpt: 9, round: 41
I0529 01:20:46.532676 22685554661184 run_lib.py:284] sampling -- ckpt: 9, round: 42
I0529 01:21:19.492690 22685554661184 run_lib.py:284] sampling -- ckpt: 9, round: 43
I0529 01:21:52.464038 22685554661184 run_lib.py:284] sampling -- ckpt: 9, round: 44
I0529 01:22:25.450020 22685554661184 run_lib.py:284] sampling -- ckpt: 9, round: 45
I0529 01:22:58.431806 22685554661184 run_lib.py:284] sampling -- ckpt: 9, round: 46
I0529 01:23:31.419426 22685554661184 run_lib.py:284] sampling -- ckpt: 9, round: 47
I0529 01:24:04.394598 22685554661184 run_lib.py:284] sampling -- ckpt: 9, round: 48
2023-05-29 01:24:55.854436: I tensorflow/core/platform/cpu_feature_guard.cc:193] This TensorFlow binary is optimized with oneAPI Deep Neural Network Library (oneDNN) to use the following CPU instructions in performance-critical operations:  AVX2 AVX512F AVX512_VNNI FMA
To enable them in other operations, rebuild TensorFlow with the appropriate compiler flags.
2023-05-29 01:24:55.963837: I tensorflow/core/util/port.cc:104] oneDNN custom operations are on. You may see slightly different numerical results due to floating-point round-off errors from different computation orders. To turn them off, set the environment variable `TF_ENABLE_ONEDNN_OPTS=0`.
2023-05-29 01:24:57.693151: W tensorflow/compiler/xla/stream_executor/platform/default/dso_loader.cc:64] Could not load dynamic library 'libnvinfer.so.7'; dlerror: libnvinfer.so.7: cannot open shared object file: No such file or directory; LD_LIBRARY_PATH: /sw/pkgs/arc/cudnn/11.7-v8.7.0/lib64:/sw/pkgs/arc/cuda/11.7.1/lib64:/opt/slurm/lib64::
2023-05-29 01:24:57.693252: W tensorflow/compiler/xla/stream_executor/platform/default/dso_loader.cc:64] Could not load dynamic library 'libnvinfer_plugin.so.7'; dlerror: libnvinfer_plugin.so.7: cannot open shared object file: No such file or directory; LD_LIBRARY_PATH: /sw/pkgs/arc/cudnn/11.7-v8.7.0/lib64:/sw/pkgs/arc/cuda/11.7.1/lib64:/opt/slurm/lib64::
2023-05-29 01:24:57.693264: W tensorflow/compiler/tf2tensorrt/utils/py_utils.cc:38] TF-TRT Warning: Cannot dlopen some TensorRT libraries. If you would like to use Nvidia GPU with TensorRT, please make sure the missing libraries mentioned above are installed properly.
/home/yifulu/.conda/envs/dpm2/lib/python3.8/site-packages/tensorflow_io/python/ops/__init__.py:98: UserWarning: unable to load libtensorflow_io_plugins.so: unable to open file: libtensorflow_io_plugins.so, from paths: ['/home/yifulu/.conda/envs/dpm2/lib/python3.8/site-packages/tensorflow_io/python/ops/libtensorflow_io_plugins.so']
caused by: ['/home/yifulu/.conda/envs/dpm2/lib/python3.8/site-packages/tensorflow_io/python/ops/libtensorflow_io_plugins.so: undefined symbol: _ZN3tsl6StatusC1EN10tensorflow5error4CodeESt17basic_string_viewIcSt11char_traitsIcEENS_18SourceLocationImplE']
  warnings.warn(f"unable to load libtensorflow_io_plugins.so: {e}")
/home/yifulu/.conda/envs/dpm2/lib/python3.8/site-packages/tensorflow_io/python/ops/__init__.py:104: UserWarning: file system plugins are not loaded: unable to open file: libtensorflow_io.so, from paths: ['/home/yifulu/.conda/envs/dpm2/lib/python3.8/site-packages/tensorflow_io/python/ops/libtensorflow_io.so']
caused by: ['/home/yifulu/.conda/envs/dpm2/lib/python3.8/site-packages/tensorflow_io/python/ops/libtensorflow_io.so: undefined symbol: _ZTVN3tsl13GcsFileSystemE']
  warnings.warn(f"file system plugins are not loaded: {e}")
WARNING:tensorflow:From /home/yifulu/.conda/envs/dpm2/lib/python3.8/site-packages/tensorflow_gan/python/estimator/tpu_gan_estimator.py:42: The name tf.estimator.tpu.TPUEstimator is deprecated. Please use tf.compat.v1.estimator.tpu.TPUEstimator instead.

/home/yifulu/.conda/envs/dpm2/lib/python3.8/site-packages/absl/flags/_validators.py:254: UserWarning: Flag --eval_folder has a non-None default value; therefore, mark_flag_as_required will pass even if flag is not specified in the command line!
  mark_flag_as_required(flag_name, flag_values)
I0529 01:25:17.788026 22417685051200 resolver.py:108] Using /tmp/tfhub_modules to cache modules.
I0529 01:25:17.788697 22417685051200 resolver.py:419] Downloading TF-Hub Module 'https://tfhub.dev/tensorflow/tfgan/eval/inception/1'.
I0529 01:25:37.387842 22417685051200 resolver.py:157] Downloading https://tfhub.dev/tensorflow/tfgan/eval/inception/1: 50.00MB
I0529 01:25:55.912856 22417685051200 resolver.py:157] Downloading https://tfhub.dev/tensorflow/tfgan/eval/inception/1: 100.00MB
I0529 01:26:14.400964 22417685051200 resolver.py:157] Downloading https://tfhub.dev/tensorflow/tfgan/eval/inception/1: 150.00MB
I0529 01:26:33.151002 22417685051200 resolver.py:157] Downloading https://tfhub.dev/tensorflow/tfgan/eval/inception/1: 200.00MB
I0529 01:26:51.133659 22417685051200 resolver.py:157] Downloading https://tfhub.dev/tensorflow/tfgan/eval/inception/1: 250.00MB
I0529 01:26:59.839589 22417685051200 resolver.py:157] Downloaded https://tfhub.dev/tensorflow/tfgan/eval/inception/1, Total size: 273.09MB
I0529 01:26:59.840008 22417685051200 resolver.py:434] Downloaded TF-Hub Module 'https://tfhub.dev/tensorflow/tfgan/eval/inception/1'.
2023-05-29 01:27:02.714739: I tensorflow/core/common_runtime/gpu/gpu_device.cc:1613] Created device /job:localhost/replica:0/task:0/device:GPU:0 with 43102 MB memory:  -> device: 0, name: NVIDIA A40, pci bus id: 0000:1d:00.0, compute capability: 8.6
I0529 01:27:05.067035 22417685051200 evaluation_fromsample.py:48] begin checkpoint: 1
I0529 01:27:05.067293 22417685051200 evaluation_fromsample.py:52] /scratch/qingqu_root/qingqu1/shared_data/dpm_experiments/multistage/eval
I0529 01:27:05.068658 22417685051200 evaluation_fromsample.py:67] evaluation -- ckpt: 1, round: 0
I0529 01:27:06.644566 22417685051200 xla_bridge.py:440] Unable to initialize backend 'cuda': module 'jaxlib.xla_extension' has no attribute 'GpuAllocatorConfig'
I0529 01:27:06.644708 22417685051200 xla_bridge.py:440] Unable to initialize backend 'rocm': module 'jaxlib.xla_extension' has no attribute 'GpuAllocatorConfig'
I0529 01:27:06.761932 22417685051200 xla_bridge.py:440] Unable to initialize backend 'tpu': INVALID_ARGUMENT: TpuPlatform is not available.
I0529 01:27:06.762051 22417685051200 xla_bridge.py:440] Unable to initialize backend 'plugin': xla_extension has no attributes named get_plugin_device_client. Compile TensorFlow with //tensorflow/compiler/xla/python:enable_plugin_device set to true (defaults to false) to enable this.
W0529 01:27:06.762109 22417685051200 xla_bridge.py:448] No GPU/TPU found, falling back to CPU. (Set TF_CPP_MIN_LOG_LEVEL=0 and rerun for more info.)
WARNING:tensorflow:From /home/yifulu/.conda/envs/dpm2/lib/python3.8/site-packages/tensorflow/python/autograph/pyct/static_analysis/liveness.py:83: Analyzer.lamba_check (from tensorflow.python.autograph.pyct.static_analysis.liveness) is deprecated and will be removed after 2023-09-23.
Instructions for updating:
Lambda fuctions will be no more assumed to be used in the statement where they are used, or at least in the same block. https://github.com/tensorflow/tensorflow/issues/56089
W0529 01:27:08.064732 22417685051200 deprecation.py:350] From /home/yifulu/.conda/envs/dpm2/lib/python3.8/site-packages/tensorflow/python/autograph/pyct/static_analysis/liveness.py:83: Analyzer.lamba_check (from tensorflow.python.autograph.pyct.static_analysis.liveness) is deprecated and will be removed after 2023-09-23.
Instructions for updating:
Lambda fuctions will be no more assumed to be used in the statement where they are used, or at least in the same block. https://github.com/tensorflow/tensorflow/issues/56089
2023-05-29 01:27:14.571805: I tensorflow/compiler/xla/stream_executor/cuda/cuda_dnn.cc:428] Loaded cuDNN version 8700
2023-05-29 01:27:17.059285: W tensorflow/core/kernels/gpu_utils.cc:50] Failed to allocate memory for convolution redzone checking; skipping this check. This is benign and only means that we won't check cudnn for out-of-bounds reads and writes. This message will only be printed once.
2023-05-29 01:27:23.874762: I tensorflow/compiler/xla/stream_executor/cuda/cuda_blas.cc:630] TensorFloat-32 will be used for the matrix multiplication. This will only be logged once.
/home/yifulu/.conda/envs/dpm2/lib/python3.8/site-packages/tensorflow/python/util/nest.py:917: UserWarning: `tf.layers.flatten` is deprecated and will be removed in a future version. Please use `tf.keras.layers.Flatten` instead.
  structure[0], [func(*x) for x in entries],
/home/yifulu/.conda/envs/dpm2/lib/python3.8/site-packages/keras/legacy_tf_layers/base.py:627: UserWarning: `layer.updates` will be removed in a future version. This property should not be used in TensorFlow 2.0, as `updates` are applied automatically.
  self.updates, tf.compat.v1.GraphKeys.UPDATE_OPS
I0529 01:27:24.522187 22417685051200 evaluation_fromsample.py:67] evaluation -- ckpt: 1, round: 1
I0529 01:27:25.969489 22417685051200 evaluation_fromsample.py:67] evaluation -- ckpt: 1, round: 10
I0529 01:27:27.437863 22417685051200 evaluation_fromsample.py:67] evaluation -- ckpt: 1, round: 11
I0529 01:27:28.882774 22417685051200 evaluation_fromsample.py:67] evaluation -- ckpt: 1, round: 12
I0529 01:27:30.336566 22417685051200 evaluation_fromsample.py:67] evaluation -- ckpt: 1, round: 13
I0529 01:27:31.801996 22417685051200 evaluation_fromsample.py:67] evaluation -- ckpt: 1, round: 14
I0529 01:27:33.248457 22417685051200 evaluation_fromsample.py:67] evaluation -- ckpt: 1, round: 15
I0529 01:27:34.688696 22417685051200 evaluation_fromsample.py:67] evaluation -- ckpt: 1, round: 16
I0529 01:27:36.152574 22417685051200 evaluation_fromsample.py:67] evaluation -- ckpt: 1, round: 17
I0529 01:27:37.620804 22417685051200 evaluation_fromsample.py:67] evaluation -- ckpt: 1, round: 18
I0529 01:27:39.059195 22417685051200 evaluation_fromsample.py:67] evaluation -- ckpt: 1, round: 19
I0529 01:27:40.545610 22417685051200 evaluation_fromsample.py:67] evaluation -- ckpt: 1, round: 2
I0529 01:27:41.994099 22417685051200 evaluation_fromsample.py:67] evaluation -- ckpt: 1, round: 20
I0529 01:27:43.444023 22417685051200 evaluation_fromsample.py:67] evaluation -- ckpt: 1, round: 21
I0529 01:27:44.896239 22417685051200 evaluation_fromsample.py:67] evaluation -- ckpt: 1, round: 22
I0529 01:27:46.363745 22417685051200 evaluation_fromsample.py:67] evaluation -- ckpt: 1, round: 23
I0529 01:27:47.848475 22417685051200 evaluation_fromsample.py:67] evaluation -- ckpt: 1, round: 24
I0529 01:27:49.308385 22417685051200 evaluation_fromsample.py:67] evaluation -- ckpt: 1, round: 25
I0529 01:27:50.763366 22417685051200 evaluation_fromsample.py:67] evaluation -- ckpt: 1, round: 26
I0529 01:27:52.217093 22417685051200 evaluation_fromsample.py:67] evaluation -- ckpt: 1, round: 27
I0529 01:27:53.656820 22417685051200 evaluation_fromsample.py:67] evaluation -- ckpt: 1, round: 28
I0529 01:27:55.108813 22417685051200 evaluation_fromsample.py:67] evaluation -- ckpt: 1, round: 29
I0529 01:27:56.599151 22417685051200 evaluation_fromsample.py:67] evaluation -- ckpt: 1, round: 3
I0529 01:27:58.044229 22417685051200 evaluation_fromsample.py:67] evaluation -- ckpt: 1, round: 30
I0529 01:27:59.521538 22417685051200 evaluation_fromsample.py:67] evaluation -- ckpt: 1, round: 31
I0529 01:28:00.975492 22417685051200 evaluation_fromsample.py:67] evaluation -- ckpt: 1, round: 32
I0529 01:28:02.431432 22417685051200 evaluation_fromsample.py:67] evaluation -- ckpt: 1, round: 33
I0529 01:28:03.894652 22417685051200 evaluation_fromsample.py:67] evaluation -- ckpt: 1, round: 34
I0529 01:28:05.337901 22417685051200 evaluation_fromsample.py:67] evaluation -- ckpt: 1, round: 35
I0529 01:28:06.786568 22417685051200 evaluation_fromsample.py:67] evaluation -- ckpt: 1, round: 36
I0529 01:28:08.266706 22417685051200 evaluation_fromsample.py:67] evaluation -- ckpt: 1, round: 37
I0529 01:28:09.740072 22417685051200 evaluation_fromsample.py:67] evaluation -- ckpt: 1, round: 38
I0529 01:28:11.207602 22417685051200 evaluation_fromsample.py:67] evaluation -- ckpt: 1, round: 39
I0529 01:28:12.674497 22417685051200 evaluation_fromsample.py:67] evaluation -- ckpt: 1, round: 4
I0529 01:28:14.128851 22417685051200 evaluation_fromsample.py:67] evaluation -- ckpt: 1, round: 40
I0529 01:28:15.579951 22417685051200 evaluation_fromsample.py:67] evaluation -- ckpt: 1, round: 41
I0529 01:28:17.028518 22417685051200 evaluation_fromsample.py:67] evaluation -- ckpt: 1, round: 42
I0529 01:28:18.479296 22417685051200 evaluation_fromsample.py:67] evaluation -- ckpt: 1, round: 43
I0529 01:28:19.929383 22417685051200 evaluation_fromsample.py:67] evaluation -- ckpt: 1, round: 44
I0529 01:28:21.374421 22417685051200 evaluation_fromsample.py:67] evaluation -- ckpt: 1, round: 45
I0529 01:28:22.913487 22417685051200 evaluation_fromsample.py:67] evaluation -- ckpt: 1, round: 46
I0529 01:28:24.388418 22417685051200 evaluation_fromsample.py:67] evaluation -- ckpt: 1, round: 47
I0529 01:28:25.852991 22417685051200 evaluation_fromsample.py:67] evaluation -- ckpt: 1, round: 48
I0529 01:28:27.328438 22417685051200 evaluation_fromsample.py:67] evaluation -- ckpt: 1, round: 5
I0529 01:28:28.777558 22417685051200 evaluation_fromsample.py:67] evaluation -- ckpt: 1, round: 6
I0529 01:28:30.254635 22417685051200 evaluation_fromsample.py:67] evaluation -- ckpt: 1, round: 7
I0529 01:28:31.772765 22417685051200 evaluation_fromsample.py:67] evaluation -- ckpt: 1, round: 8
I0529 01:28:33.226182 22417685051200 evaluation_fromsample.py:67] evaluation -- ckpt: 1, round: 9
I0529 01:29:02.267782 22417685051200 evaluation_fromsample.py:105] ckpt-1 --- FID: 1.486604e+01
I0529 01:29:02.268739 22417685051200 evaluation_fromsample.py:52] /scratch/qingqu_root/qingqu1/shared_data/dpm_experiments/multistage/eval
I0529 01:29:02.269927 22417685051200 evaluation_fromsample.py:67] evaluation -- ckpt: 2, round: 0
I0529 01:29:03.708291 22417685051200 evaluation_fromsample.py:67] evaluation -- ckpt: 2, round: 1
I0529 01:29:05.152247 22417685051200 evaluation_fromsample.py:67] evaluation -- ckpt: 2, round: 10
I0529 01:29:06.618098 22417685051200 evaluation_fromsample.py:67] evaluation -- ckpt: 2, round: 11
I0529 01:29:08.073662 22417685051200 evaluation_fromsample.py:67] evaluation -- ckpt: 2, round: 12
I0529 01:29:09.600214 22417685051200 evaluation_fromsample.py:67] evaluation -- ckpt: 2, round: 13
I0529 01:29:11.067577 22417685051200 evaluation_fromsample.py:67] evaluation -- ckpt: 2, round: 14
I0529 01:29:12.519193 22417685051200 evaluation_fromsample.py:67] evaluation -- ckpt: 2, round: 15
I0529 01:29:13.961025 22417685051200 evaluation_fromsample.py:67] evaluation -- ckpt: 2, round: 16
I0529 01:29:15.415499 22417685051200 evaluation_fromsample.py:67] evaluation -- ckpt: 2, round: 17
I0529 01:29:16.877429 22417685051200 evaluation_fromsample.py:67] evaluation -- ckpt: 2, round: 18
I0529 01:29:18.397800 22417685051200 evaluation_fromsample.py:67] evaluation -- ckpt: 2, round: 19
I0529 01:29:19.879526 22417685051200 evaluation_fromsample.py:67] evaluation -- ckpt: 2, round: 2
I0529 01:29:21.341692 22417685051200 evaluation_fromsample.py:67] evaluation -- ckpt: 2, round: 20
I0529 01:29:22.786364 22417685051200 evaluation_fromsample.py:67] evaluation -- ckpt: 2, round: 21
I0529 01:29:24.239586 22417685051200 evaluation_fromsample.py:67] evaluation -- ckpt: 2, round: 22
I0529 01:29:25.730012 22417685051200 evaluation_fromsample.py:67] evaluation -- ckpt: 2, round: 23
I0529 01:29:27.177605 22417685051200 evaluation_fromsample.py:67] evaluation -- ckpt: 2, round: 24
I0529 01:29:28.638006 22417685051200 evaluation_fromsample.py:67] evaluation -- ckpt: 2, round: 25
I0529 01:29:30.240269 22417685051200 evaluation_fromsample.py:67] evaluation -- ckpt: 2, round: 26
I0529 01:29:31.689749 22417685051200 evaluation_fromsample.py:67] evaluation -- ckpt: 2, round: 27
I0529 01:29:33.148159 22417685051200 evaluation_fromsample.py:67] evaluation -- ckpt: 2, round: 28
I0529 01:29:34.600942 22417685051200 evaluation_fromsample.py:67] evaluation -- ckpt: 2, round: 29
I0529 01:29:36.043512 22417685051200 evaluation_fromsample.py:67] evaluation -- ckpt: 2, round: 3
I0529 01:29:37.480836 22417685051200 evaluation_fromsample.py:67] evaluation -- ckpt: 2, round: 30
I0529 01:29:38.927182 22417685051200 evaluation_fromsample.py:67] evaluation -- ckpt: 2, round: 31
I0529 01:29:40.393986 22417685051200 evaluation_fromsample.py:67] evaluation -- ckpt: 2, round: 32
I0529 01:29:41.866585 22417685051200 evaluation_fromsample.py:67] evaluation -- ckpt: 2, round: 33
I0529 01:29:43.337847 22417685051200 evaluation_fromsample.py:67] evaluation -- ckpt: 2, round: 34
I0529 01:29:44.776015 22417685051200 evaluation_fromsample.py:67] evaluation -- ckpt: 2, round: 35
I0529 01:29:46.398903 22417685051200 evaluation_fromsample.py:67] evaluation -- ckpt: 2, round: 36
I0529 01:29:47.859346 22417685051200 evaluation_fromsample.py:67] evaluation -- ckpt: 2, round: 37
I0529 01:29:49.334077 22417685051200 evaluation_fromsample.py:67] evaluation -- ckpt: 2, round: 38
I0529 01:29:50.780154 22417685051200 evaluation_fromsample.py:67] evaluation -- ckpt: 2, round: 39
I0529 01:29:52.251046 22417685051200 evaluation_fromsample.py:67] evaluation -- ckpt: 2, round: 4
I0529 01:29:53.694924 22417685051200 evaluation_fromsample.py:67] evaluation -- ckpt: 2, round: 40
I0529 01:29:55.592648 22417685051200 evaluation_fromsample.py:67] evaluation -- ckpt: 2, round: 41
I0529 01:29:57.065727 22417685051200 evaluation_fromsample.py:67] evaluation -- ckpt: 2, round: 42
I0529 01:29:58.507061 22417685051200 evaluation_fromsample.py:67] evaluation -- ckpt: 2, round: 43
I0529 01:29:59.964704 22417685051200 evaluation_fromsample.py:67] evaluation -- ckpt: 2, round: 44
I0529 01:30:01.419641 22417685051200 evaluation_fromsample.py:67] evaluation -- ckpt: 2, round: 45
I0529 01:30:02.953643 22417685051200 evaluation_fromsample.py:67] evaluation -- ckpt: 2, round: 46
I0529 01:30:04.422480 22417685051200 evaluation_fromsample.py:67] evaluation -- ckpt: 2, round: 47
I0529 01:30:05.894522 22417685051200 evaluation_fromsample.py:67] evaluation -- ckpt: 2, round: 48
I0529 01:30:07.359323 22417685051200 evaluation_fromsample.py:67] evaluation -- ckpt: 2, round: 5
I0529 01:30:08.835566 22417685051200 evaluation_fromsample.py:67] evaluation -- ckpt: 2, round: 6
I0529 01:30:10.286705 22417685051200 evaluation_fromsample.py:67] evaluation -- ckpt: 2, round: 7
I0529 01:30:11.762481 22417685051200 evaluation_fromsample.py:67] evaluation -- ckpt: 2, round: 8
I0529 01:30:13.207081 22417685051200 evaluation_fromsample.py:67] evaluation -- ckpt: 2, round: 9
I0529 01:30:26.368487 22417685051200 evaluation_fromsample.py:105] ckpt-2 --- FID: 8.177210e+00
I0529 01:30:26.369815 22417685051200 evaluation_fromsample.py:52] /scratch/qingqu_root/qingqu1/shared_data/dpm_experiments/multistage/eval
I0529 01:30:26.371119 22417685051200 evaluation_fromsample.py:67] evaluation -- ckpt: 3, round: 0
I0529 01:30:27.934004 22417685051200 evaluation_fromsample.py:67] evaluation -- ckpt: 3, round: 1
I0529 01:30:29.374095 22417685051200 evaluation_fromsample.py:67] evaluation -- ckpt: 3, round: 10
I0529 01:30:30.833539 22417685051200 evaluation_fromsample.py:67] evaluation -- ckpt: 3, round: 11
I0529 01:30:32.275471 22417685051200 evaluation_fromsample.py:67] evaluation -- ckpt: 3, round: 12
I0529 01:30:33.719100 22417685051200 evaluation_fromsample.py:67] evaluation -- ckpt: 3, round: 13
I0529 01:30:35.165993 22417685051200 evaluation_fromsample.py:67] evaluation -- ckpt: 3, round: 14
I0529 01:30:36.651549 22417685051200 evaluation_fromsample.py:67] evaluation -- ckpt: 3, round: 15
I0529 01:30:38.162530 22417685051200 evaluation_fromsample.py:67] evaluation -- ckpt: 3, round: 16
I0529 01:30:39.617126 22417685051200 evaluation_fromsample.py:67] evaluation -- ckpt: 3, round: 17
I0529 01:30:41.066033 22417685051200 evaluation_fromsample.py:67] evaluation -- ckpt: 3, round: 18
I0529 01:30:42.515001 22417685051200 evaluation_fromsample.py:67] evaluation -- ckpt: 3, round: 19
I0529 01:30:43.970618 22417685051200 evaluation_fromsample.py:67] evaluation -- ckpt: 3, round: 2
I0529 01:30:45.416274 22417685051200 evaluation_fromsample.py:67] evaluation -- ckpt: 3, round: 20
I0529 01:30:46.870666 22417685051200 evaluation_fromsample.py:67] evaluation -- ckpt: 3, round: 21
I0529 01:30:48.327421 22417685051200 evaluation_fromsample.py:67] evaluation -- ckpt: 3, round: 22
I0529 01:30:49.889482 22417685051200 evaluation_fromsample.py:67] evaluation -- ckpt: 3, round: 23
I0529 01:30:51.339870 22417685051200 evaluation_fromsample.py:67] evaluation -- ckpt: 3, round: 24
I0529 01:30:52.781898 22417685051200 evaluation_fromsample.py:67] evaluation -- ckpt: 3, round: 25
I0529 01:30:54.230324 22417685051200 evaluation_fromsample.py:67] evaluation -- ckpt: 3, round: 26
I0529 01:30:55.707050 22417685051200 evaluation_fromsample.py:67] evaluation -- ckpt: 3, round: 27
I0529 01:30:57.219863 22417685051200 evaluation_fromsample.py:67] evaluation -- ckpt: 3, round: 28
I0529 01:30:58.674118 22417685051200 evaluation_fromsample.py:67] evaluation -- ckpt: 3, round: 29
I0529 01:31:00.229416 22417685051200 evaluation_fromsample.py:67] evaluation -- ckpt: 3, round: 3
I0529 01:31:01.684327 22417685051200 evaluation_fromsample.py:67] evaluation -- ckpt: 3, round: 30
I0529 01:31:03.157416 22417685051200 evaluation_fromsample.py:67] evaluation -- ckpt: 3, round: 31
I0529 01:31:04.611145 22417685051200 evaluation_fromsample.py:67] evaluation -- ckpt: 3, round: 32
I0529 01:31:06.061866 22417685051200 evaluation_fromsample.py:67] evaluation -- ckpt: 3, round: 33
I0529 01:31:07.502228 22417685051200 evaluation_fromsample.py:67] evaluation -- ckpt: 3, round: 34
I0529 01:31:08.950075 22417685051200 evaluation_fromsample.py:67] evaluation -- ckpt: 3, round: 35
I0529 01:31:10.409767 22417685051200 evaluation_fromsample.py:67] evaluation -- ckpt: 3, round: 36
I0529 01:31:11.864262 22417685051200 evaluation_fromsample.py:67] evaluation -- ckpt: 3, round: 37
I0529 01:31:13.369397 22417685051200 evaluation_fromsample.py:67] evaluation -- ckpt: 3, round: 38
I0529 01:31:14.837078 22417685051200 evaluation_fromsample.py:67] evaluation -- ckpt: 3, round: 39
I0529 01:31:16.303421 22417685051200 evaluation_fromsample.py:67] evaluation -- ckpt: 3, round: 4
I0529 01:31:17.787091 22417685051200 evaluation_fromsample.py:67] evaluation -- ckpt: 3, round: 40
I0529 01:31:19.249222 22417685051200 evaluation_fromsample.py:67] evaluation -- ckpt: 3, round: 41
I0529 01:31:20.702811 22417685051200 evaluation_fromsample.py:67] evaluation -- ckpt: 3, round: 42
I0529 01:31:22.173728 22417685051200 evaluation_fromsample.py:67] evaluation -- ckpt: 3, round: 43
I0529 01:31:23.631427 22417685051200 evaluation_fromsample.py:67] evaluation -- ckpt: 3, round: 44
I0529 01:31:25.105596 22417685051200 evaluation_fromsample.py:67] evaluation -- ckpt: 3, round: 45
I0529 01:31:26.664330 22417685051200 evaluation_fromsample.py:67] evaluation -- ckpt: 3, round: 46
I0529 01:31:28.144967 22417685051200 evaluation_fromsample.py:67] evaluation -- ckpt: 3, round: 47
I0529 01:31:29.600822 22417685051200 evaluation_fromsample.py:67] evaluation -- ckpt: 3, round: 48
I0529 01:31:31.050192 22417685051200 evaluation_fromsample.py:67] evaluation -- ckpt: 3, round: 5
I0529 01:31:32.507449 22417685051200 evaluation_fromsample.py:67] evaluation -- ckpt: 3, round: 6
I0529 01:31:33.976262 22417685051200 evaluation_fromsample.py:67] evaluation -- ckpt: 3, round: 7
I0529 01:31:35.428437 22417685051200 evaluation_fromsample.py:67] evaluation -- ckpt: 3, round: 8
I0529 01:31:36.891568 22417685051200 evaluation_fromsample.py:67] evaluation -- ckpt: 3, round: 9
I0529 01:31:49.170509 22417685051200 evaluation_fromsample.py:105] ckpt-3 --- FID: 4.558012e+00
I0529 01:31:49.182311 22417685051200 evaluation_fromsample.py:52] /scratch/qingqu_root/qingqu1/shared_data/dpm_experiments/multistage/eval
I0529 01:31:49.183450 22417685051200 evaluation_fromsample.py:67] evaluation -- ckpt: 4, round: 0
I0529 01:31:50.665087 22417685051200 evaluation_fromsample.py:67] evaluation -- ckpt: 4, round: 1
I0529 01:31:52.135983 22417685051200 evaluation_fromsample.py:67] evaluation -- ckpt: 4, round: 10
I0529 01:31:53.587045 22417685051200 evaluation_fromsample.py:67] evaluation -- ckpt: 4, round: 11
I0529 01:31:55.067444 22417685051200 evaluation_fromsample.py:67] evaluation -- ckpt: 4, round: 12
I0529 01:31:56.578359 22417685051200 evaluation_fromsample.py:67] evaluation -- ckpt: 4, round: 13
I0529 01:31:58.072908 22417685051200 evaluation_fromsample.py:67] evaluation -- ckpt: 4, round: 14
I0529 01:31:59.569966 22417685051200 evaluation_fromsample.py:67] evaluation -- ckpt: 4, round: 15
I0529 01:32:01.010603 22417685051200 evaluation_fromsample.py:67] evaluation -- ckpt: 4, round: 16
I0529 01:32:02.463519 22417685051200 evaluation_fromsample.py:67] evaluation -- ckpt: 4, round: 17
I0529 01:32:03.926222 22417685051200 evaluation_fromsample.py:67] evaluation -- ckpt: 4, round: 18
I0529 01:32:05.385016 22417685051200 evaluation_fromsample.py:67] evaluation -- ckpt: 4, round: 19
I0529 01:32:06.873324 22417685051200 evaluation_fromsample.py:67] evaluation -- ckpt: 4, round: 2
I0529 01:32:08.322770 22417685051200 evaluation_fromsample.py:67] evaluation -- ckpt: 4, round: 20
I0529 01:32:09.773173 22417685051200 evaluation_fromsample.py:67] evaluation -- ckpt: 4, round: 21
I0529 01:32:11.221503 22417685051200 evaluation_fromsample.py:67] evaluation -- ckpt: 4, round: 22
I0529 01:32:12.692673 22417685051200 evaluation_fromsample.py:67] evaluation -- ckpt: 4, round: 23
I0529 01:32:14.143334 22417685051200 evaluation_fromsample.py:67] evaluation -- ckpt: 4, round: 24
I0529 01:32:15.613366 22417685051200 evaluation_fromsample.py:67] evaluation -- ckpt: 4, round: 25
I0529 01:32:17.064709 22417685051200 evaluation_fromsample.py:67] evaluation -- ckpt: 4, round: 26
I0529 01:32:18.519500 22417685051200 evaluation_fromsample.py:67] evaluation -- ckpt: 4, round: 27
I0529 01:32:19.980460 22417685051200 evaluation_fromsample.py:67] evaluation -- ckpt: 4, round: 28
I0529 01:32:21.431185 22417685051200 evaluation_fromsample.py:67] evaluation -- ckpt: 4, round: 29
I0529 01:32:22.891500 22417685051200 evaluation_fromsample.py:67] evaluation -- ckpt: 4, round: 3
I0529 01:32:24.357510 22417685051200 evaluation_fromsample.py:67] evaluation -- ckpt: 4, round: 30
I0529 01:32:26.021049 22417685051200 evaluation_fromsample.py:67] evaluation -- ckpt: 4, round: 31
I0529 01:32:27.466950 22417685051200 evaluation_fromsample.py:67] evaluation -- ckpt: 4, round: 32
I0529 01:32:28.918776 22417685051200 evaluation_fromsample.py:67] evaluation -- ckpt: 4, round: 33
I0529 01:32:30.382502 22417685051200 evaluation_fromsample.py:67] evaluation -- ckpt: 4, round: 34
I0529 01:32:31.838364 22417685051200 evaluation_fromsample.py:67] evaluation -- ckpt: 4, round: 35
I0529 01:32:33.322871 22417685051200 evaluation_fromsample.py:67] evaluation -- ckpt: 4, round: 36
I0529 01:32:34.780870 22417685051200 evaluation_fromsample.py:67] evaluation -- ckpt: 4, round: 37
I0529 01:32:36.250414 22417685051200 evaluation_fromsample.py:67] evaluation -- ckpt: 4, round: 38
I0529 01:32:37.719774 22417685051200 evaluation_fromsample.py:67] evaluation -- ckpt: 4, round: 39
I0529 01:32:39.188925 22417685051200 evaluation_fromsample.py:67] evaluation -- ckpt: 4, round: 4
I0529 01:32:40.673475 22417685051200 evaluation_fromsample.py:67] evaluation -- ckpt: 4, round: 40
I0529 01:32:42.142140 22417685051200 evaluation_fromsample.py:67] evaluation -- ckpt: 4, round: 41
I0529 01:32:43.594846 22417685051200 evaluation_fromsample.py:67] evaluation -- ckpt: 4, round: 42
I0529 01:32:45.076868 22417685051200 evaluation_fromsample.py:67] evaluation -- ckpt: 4, round: 43
I0529 01:32:46.525903 22417685051200 evaluation_fromsample.py:67] evaluation -- ckpt: 4, round: 44
I0529 01:32:48.056750 22417685051200 evaluation_fromsample.py:67] evaluation -- ckpt: 4, round: 45
I0529 01:32:49.520245 22417685051200 evaluation_fromsample.py:67] evaluation -- ckpt: 4, round: 46
I0529 01:32:50.993543 22417685051200 evaluation_fromsample.py:67] evaluation -- ckpt: 4, round: 47
I0529 01:32:52.448756 22417685051200 evaluation_fromsample.py:67] evaluation -- ckpt: 4, round: 48
I0529 01:32:54.062119 22417685051200 evaluation_fromsample.py:67] evaluation -- ckpt: 4, round: 5
I0529 01:32:55.636475 22417685051200 evaluation_fromsample.py:67] evaluation -- ckpt: 4, round: 6
I0529 01:32:57.090345 22417685051200 evaluation_fromsample.py:67] evaluation -- ckpt: 4, round: 7
I0529 01:32:58.534249 22417685051200 evaluation_fromsample.py:67] evaluation -- ckpt: 4, round: 8
I0529 01:33:00.004869 22417685051200 evaluation_fromsample.py:67] evaluation -- ckpt: 4, round: 9
I0529 01:33:14.768411 22417685051200 evaluation_fromsample.py:105] ckpt-4 --- FID: 3.700045e+00
I0529 01:33:14.769309 22417685051200 evaluation_fromsample.py:52] /scratch/qingqu_root/qingqu1/shared_data/dpm_experiments/multistage/eval
I0529 01:33:14.770390 22417685051200 evaluation_fromsample.py:67] evaluation -- ckpt: 5, round: 0
I0529 01:33:16.213597 22417685051200 evaluation_fromsample.py:67] evaluation -- ckpt: 5, round: 1
I0529 01:33:17.660053 22417685051200 evaluation_fromsample.py:67] evaluation -- ckpt: 5, round: 10
I0529 01:33:19.131691 22417685051200 evaluation_fromsample.py:67] evaluation -- ckpt: 5, round: 11
I0529 01:33:20.580572 22417685051200 evaluation_fromsample.py:67] evaluation -- ckpt: 5, round: 12
I0529 01:33:22.033639 22417685051200 evaluation_fromsample.py:67] evaluation -- ckpt: 5, round: 13
I0529 01:33:23.478858 22417685051200 evaluation_fromsample.py:67] evaluation -- ckpt: 5, round: 14
I0529 01:33:24.954511 22417685051200 evaluation_fromsample.py:67] evaluation -- ckpt: 5, round: 15
I0529 01:33:26.407451 22417685051200 evaluation_fromsample.py:67] evaluation -- ckpt: 5, round: 16
I0529 01:33:27.877889 22417685051200 evaluation_fromsample.py:67] evaluation -- ckpt: 5, round: 17
I0529 01:33:29.346537 22417685051200 evaluation_fromsample.py:67] evaluation -- ckpt: 5, round: 18
I0529 01:33:30.798794 22417685051200 evaluation_fromsample.py:67] evaluation -- ckpt: 5, round: 19
I0529 01:33:32.247534 22417685051200 evaluation_fromsample.py:67] evaluation -- ckpt: 5, round: 2
I0529 01:33:33.700051 22417685051200 evaluation_fromsample.py:67] evaluation -- ckpt: 5, round: 20
I0529 01:33:35.153746 22417685051200 evaluation_fromsample.py:67] evaluation -- ckpt: 5, round: 21
I0529 01:33:36.616181 22417685051200 evaluation_fromsample.py:67] evaluation -- ckpt: 5, round: 22
I0529 01:33:38.063446 22417685051200 evaluation_fromsample.py:67] evaluation -- ckpt: 5, round: 23
I0529 01:33:39.716004 22417685051200 evaluation_fromsample.py:67] evaluation -- ckpt: 5, round: 24
I0529 01:33:41.193004 22417685051200 evaluation_fromsample.py:67] evaluation -- ckpt: 5, round: 25
I0529 01:33:42.637022 22417685051200 evaluation_fromsample.py:67] evaluation -- ckpt: 5, round: 26
I0529 01:33:44.093384 22417685051200 evaluation_fromsample.py:67] evaluation -- ckpt: 5, round: 27
I0529 01:33:45.567237 22417685051200 evaluation_fromsample.py:67] evaluation -- ckpt: 5, round: 28
I0529 01:33:47.060710 22417685051200 evaluation_fromsample.py:67] evaluation -- ckpt: 5, round: 29
I0529 01:33:48.533255 22417685051200 evaluation_fromsample.py:67] evaluation -- ckpt: 5, round: 3
I0529 01:33:50.009524 22417685051200 evaluation_fromsample.py:67] evaluation -- ckpt: 5, round: 30
I0529 01:33:51.491864 22417685051200 evaluation_fromsample.py:67] evaluation -- ckpt: 5, round: 31
I0529 01:33:52.961112 22417685051200 evaluation_fromsample.py:67] evaluation -- ckpt: 5, round: 32
I0529 01:33:54.429155 22417685051200 evaluation_fromsample.py:67] evaluation -- ckpt: 5, round: 33
I0529 01:33:55.883376 22417685051200 evaluation_fromsample.py:67] evaluation -- ckpt: 5, round: 34
I0529 01:33:57.329351 22417685051200 evaluation_fromsample.py:67] evaluation -- ckpt: 5, round: 35
I0529 01:33:58.826019 22417685051200 evaluation_fromsample.py:67] evaluation -- ckpt: 5, round: 36
I0529 01:34:00.342530 22417685051200 evaluation_fromsample.py:67] evaluation -- ckpt: 5, round: 37
I0529 01:34:01.809322 22417685051200 evaluation_fromsample.py:67] evaluation -- ckpt: 5, round: 38
I0529 01:34:03.253211 22417685051200 evaluation_fromsample.py:67] evaluation -- ckpt: 5, round: 39
I0529 01:34:04.705196 22417685051200 evaluation_fromsample.py:67] evaluation -- ckpt: 5, round: 4
I0529 01:34:06.148529 22417685051200 evaluation_fromsample.py:67] evaluation -- ckpt: 5, round: 40
I0529 01:34:07.597064 22417685051200 evaluation_fromsample.py:67] evaluation -- ckpt: 5, round: 41
I0529 01:34:09.043987 22417685051200 evaluation_fromsample.py:67] evaluation -- ckpt: 5, round: 42
I0529 01:34:10.535949 22417685051200 evaluation_fromsample.py:67] evaluation -- ckpt: 5, round: 43
I0529 01:34:12.007707 22417685051200 evaluation_fromsample.py:67] evaluation -- ckpt: 5, round: 44
I0529 01:34:13.453140 22417685051200 evaluation_fromsample.py:67] evaluation -- ckpt: 5, round: 45
I0529 01:34:14.930935 22417685051200 evaluation_fromsample.py:67] evaluation -- ckpt: 5, round: 46
I0529 01:34:16.395000 22417685051200 evaluation_fromsample.py:67] evaluation -- ckpt: 5, round: 47
I0529 01:34:17.838842 22417685051200 evaluation_fromsample.py:67] evaluation -- ckpt: 5, round: 48
I0529 01:34:19.294077 22417685051200 evaluation_fromsample.py:67] evaluation -- ckpt: 5, round: 5
I0529 01:34:20.781560 22417685051200 evaluation_fromsample.py:67] evaluation -- ckpt: 5, round: 6
I0529 01:34:22.241521 22417685051200 evaluation_fromsample.py:67] evaluation -- ckpt: 5, round: 7
I0529 01:34:23.692035 22417685051200 evaluation_fromsample.py:67] evaluation -- ckpt: 5, round: 8
I0529 01:34:25.148871 22417685051200 evaluation_fromsample.py:67] evaluation -- ckpt: 5, round: 9
I0529 01:34:37.577687 22417685051200 evaluation_fromsample.py:105] ckpt-5 --- FID: 3.252634e+00
I0529 01:34:37.578620 22417685051200 evaluation_fromsample.py:52] /scratch/qingqu_root/qingqu1/shared_data/dpm_experiments/multistage/eval
I0529 01:34:37.579772 22417685051200 evaluation_fromsample.py:67] evaluation -- ckpt: 6, round: 0
I0529 01:34:39.067475 22417685051200 evaluation_fromsample.py:67] evaluation -- ckpt: 6, round: 1
I0529 01:34:40.631880 22417685051200 evaluation_fromsample.py:67] evaluation -- ckpt: 6, round: 10
I0529 01:34:42.116068 22417685051200 evaluation_fromsample.py:67] evaluation -- ckpt: 6, round: 11
I0529 01:34:43.562563 22417685051200 evaluation_fromsample.py:67] evaluation -- ckpt: 6, round: 12
I0529 01:34:45.021270 22417685051200 evaluation_fromsample.py:67] evaluation -- ckpt: 6, round: 13
I0529 01:34:46.481697 22417685051200 evaluation_fromsample.py:67] evaluation -- ckpt: 6, round: 14
I0529 01:34:47.941276 22417685051200 evaluation_fromsample.py:67] evaluation -- ckpt: 6, round: 15
I0529 01:34:49.424106 22417685051200 evaluation_fromsample.py:67] evaluation -- ckpt: 6, round: 16
I0529 01:34:50.876081 22417685051200 evaluation_fromsample.py:67] evaluation -- ckpt: 6, round: 17
I0529 01:34:52.334560 22417685051200 evaluation_fromsample.py:67] evaluation -- ckpt: 6, round: 18
I0529 01:34:53.785366 22417685051200 evaluation_fromsample.py:67] evaluation -- ckpt: 6, round: 19
I0529 01:34:55.248208 22417685051200 evaluation_fromsample.py:67] evaluation -- ckpt: 6, round: 2
I0529 01:34:56.702990 22417685051200 evaluation_fromsample.py:67] evaluation -- ckpt: 6, round: 20
I0529 01:34:58.153182 22417685051200 evaluation_fromsample.py:67] evaluation -- ckpt: 6, round: 21
I0529 01:34:59.631132 22417685051200 evaluation_fromsample.py:67] evaluation -- ckpt: 6, round: 22
I0529 01:35:01.089521 22417685051200 evaluation_fromsample.py:67] evaluation -- ckpt: 6, round: 23
I0529 01:35:02.528307 22417685051200 evaluation_fromsample.py:67] evaluation -- ckpt: 6, round: 24
I0529 01:35:03.983438 22417685051200 evaluation_fromsample.py:67] evaluation -- ckpt: 6, round: 25
I0529 01:35:05.436773 22417685051200 evaluation_fromsample.py:67] evaluation -- ckpt: 6, round: 26
I0529 01:35:06.896944 22417685051200 evaluation_fromsample.py:67] evaluation -- ckpt: 6, round: 27
I0529 01:35:08.362588 22417685051200 evaluation_fromsample.py:67] evaluation -- ckpt: 6, round: 28
I0529 01:35:09.819804 22417685051200 evaluation_fromsample.py:67] evaluation -- ckpt: 6, round: 29
I0529 01:35:11.316030 22417685051200 evaluation_fromsample.py:67] evaluation -- ckpt: 6, round: 3
I0529 01:35:12.824176 22417685051200 evaluation_fromsample.py:67] evaluation -- ckpt: 6, round: 30
I0529 01:35:14.296769 22417685051200 evaluation_fromsample.py:67] evaluation -- ckpt: 6, round: 31
I0529 01:35:15.772231 22417685051200 evaluation_fromsample.py:67] evaluation -- ckpt: 6, round: 32
I0529 01:35:17.245774 22417685051200 evaluation_fromsample.py:67] evaluation -- ckpt: 6, round: 33
I0529 01:35:18.705012 22417685051200 evaluation_fromsample.py:67] evaluation -- ckpt: 6, round: 34
I0529 01:35:20.182167 22417685051200 evaluation_fromsample.py:67] evaluation -- ckpt: 6, round: 35
I0529 01:35:21.663729 22417685051200 evaluation_fromsample.py:67] evaluation -- ckpt: 6, round: 36
I0529 01:35:23.124004 22417685051200 evaluation_fromsample.py:67] evaluation -- ckpt: 6, round: 37
I0529 01:35:24.589645 22417685051200 evaluation_fromsample.py:67] evaluation -- ckpt: 6, round: 38
I0529 01:35:26.242404 22417685051200 evaluation_fromsample.py:67] evaluation -- ckpt: 6, round: 39
I0529 01:35:27.688667 22417685051200 evaluation_fromsample.py:67] evaluation -- ckpt: 6, round: 4
I0529 01:35:29.140046 22417685051200 evaluation_fromsample.py:67] evaluation -- ckpt: 6, round: 40
I0529 01:35:30.731254 22417685051200 evaluation_fromsample.py:67] evaluation -- ckpt: 6, round: 41
I0529 01:35:32.291691 22417685051200 evaluation_fromsample.py:67] evaluation -- ckpt: 6, round: 42
I0529 01:35:33.826124 22417685051200 evaluation_fromsample.py:67] evaluation -- ckpt: 6, round: 43
I0529 01:35:35.269140 22417685051200 evaluation_fromsample.py:67] evaluation -- ckpt: 6, round: 44
I0529 01:35:36.746625 22417685051200 evaluation_fromsample.py:67] evaluation -- ckpt: 6, round: 45
I0529 01:35:38.242238 22417685051200 evaluation_fromsample.py:67] evaluation -- ckpt: 6, round: 46
I0529 01:35:39.713486 22417685051200 evaluation_fromsample.py:67] evaluation -- ckpt: 6, round: 47
I0529 01:35:41.164591 22417685051200 evaluation_fromsample.py:67] evaluation -- ckpt: 6, round: 48
I0529 01:35:42.611357 22417685051200 evaluation_fromsample.py:67] evaluation -- ckpt: 6, round: 5
I0529 01:35:44.114801 22417685051200 evaluation_fromsample.py:67] evaluation -- ckpt: 6, round: 6
I0529 01:35:45.633172 22417685051200 evaluation_fromsample.py:67] evaluation -- ckpt: 6, round: 7
I0529 01:35:47.072171 22417685051200 evaluation_fromsample.py:67] evaluation -- ckpt: 6, round: 8
I0529 01:35:48.534125 22417685051200 evaluation_fromsample.py:67] evaluation -- ckpt: 6, round: 9
I0529 01:36:02.518526 22417685051200 evaluation_fromsample.py:105] ckpt-6 --- FID: 3.013932e+00
I0529 01:36:02.519457 22417685051200 evaluation_fromsample.py:52] /scratch/qingqu_root/qingqu1/shared_data/dpm_experiments/multistage/eval
I0529 01:36:02.520597 22417685051200 evaluation_fromsample.py:67] evaluation -- ckpt: 7, round: 0
I0529 01:36:03.993936 22417685051200 evaluation_fromsample.py:67] evaluation -- ckpt: 7, round: 1
I0529 01:36:05.460592 22417685051200 evaluation_fromsample.py:67] evaluation -- ckpt: 7, round: 10
I0529 01:36:06.899023 22417685051200 evaluation_fromsample.py:67] evaluation -- ckpt: 7, round: 11
I0529 01:36:08.353031 22417685051200 evaluation_fromsample.py:67] evaluation -- ckpt: 7, round: 12
I0529 01:36:09.872022 22417685051200 evaluation_fromsample.py:67] evaluation -- ckpt: 7, round: 13
I0529 01:36:11.320389 22417685051200 evaluation_fromsample.py:67] evaluation -- ckpt: 7, round: 14
I0529 01:36:12.806098 22417685051200 evaluation_fromsample.py:67] evaluation -- ckpt: 7, round: 15
I0529 01:36:14.289519 22417685051200 evaluation_fromsample.py:67] evaluation -- ckpt: 7, round: 16
I0529 01:36:15.741638 22417685051200 evaluation_fromsample.py:67] evaluation -- ckpt: 7, round: 17
I0529 01:36:17.319060 22417685051200 evaluation_fromsample.py:67] evaluation -- ckpt: 7, round: 18
I0529 01:36:18.838784 22417685051200 evaluation_fromsample.py:67] evaluation -- ckpt: 7, round: 19
I0529 01:36:20.292649 22417685051200 evaluation_fromsample.py:67] evaluation -- ckpt: 7, round: 2
I0529 01:36:21.739007 22417685051200 evaluation_fromsample.py:67] evaluation -- ckpt: 7, round: 20
I0529 01:36:23.182707 22417685051200 evaluation_fromsample.py:67] evaluation -- ckpt: 7, round: 21
I0529 01:36:24.712343 22417685051200 evaluation_fromsample.py:67] evaluation -- ckpt: 7, round: 22
I0529 01:36:26.213336 22417685051200 evaluation_fromsample.py:67] evaluation -- ckpt: 7, round: 23
I0529 01:36:27.671477 22417685051200 evaluation_fromsample.py:67] evaluation -- ckpt: 7, round: 24
I0529 01:36:29.133915 22417685051200 evaluation_fromsample.py:67] evaluation -- ckpt: 7, round: 25
I0529 01:36:30.598302 22417685051200 evaluation_fromsample.py:67] evaluation -- ckpt: 7, round: 26
I0529 01:36:32.075633 22417685051200 evaluation_fromsample.py:67] evaluation -- ckpt: 7, round: 27
I0529 01:36:33.546187 22417685051200 evaluation_fromsample.py:67] evaluation -- ckpt: 7, round: 28
I0529 01:36:34.994966 22417685051200 evaluation_fromsample.py:67] evaluation -- ckpt: 7, round: 29
I0529 01:36:36.481600 22417685051200 evaluation_fromsample.py:67] evaluation -- ckpt: 7, round: 3
I0529 01:36:37.926466 22417685051200 evaluation_fromsample.py:67] evaluation -- ckpt: 7, round: 30
I0529 01:36:39.389222 22417685051200 evaluation_fromsample.py:67] evaluation -- ckpt: 7, round: 31
I0529 01:36:40.866534 22417685051200 evaluation_fromsample.py:67] evaluation -- ckpt: 7, round: 32
I0529 01:36:42.342763 22417685051200 evaluation_fromsample.py:67] evaluation -- ckpt: 7, round: 33
I0529 01:36:43.819817 22417685051200 evaluation_fromsample.py:67] evaluation -- ckpt: 7, round: 34
I0529 01:36:45.298564 22417685051200 evaluation_fromsample.py:67] evaluation -- ckpt: 7, round: 35
I0529 01:36:46.775788 22417685051200 evaluation_fromsample.py:67] evaluation -- ckpt: 7, round: 36
I0529 01:36:48.252942 22417685051200 evaluation_fromsample.py:67] evaluation -- ckpt: 7, round: 37
I0529 01:36:49.725336 22417685051200 evaluation_fromsample.py:67] evaluation -- ckpt: 7, round: 38
I0529 01:36:51.212115 22417685051200 evaluation_fromsample.py:67] evaluation -- ckpt: 7, round: 39
I0529 01:36:52.668087 22417685051200 evaluation_fromsample.py:67] evaluation -- ckpt: 7, round: 4
I0529 01:36:54.132344 22417685051200 evaluation_fromsample.py:67] evaluation -- ckpt: 7, round: 40
I0529 01:36:55.605707 22417685051200 evaluation_fromsample.py:67] evaluation -- ckpt: 7, round: 41
I0529 01:36:57.067533 22417685051200 evaluation_fromsample.py:67] evaluation -- ckpt: 7, round: 42
I0529 01:36:58.562539 22417685051200 evaluation_fromsample.py:67] evaluation -- ckpt: 7, round: 43
I0529 01:37:00.042595 22417685051200 evaluation_fromsample.py:67] evaluation -- ckpt: 7, round: 44
I0529 01:37:01.519681 22417685051200 evaluation_fromsample.py:67] evaluation -- ckpt: 7, round: 45
I0529 01:37:02.984584 22417685051200 evaluation_fromsample.py:67] evaluation -- ckpt: 7, round: 46
I0529 01:37:04.460666 22417685051200 evaluation_fromsample.py:67] evaluation -- ckpt: 7, round: 47
I0529 01:37:05.926111 22417685051200 evaluation_fromsample.py:67] evaluation -- ckpt: 7, round: 48
I0529 01:37:07.372210 22417685051200 evaluation_fromsample.py:67] evaluation -- ckpt: 7, round: 5
I0529 01:37:08.823518 22417685051200 evaluation_fromsample.py:67] evaluation -- ckpt: 7, round: 6
I0529 01:37:10.313362 22417685051200 evaluation_fromsample.py:67] evaluation -- ckpt: 7, round: 7
I0529 01:37:11.806518 22417685051200 evaluation_fromsample.py:67] evaluation -- ckpt: 7, round: 8
I0529 01:37:13.271524 22417685051200 evaluation_fromsample.py:67] evaluation -- ckpt: 7, round: 9
I0529 01:37:25.576432 22417685051200 evaluation_fromsample.py:105] ckpt-7 --- FID: 2.918757e+00
I0529 01:37:25.577325 22417685051200 evaluation_fromsample.py:52] /scratch/qingqu_root/qingqu1/shared_data/dpm_experiments/multistage/eval
I0529 01:37:25.590558 22417685051200 evaluation_fromsample.py:67] evaluation -- ckpt: 8, round: 0
I0529 01:37:27.034883 22417685051200 evaluation_fromsample.py:67] evaluation -- ckpt: 8, round: 1
I0529 01:37:28.497433 22417685051200 evaluation_fromsample.py:67] evaluation -- ckpt: 8, round: 10
I0529 01:37:29.962662 22417685051200 evaluation_fromsample.py:67] evaluation -- ckpt: 8, round: 11
I0529 01:37:31.426801 22417685051200 evaluation_fromsample.py:67] evaluation -- ckpt: 8, round: 12
I0529 01:37:32.910603 22417685051200 evaluation_fromsample.py:67] evaluation -- ckpt: 8, round: 13
I0529 01:37:34.354043 22417685051200 evaluation_fromsample.py:67] evaluation -- ckpt: 8, round: 14
I0529 01:37:35.802197 22417685051200 evaluation_fromsample.py:67] evaluation -- ckpt: 8, round: 15
I0529 01:37:37.255850 22417685051200 evaluation_fromsample.py:67] evaluation -- ckpt: 8, round: 16
I0529 01:37:38.729305 22417685051200 evaluation_fromsample.py:67] evaluation -- ckpt: 8, round: 17
I0529 01:37:40.198487 22417685051200 evaluation_fromsample.py:67] evaluation -- ckpt: 8, round: 18
I0529 01:37:41.688069 22417685051200 evaluation_fromsample.py:67] evaluation -- ckpt: 8, round: 19
I0529 01:37:43.162235 22417685051200 evaluation_fromsample.py:67] evaluation -- ckpt: 8, round: 2
I0529 01:37:44.615010 22417685051200 evaluation_fromsample.py:67] evaluation -- ckpt: 8, round: 20
I0529 01:37:46.068256 22417685051200 evaluation_fromsample.py:67] evaluation -- ckpt: 8, round: 21
I0529 01:37:47.526568 22417685051200 evaluation_fromsample.py:67] evaluation -- ckpt: 8, round: 22
I0529 01:37:48.979637 22417685051200 evaluation_fromsample.py:67] evaluation -- ckpt: 8, round: 23
I0529 01:37:50.442933 22417685051200 evaluation_fromsample.py:67] evaluation -- ckpt: 8, round: 24
I0529 01:37:51.927516 22417685051200 evaluation_fromsample.py:67] evaluation -- ckpt: 8, round: 25
I0529 01:37:53.379712 22417685051200 evaluation_fromsample.py:67] evaluation -- ckpt: 8, round: 26
I0529 01:37:54.843393 22417685051200 evaluation_fromsample.py:67] evaluation -- ckpt: 8, round: 27
I0529 01:37:56.351011 22417685051200 evaluation_fromsample.py:67] evaluation -- ckpt: 8, round: 28
I0529 01:37:57.803807 22417685051200 evaluation_fromsample.py:67] evaluation -- ckpt: 8, round: 29
I0529 01:37:59.264692 22417685051200 evaluation_fromsample.py:67] evaluation -- ckpt: 8, round: 3
I0529 01:38:00.748603 22417685051200 evaluation_fromsample.py:67] evaluation -- ckpt: 8, round: 30
I0529 01:38:02.236327 22417685051200 evaluation_fromsample.py:67] evaluation -- ckpt: 8, round: 31
I0529 01:38:03.692945 22417685051200 evaluation_fromsample.py:67] evaluation -- ckpt: 8, round: 32
I0529 01:38:05.187335 22417685051200 evaluation_fromsample.py:67] evaluation -- ckpt: 8, round: 33
I0529 01:38:06.669997 22417685051200 evaluation_fromsample.py:67] evaluation -- ckpt: 8, round: 34
I0529 01:38:08.156601 22417685051200 evaluation_fromsample.py:67] evaluation -- ckpt: 8, round: 35
I0529 01:38:09.632104 22417685051200 evaluation_fromsample.py:67] evaluation -- ckpt: 8, round: 36
I0529 01:38:11.167426 22417685051200 evaluation_fromsample.py:67] evaluation -- ckpt: 8, round: 37
I0529 01:38:12.641870 22417685051200 evaluation_fromsample.py:67] evaluation -- ckpt: 8, round: 38
I0529 01:38:14.159356 22417685051200 evaluation_fromsample.py:67] evaluation -- ckpt: 8, round: 39
I0529 01:38:15.662600 22417685051200 evaluation_fromsample.py:67] evaluation -- ckpt: 8, round: 4
I0529 01:38:17.113655 22417685051200 evaluation_fromsample.py:67] evaluation -- ckpt: 8, round: 40
I0529 01:38:18.587322 22417685051200 evaluation_fromsample.py:67] evaluation -- ckpt: 8, round: 41
I0529 01:38:20.041332 22417685051200 evaluation_fromsample.py:67] evaluation -- ckpt: 8, round: 42
I0529 01:38:21.488260 22417685051200 evaluation_fromsample.py:67] evaluation -- ckpt: 8, round: 43
I0529 01:38:22.934080 22417685051200 evaluation_fromsample.py:67] evaluation -- ckpt: 8, round: 44
I0529 01:38:24.390065 22417685051200 evaluation_fromsample.py:67] evaluation -- ckpt: 8, round: 45
I0529 01:38:25.870005 22417685051200 evaluation_fromsample.py:67] evaluation -- ckpt: 8, round: 46
I0529 01:38:27.369156 22417685051200 evaluation_fromsample.py:67] evaluation -- ckpt: 8, round: 47
I0529 01:38:28.836752 22417685051200 evaluation_fromsample.py:67] evaluation -- ckpt: 8, round: 48
I0529 01:38:30.295562 22417685051200 evaluation_fromsample.py:67] evaluation -- ckpt: 8, round: 5
I0529 01:38:31.746561 22417685051200 evaluation_fromsample.py:67] evaluation -- ckpt: 8, round: 6
I0529 01:38:33.210461 22417685051200 evaluation_fromsample.py:67] evaluation -- ckpt: 8, round: 7
I0529 01:38:34.718471 22417685051200 evaluation_fromsample.py:67] evaluation -- ckpt: 8, round: 8
I0529 01:38:36.173047 22417685051200 evaluation_fromsample.py:67] evaluation -- ckpt: 8, round: 9
I0529 01:38:49.663346 22417685051200 evaluation_fromsample.py:105] ckpt-8 --- FID: 2.794803e+00
I0529 01:38:49.664259 22417685051200 evaluation_fromsample.py:52] /scratch/qingqu_root/qingqu1/shared_data/dpm_experiments/multistage/eval
I0529 01:38:49.665246 22417685051200 evaluation_fromsample.py:67] evaluation -- ckpt: 9, round: 0
I0529 01:38:51.157660 22417685051200 evaluation_fromsample.py:67] evaluation -- ckpt: 9, round: 1
I0529 01:38:52.615991 22417685051200 evaluation_fromsample.py:67] evaluation -- ckpt: 9, round: 10
I0529 01:38:54.077124 22417685051200 evaluation_fromsample.py:67] evaluation -- ckpt: 9, round: 11
I0529 01:38:55.563287 22417685051200 evaluation_fromsample.py:67] evaluation -- ckpt: 9, round: 12
I0529 01:38:57.044778 22417685051200 evaluation_fromsample.py:67] evaluation -- ckpt: 9, round: 13
I0529 01:38:58.493612 22417685051200 evaluation_fromsample.py:67] evaluation -- ckpt: 9, round: 14
I0529 01:38:59.942099 22417685051200 evaluation_fromsample.py:67] evaluation -- ckpt: 9, round: 15
I0529 01:39:01.557857 22417685051200 evaluation_fromsample.py:67] evaluation -- ckpt: 9, round: 16
I0529 01:39:03.029585 22417685051200 evaluation_fromsample.py:67] evaluation -- ckpt: 9, round: 17
I0529 01:39:04.537716 22417685051200 evaluation_fromsample.py:67] evaluation -- ckpt: 9, round: 18
I0529 01:39:06.027897 22417685051200 evaluation_fromsample.py:67] evaluation -- ckpt: 9, round: 19
I0529 01:39:07.497489 22417685051200 evaluation_fromsample.py:67] evaluation -- ckpt: 9, round: 2
I0529 01:39:08.951493 22417685051200 evaluation_fromsample.py:67] evaluation -- ckpt: 9, round: 20
I0529 01:39:10.467318 22417685051200 evaluation_fromsample.py:67] evaluation -- ckpt: 9, round: 21
I0529 01:39:11.944077 22417685051200 evaluation_fromsample.py:67] evaluation -- ckpt: 9, round: 22
I0529 01:39:13.444038 22417685051200 evaluation_fromsample.py:67] evaluation -- ckpt: 9, round: 23
I0529 01:39:14.889766 22417685051200 evaluation_fromsample.py:67] evaluation -- ckpt: 9, round: 24
I0529 01:39:16.351238 22417685051200 evaluation_fromsample.py:67] evaluation -- ckpt: 9, round: 25
I0529 01:39:17.799269 22417685051200 evaluation_fromsample.py:67] evaluation -- ckpt: 9, round: 26
I0529 01:39:19.287047 22417685051200 evaluation_fromsample.py:67] evaluation -- ckpt: 9, round: 27
I0529 01:39:20.747758 22417685051200 evaluation_fromsample.py:67] evaluation -- ckpt: 9, round: 28
I0529 01:39:22.251428 22417685051200 evaluation_fromsample.py:67] evaluation -- ckpt: 9, round: 29
I0529 01:39:23.706839 22417685051200 evaluation_fromsample.py:67] evaluation -- ckpt: 9, round: 3
I0529 01:39:25.166631 22417685051200 evaluation_fromsample.py:67] evaluation -- ckpt: 9, round: 30
I0529 01:39:26.639817 22417685051200 evaluation_fromsample.py:67] evaluation -- ckpt: 9, round: 31
I0529 01:39:28.092542 22417685051200 evaluation_fromsample.py:67] evaluation -- ckpt: 9, round: 32
I0529 01:39:29.569411 22417685051200 evaluation_fromsample.py:67] evaluation -- ckpt: 9, round: 33
I0529 01:39:31.013764 22417685051200 evaluation_fromsample.py:67] evaluation -- ckpt: 9, round: 34
I0529 01:39:32.460454 22417685051200 evaluation_fromsample.py:67] evaluation -- ckpt: 9, round: 35
I0529 01:39:33.917980 22417685051200 evaluation_fromsample.py:67] evaluation -- ckpt: 9, round: 36
I0529 01:39:35.382821 22417685051200 evaluation_fromsample.py:67] evaluation -- ckpt: 9, round: 37
I0529 01:39:36.866740 22417685051200 evaluation_fromsample.py:67] evaluation -- ckpt: 9, round: 38
I0529 01:39:38.367271 22417685051200 evaluation_fromsample.py:67] evaluation -- ckpt: 9, round: 39
I0529 01:39:39.829553 22417685051200 evaluation_fromsample.py:67] evaluation -- ckpt: 9, round: 4
I0529 01:39:41.285659 22417685051200 evaluation_fromsample.py:67] evaluation -- ckpt: 9, round: 40
I0529 01:39:42.741508 22417685051200 evaluation_fromsample.py:67] evaluation -- ckpt: 9, round: 41
I0529 01:39:44.203203 22417685051200 evaluation_fromsample.py:67] evaluation -- ckpt: 9, round: 42
I0529 01:39:45.656147 22417685051200 evaluation_fromsample.py:67] evaluation -- ckpt: 9, round: 43
I0529 01:39:47.406981 22417685051200 evaluation_fromsample.py:67] evaluation -- ckpt: 9, round: 44
I0529 01:39:48.880574 22417685051200 evaluation_fromsample.py:67] evaluation -- ckpt: 9, round: 45
I0529 01:39:50.334445 22417685051200 evaluation_fromsample.py:67] evaluation -- ckpt: 9, round: 46
I0529 01:39:51.812734 22417685051200 evaluation_fromsample.py:67] evaluation -- ckpt: 9, round: 47
I0529 01:39:53.266431 22417685051200 evaluation_fromsample.py:67] evaluation -- ckpt: 9, round: 48
I0529 01:39:54.844157 22417685051200 evaluation_fromsample.py:67] evaluation -- ckpt: 9, round: 5
I0529 01:39:56.297570 22417685051200 evaluation_fromsample.py:67] evaluation -- ckpt: 9, round: 6
I0529 01:39:57.776374 22417685051200 evaluation_fromsample.py:67] evaluation -- ckpt: 9, round: 7
I0529 01:39:59.229225 22417685051200 evaluation_fromsample.py:67] evaluation -- ckpt: 9, round: 8
I0529 01:40:00.702419 22417685051200 evaluation_fromsample.py:67] evaluation -- ckpt: 9, round: 9
I0529 01:40:13.516792 22417685051200 evaluation_fromsample.py:105] ckpt-9 --- FID: 2.705145e+00
