attention mode is flash
2023-09-23 15:36:26.942035: I tensorflow/core/util/port.cc:110] oneDNN custom operations are on. You may see slightly different numerical results due to floating-point round-off errors from different computation orders. To turn them off, set the environment variable `TF_ENABLE_ONEDNN_OPTS=0`.
2023-09-23 15:36:30.684769: I tensorflow/core/platform/cpu_feature_guard.cc:182] This TensorFlow binary is optimized to use available CPU instructions in performance-critical operations.
To enable the following instructions: AVX2 AVX512F AVX512_VNNI FMA, in other operations, rebuild TensorFlow with the appropriate compiler flags.
2023-09-23 15:36:35.845720: W tensorflow/compiler/tf2tensorrt/utils/py_utils.cc:38] TF-TRT Warning: Could not find TensorRT
I0923 15:36:51.095699 22374824629312 main_interval.py:105] ()
/home/yifulu/.conda/envs/dpm/lib/python3.9/site-packages/torchvision/transforms/functional.py:1603: UserWarning: The default value of the antialias parameter of all the resizing transforms (Resize(), RandomResizedCrop(), etc.) will change from None to True in v0.17, in order to be consistent across the PIL and Tensor backends. To suppress this warning, directly pass antialias=True (recommended, future default), antialias=None (current default, which means False for Tensors and True for PIL), or antialias=False (only works on Tensors - PIL will still use antialiasing). This also applies if you are using the inference transforms from the models weights: update the call to weights.transforms(antialias=True).
  warnings.warn(
I0923 15:36:52.821515 22374824629312 ncsnpp.py:234] init
init
I0923 15:36:52.825428 22374824629312 ncsnpp.py:237] Total params are 106632579
106632579
I0923 15:37:07.857414 22374824629312 ncsnpp.py:234] init
init
I0923 15:37:07.861480 22374824629312 ncsnpp.py:237] Total params are 106632579
106632579
I0923 15:37:08.104054 22374824629312 main_interval.py:147] begin checkpoint: 1
I0923 15:37:08.104198 22374824629312 main_interval.py:157] /scratch/qingqu_root/qingqu1/shared_data/multistage/dpm_deep/checkpoints/checkpoint_1.pth
I0923 15:37:49.728799 22374824629312 main_interval.py:168] /scratch/qingqu_root/qingqu1/shared_data/multistage/new_interval/original
I0923 15:37:49.730879 22374824629312 main_interval.py:172] sampling -- ckpt: 1, round: 0
I0923 15:38:39.379606 22374824629312 main_interval.py:172] sampling -- ckpt: 1, round: 1
I0923 15:39:16.208989 22374824629312 main_interval.py:172] sampling -- ckpt: 1, round: 2
I0923 15:39:53.181150 22374824629312 main_interval.py:172] sampling -- ckpt: 1, round: 3
I0923 15:40:30.235334 22374824629312 main_interval.py:172] sampling -- ckpt: 1, round: 4
I0923 15:41:07.343945 22374824629312 main_interval.py:172] sampling -- ckpt: 1, round: 5
I0923 15:41:44.464520 22374824629312 main_interval.py:172] sampling -- ckpt: 1, round: 6
I0923 15:42:21.610934 22374824629312 main_interval.py:172] sampling -- ckpt: 1, round: 7
I0923 15:42:58.758759 22374824629312 main_interval.py:172] sampling -- ckpt: 1, round: 8
I0923 15:43:35.950294 22374824629312 main_interval.py:172] sampling -- ckpt: 1, round: 9
I0923 15:44:13.058989 22374824629312 main_interval.py:172] sampling -- ckpt: 1, round: 10
I0923 15:44:50.178217 22374824629312 main_interval.py:172] sampling -- ckpt: 1, round: 11
I0923 15:45:27.305864 22374824629312 main_interval.py:172] sampling -- ckpt: 1, round: 12
I0923 15:46:04.476916 22374824629312 main_interval.py:172] sampling -- ckpt: 1, round: 13
I0923 15:46:41.631530 22374824629312 main_interval.py:172] sampling -- ckpt: 1, round: 14
I0923 15:47:18.785578 22374824629312 main_interval.py:172] sampling -- ckpt: 1, round: 15
I0923 15:47:55.929712 22374824629312 main_interval.py:172] sampling -- ckpt: 1, round: 16
I0923 15:48:33.078911 22374824629312 main_interval.py:172] sampling -- ckpt: 1, round: 17
I0923 15:49:10.251674 22374824629312 main_interval.py:172] sampling -- ckpt: 1, round: 18
I0923 15:49:47.416157 22374824629312 main_interval.py:172] sampling -- ckpt: 1, round: 19
I0923 15:50:24.563851 22374824629312 main_interval.py:172] sampling -- ckpt: 1, round: 20
I0923 15:51:01.718137 22374824629312 main_interval.py:172] sampling -- ckpt: 1, round: 21
I0923 15:51:38.892811 22374824629312 main_interval.py:172] sampling -- ckpt: 1, round: 22
I0923 15:52:16.058681 22374824629312 main_interval.py:172] sampling -- ckpt: 1, round: 23
I0923 15:52:53.226444 22374824629312 main_interval.py:172] sampling -- ckpt: 1, round: 24
I0923 15:53:30.398037 22374824629312 main_interval.py:172] sampling -- ckpt: 1, round: 25
I0923 15:54:07.561431 22374824629312 main_interval.py:172] sampling -- ckpt: 1, round: 26
I0923 15:54:44.727356 22374824629312 main_interval.py:172] sampling -- ckpt: 1, round: 27
I0923 15:55:21.884669 22374824629312 main_interval.py:172] sampling -- ckpt: 1, round: 28
I0923 15:55:59.041099 22374824629312 main_interval.py:172] sampling -- ckpt: 1, round: 29
I0923 15:56:36.187915 22374824629312 main_interval.py:172] sampling -- ckpt: 1, round: 30
I0923 15:57:13.350436 22374824629312 main_interval.py:172] sampling -- ckpt: 1, round: 31
I0923 15:57:50.519805 22374824629312 main_interval.py:172] sampling -- ckpt: 1, round: 32
I0923 15:58:27.692845 22374824629312 main_interval.py:172] sampling -- ckpt: 1, round: 33
I0923 15:59:04.870650 22374824629312 main_interval.py:172] sampling -- ckpt: 1, round: 34
I0923 15:59:42.040926 22374824629312 main_interval.py:172] sampling -- ckpt: 1, round: 35
I0923 16:00:19.113569 22374824629312 main_interval.py:172] sampling -- ckpt: 1, round: 36
I0923 16:00:56.106198 22374824629312 main_interval.py:172] sampling -- ckpt: 1, round: 37
I0923 16:01:33.089197 22374824629312 main_interval.py:172] sampling -- ckpt: 1, round: 38
I0923 16:02:10.049133 22374824629312 main_interval.py:172] sampling -- ckpt: 1, round: 39
I0923 16:02:47.031480 22374824629312 main_interval.py:172] sampling -- ckpt: 1, round: 40
I0923 16:03:24.076142 22374824629312 main_interval.py:172] sampling -- ckpt: 1, round: 41
I0923 16:04:01.165961 22374824629312 main_interval.py:172] sampling -- ckpt: 1, round: 42
I0923 16:04:38.281531 22374824629312 main_interval.py:172] sampling -- ckpt: 1, round: 43
I0923 16:05:15.377650 22374824629312 main_interval.py:172] sampling -- ckpt: 1, round: 44
I0923 16:05:52.487717 22374824629312 main_interval.py:172] sampling -- ckpt: 1, round: 45
I0923 16:06:29.608108 22374824629312 main_interval.py:172] sampling -- ckpt: 1, round: 46
I0923 16:07:06.767904 22374824629312 main_interval.py:172] sampling -- ckpt: 1, round: 47
I0923 16:07:43.930750 22374824629312 main_interval.py:172] sampling -- ckpt: 1, round: 48
I0923 16:08:21.096077 22374824629312 main_interval.py:172] sampling -- ckpt: 1, round: 49
I0923 16:08:58.252817 22374824629312 main_interval.py:172] sampling -- ckpt: 1, round: 50
I0923 16:09:35.386473 22374824629312 main_interval.py:172] sampling -- ckpt: 1, round: 51
I0923 16:10:12.558210 22374824629312 main_interval.py:172] sampling -- ckpt: 1, round: 52
I0923 16:10:49.717585 22374824629312 main_interval.py:172] sampling -- ckpt: 1, round: 53
I0923 16:11:26.879349 22374824629312 main_interval.py:172] sampling -- ckpt: 1, round: 54
I0923 16:12:04.035396 22374824629312 main_interval.py:172] sampling -- ckpt: 1, round: 55
I0923 16:12:41.185056 22374824629312 main_interval.py:172] sampling -- ckpt: 1, round: 56
I0923 16:13:18.340505 22374824629312 main_interval.py:172] sampling -- ckpt: 1, round: 57
I0923 16:13:55.496383 22374824629312 main_interval.py:172] sampling -- ckpt: 1, round: 58
I0923 16:14:32.637830 22374824629312 main_interval.py:172] sampling -- ckpt: 1, round: 59
I0923 16:15:09.797454 22374824629312 main_interval.py:172] sampling -- ckpt: 1, round: 60
I0923 16:15:46.937509 22374824629312 main_interval.py:172] sampling -- ckpt: 1, round: 61
I0923 16:16:24.078185 22374824629312 main_interval.py:172] sampling -- ckpt: 1, round: 62
I0923 16:17:01.224930 22374824629312 main_interval.py:172] sampling -- ckpt: 1, round: 63
I0923 16:17:38.379015 22374824629312 main_interval.py:172] sampling -- ckpt: 1, round: 64
I0923 16:18:15.537894 22374824629312 main_interval.py:172] sampling -- ckpt: 1, round: 65
I0923 16:18:52.703321 22374824629312 main_interval.py:172] sampling -- ckpt: 1, round: 66
I0923 16:19:29.861219 22374824629312 main_interval.py:172] sampling -- ckpt: 1, round: 67
I0923 16:20:07.032279 22374824629312 main_interval.py:172] sampling -- ckpt: 1, round: 68
I0923 16:20:44.200456 22374824629312 main_interval.py:172] sampling -- ckpt: 1, round: 69
I0923 16:21:21.365786 22374824629312 main_interval.py:172] sampling -- ckpt: 1, round: 70
I0923 16:21:58.529770 22374824629312 main_interval.py:172] sampling -- ckpt: 1, round: 71
I0923 16:22:35.681645 22374824629312 main_interval.py:172] sampling -- ckpt: 1, round: 72
I0923 16:23:12.827604 22374824629312 main_interval.py:172] sampling -- ckpt: 1, round: 73
I0923 16:23:49.976212 22374824629312 main_interval.py:172] sampling -- ckpt: 1, round: 74
I0923 16:24:27.130622 22374824629312 main_interval.py:172] sampling -- ckpt: 1, round: 75
I0923 16:25:04.287597 22374824629312 main_interval.py:172] sampling -- ckpt: 1, round: 76
I0923 16:25:41.436625 22374824629312 main_interval.py:172] sampling -- ckpt: 1, round: 77
I0923 16:26:18.581358 22374824629312 main_interval.py:172] sampling -- ckpt: 1, round: 78
I0923 16:26:55.718465 22374824629312 main_interval.py:172] sampling -- ckpt: 1, round: 79
I0923 16:27:32.873362 22374824629312 main_interval.py:172] sampling -- ckpt: 1, round: 80
I0923 16:28:10.032199 22374824629312 main_interval.py:172] sampling -- ckpt: 1, round: 81
I0923 16:28:47.196573 22374824629312 main_interval.py:172] sampling -- ckpt: 1, round: 82
I0923 16:29:24.355599 22374824629312 main_interval.py:172] sampling -- ckpt: 1, round: 83
I0923 16:30:01.516613 22374824629312 main_interval.py:172] sampling -- ckpt: 1, round: 84
I0923 16:30:38.670173 22374824629312 main_interval.py:172] sampling -- ckpt: 1, round: 85
I0923 16:31:15.834460 22374824629312 main_interval.py:172] sampling -- ckpt: 1, round: 86
I0923 16:31:52.983832 22374824629312 main_interval.py:172] sampling -- ckpt: 1, round: 87
I0923 16:32:30.135484 22374824629312 main_interval.py:172] sampling -- ckpt: 1, round: 88
I0923 16:33:07.290168 22374824629312 main_interval.py:172] sampling -- ckpt: 1, round: 89
I0923 16:33:44.407550 22374824629312 main_interval.py:172] sampling -- ckpt: 1, round: 90
I0923 16:34:21.564937 22374824629312 main_interval.py:172] sampling -- ckpt: 1, round: 91
I0923 16:34:58.692261 22374824629312 main_interval.py:172] sampling -- ckpt: 1, round: 92
I0923 16:35:35.844050 22374824629312 main_interval.py:172] sampling -- ckpt: 1, round: 93
I0923 16:36:12.974944 22374824629312 main_interval.py:172] sampling -- ckpt: 1, round: 94
I0923 16:36:50.073827 22374824629312 main_interval.py:172] sampling -- ckpt: 1, round: 95
I0923 16:37:27.133649 22374824629312 main_interval.py:172] sampling -- ckpt: 1, round: 96
I0923 16:38:04.120775 22374824629312 main_interval.py:172] sampling -- ckpt: 1, round: 97
I0923 16:38:41.104643 22374824629312 main_interval.py:157] /scratch/qingqu_root/qingqu1/shared_data/multistage/dpm_deep/checkpoints/checkpoint_2.pth
I0923 16:39:20.689140 22374824629312 main_interval.py:168] /scratch/qingqu_root/qingqu1/shared_data/multistage/new_interval/original
I0923 16:39:20.708253 22374824629312 main_interval.py:172] sampling -- ckpt: 2, round: 0
I0923 16:39:57.867156 22374824629312 main_interval.py:172] sampling -- ckpt: 2, round: 1
I0923 16:40:34.853612 22374824629312 main_interval.py:172] sampling -- ckpt: 2, round: 2
I0923 16:41:11.931848 22374824629312 main_interval.py:172] sampling -- ckpt: 2, round: 3
I0923 16:41:49.053341 22374824629312 main_interval.py:172] sampling -- ckpt: 2, round: 4
I0923 16:42:26.201784 22374824629312 main_interval.py:172] sampling -- ckpt: 2, round: 5
I0923 16:43:03.358668 22374824629312 main_interval.py:172] sampling -- ckpt: 2, round: 6
I0923 16:43:40.519098 22374824629312 main_interval.py:172] sampling -- ckpt: 2, round: 7
I0923 16:44:17.648826 22374824629312 main_interval.py:172] sampling -- ckpt: 2, round: 8
I0923 16:44:54.785267 22374824629312 main_interval.py:172] sampling -- ckpt: 2, round: 9
I0923 16:45:31.932177 22374824629312 main_interval.py:172] sampling -- ckpt: 2, round: 10
I0923 16:46:09.106134 22374824629312 main_interval.py:172] sampling -- ckpt: 2, round: 11
I0923 16:46:46.255235 22374824629312 main_interval.py:172] sampling -- ckpt: 2, round: 12
I0923 16:47:23.391922 22374824629312 main_interval.py:172] sampling -- ckpt: 2, round: 13
I0923 16:48:00.546605 22374824629312 main_interval.py:172] sampling -- ckpt: 2, round: 14
I0923 16:48:37.726441 22374824629312 main_interval.py:172] sampling -- ckpt: 2, round: 15
I0923 16:49:14.891350 22374824629312 main_interval.py:172] sampling -- ckpt: 2, round: 16
I0923 16:49:52.044339 22374824629312 main_interval.py:172] sampling -- ckpt: 2, round: 17
I0923 16:50:29.192067 22374824629312 main_interval.py:172] sampling -- ckpt: 2, round: 18
I0923 16:51:06.348992 22374824629312 main_interval.py:172] sampling -- ckpt: 2, round: 19
I0923 16:51:43.502947 22374824629312 main_interval.py:172] sampling -- ckpt: 2, round: 20
I0923 16:52:20.658904 22374824629312 main_interval.py:172] sampling -- ckpt: 2, round: 21
I0923 16:52:57.788751 22374824629312 main_interval.py:172] sampling -- ckpt: 2, round: 22
I0923 16:53:34.911568 22374824629312 main_interval.py:172] sampling -- ckpt: 2, round: 23
I0923 16:54:12.113237 22374824629312 main_interval.py:172] sampling -- ckpt: 2, round: 24
I0923 16:54:49.245117 22374824629312 main_interval.py:172] sampling -- ckpt: 2, round: 25
I0923 16:55:26.379205 22374824629312 main_interval.py:172] sampling -- ckpt: 2, round: 26
I0923 16:56:03.539171 22374824629312 main_interval.py:172] sampling -- ckpt: 2, round: 27
I0923 16:56:40.704426 22374824629312 main_interval.py:172] sampling -- ckpt: 2, round: 28
I0923 16:57:17.859489 22374824629312 main_interval.py:172] sampling -- ckpt: 2, round: 29
I0923 16:57:55.027599 22374824629312 main_interval.py:172] sampling -- ckpt: 2, round: 30
I0923 16:58:32.224481 22374824629312 main_interval.py:172] sampling -- ckpt: 2, round: 31
I0923 16:59:09.380882 22374824629312 main_interval.py:172] sampling -- ckpt: 2, round: 32
I0923 16:59:46.535154 22374824629312 main_interval.py:172] sampling -- ckpt: 2, round: 33
I0923 17:00:23.685694 22374824629312 main_interval.py:172] sampling -- ckpt: 2, round: 34
I0923 17:01:00.809704 22374824629312 main_interval.py:172] sampling -- ckpt: 2, round: 35
I0923 17:01:37.941047 22374824629312 main_interval.py:172] sampling -- ckpt: 2, round: 36
I0923 17:02:15.070532 22374824629312 main_interval.py:172] sampling -- ckpt: 2, round: 37
I0923 17:02:52.197421 22374824629312 main_interval.py:172] sampling -- ckpt: 2, round: 38
I0923 17:03:29.324442 22374824629312 main_interval.py:172] sampling -- ckpt: 2, round: 39
I0923 17:04:06.453934 22374824629312 main_interval.py:172] sampling -- ckpt: 2, round: 40
I0923 17:04:43.627260 22374824629312 main_interval.py:172] sampling -- ckpt: 2, round: 41
I0923 17:05:20.779044 22374824629312 main_interval.py:172] sampling -- ckpt: 2, round: 42
I0923 17:05:57.934964 22374824629312 main_interval.py:172] sampling -- ckpt: 2, round: 43
I0923 17:06:35.092628 22374824629312 main_interval.py:172] sampling -- ckpt: 2, round: 44
I0923 17:07:12.267836 22374824629312 main_interval.py:172] sampling -- ckpt: 2, round: 45
I0923 17:07:49.427931 22374824629312 main_interval.py:172] sampling -- ckpt: 2, round: 46
I0923 17:08:26.582382 22374824629312 main_interval.py:172] sampling -- ckpt: 2, round: 47
I0923 17:09:03.780750 22374824629312 main_interval.py:172] sampling -- ckpt: 2, round: 48
I0923 17:09:40.942969 22374824629312 main_interval.py:172] sampling -- ckpt: 2, round: 49
I0923 17:10:18.108473 22374824629312 main_interval.py:172] sampling -- ckpt: 2, round: 50
I0923 17:10:55.274721 22374824629312 main_interval.py:172] sampling -- ckpt: 2, round: 51
I0923 17:11:32.433187 22374824629312 main_interval.py:172] sampling -- ckpt: 2, round: 52
I0923 17:12:09.584188 22374824629312 main_interval.py:172] sampling -- ckpt: 2, round: 53
I0923 17:12:46.747953 22374824629312 main_interval.py:172] sampling -- ckpt: 2, round: 54
I0923 17:13:23.885343 22374824629312 main_interval.py:172] sampling -- ckpt: 2, round: 55
I0923 17:14:01.057494 22374824629312 main_interval.py:172] sampling -- ckpt: 2, round: 56
I0923 17:14:38.442275 22374824629312 main_interval.py:172] sampling -- ckpt: 2, round: 57
I0923 17:15:15.549864 22374824629312 main_interval.py:172] sampling -- ckpt: 2, round: 58
I0923 17:15:52.619666 22374824629312 main_interval.py:172] sampling -- ckpt: 2, round: 59
I0923 17:16:29.675029 22374824629312 main_interval.py:172] sampling -- ckpt: 2, round: 60
I0923 17:17:06.662398 22374824629312 main_interval.py:172] sampling -- ckpt: 2, round: 61
I0923 17:17:43.659796 22374824629312 main_interval.py:172] sampling -- ckpt: 2, round: 62
I0923 17:18:20.690232 22374824629312 main_interval.py:172] sampling -- ckpt: 2, round: 63
I0923 17:18:57.748974 22374824629312 main_interval.py:172] sampling -- ckpt: 2, round: 64
I0923 17:19:34.852200 22374824629312 main_interval.py:172] sampling -- ckpt: 2, round: 65
I0923 17:20:11.933714 22374824629312 main_interval.py:172] sampling -- ckpt: 2, round: 66
I0923 17:20:49.059348 22374824629312 main_interval.py:172] sampling -- ckpt: 2, round: 67
I0923 17:21:26.192268 22374824629312 main_interval.py:172] sampling -- ckpt: 2, round: 68
I0923 17:22:03.299782 22374824629312 main_interval.py:172] sampling -- ckpt: 2, round: 69
I0923 17:22:40.456964 22374824629312 main_interval.py:172] sampling -- ckpt: 2, round: 70
I0923 17:23:17.583091 22374824629312 main_interval.py:172] sampling -- ckpt: 2, round: 71
I0923 17:23:54.710221 22374824629312 main_interval.py:172] sampling -- ckpt: 2, round: 72
I0923 17:24:31.835615 22374824629312 main_interval.py:172] sampling -- ckpt: 2, round: 73
I0923 17:25:08.987778 22374824629312 main_interval.py:172] sampling -- ckpt: 2, round: 74
I0923 17:25:46.151861 22374824629312 main_interval.py:172] sampling -- ckpt: 2, round: 75
I0923 17:26:23.349291 22374824629312 main_interval.py:172] sampling -- ckpt: 2, round: 76
I0923 17:27:00.555018 22374824629312 main_interval.py:172] sampling -- ckpt: 2, round: 77
I0923 17:27:37.764496 22374824629312 main_interval.py:172] sampling -- ckpt: 2, round: 78
I0923 17:28:14.972670 22374824629312 main_interval.py:172] sampling -- ckpt: 2, round: 79
I0923 17:28:52.176461 22374824629312 main_interval.py:172] sampling -- ckpt: 2, round: 80
I0923 17:29:29.366076 22374824629312 main_interval.py:172] sampling -- ckpt: 2, round: 81
I0923 17:30:06.488047 22374824629312 main_interval.py:172] sampling -- ckpt: 2, round: 82
I0923 17:30:43.644783 22374824629312 main_interval.py:172] sampling -- ckpt: 2, round: 83
I0923 17:31:20.841439 22374824629312 main_interval.py:172] sampling -- ckpt: 2, round: 84
I0923 17:31:58.024037 22374824629312 main_interval.py:172] sampling -- ckpt: 2, round: 85
I0923 17:32:35.230481 22374824629312 main_interval.py:172] sampling -- ckpt: 2, round: 86
I0923 17:33:12.437101 22374824629312 main_interval.py:172] sampling -- ckpt: 2, round: 87
I0923 17:33:49.632397 22374824629312 main_interval.py:172] sampling -- ckpt: 2, round: 88
I0923 17:34:26.820353 22374824629312 main_interval.py:172] sampling -- ckpt: 2, round: 89
I0923 17:35:03.971008 22374824629312 main_interval.py:172] sampling -- ckpt: 2, round: 90
I0923 17:35:41.119573 22374824629312 main_interval.py:172] sampling -- ckpt: 2, round: 91
I0923 17:36:18.311393 22374824629312 main_interval.py:172] sampling -- ckpt: 2, round: 92
I0923 17:36:55.482411 22374824629312 main_interval.py:172] sampling -- ckpt: 2, round: 93
I0923 17:37:32.664124 22374824629312 main_interval.py:172] sampling -- ckpt: 2, round: 94
I0923 17:38:09.843060 22374824629312 main_interval.py:172] sampling -- ckpt: 2, round: 95
I0923 17:38:47.024837 22374824629312 main_interval.py:172] sampling -- ckpt: 2, round: 96
I0923 17:39:24.211431 22374824629312 main_interval.py:172] sampling -- ckpt: 2, round: 97
I0923 17:40:01.394630 22374824629312 main_interval.py:157] /scratch/qingqu_root/qingqu1/shared_data/multistage/dpm_deep/checkpoints/checkpoint_3.pth
I0923 17:40:27.712290 22374824629312 main_interval.py:168] /scratch/qingqu_root/qingqu1/shared_data/multistage/new_interval/original
I0923 17:40:27.732822 22374824629312 main_interval.py:172] sampling -- ckpt: 3, round: 0
I0923 17:41:05.059908 22374824629312 main_interval.py:172] sampling -- ckpt: 3, round: 1
I0923 17:41:42.183241 22374824629312 main_interval.py:172] sampling -- ckpt: 3, round: 2
I0923 17:42:19.328629 22374824629312 main_interval.py:172] sampling -- ckpt: 3, round: 3
I0923 17:42:56.429951 22374824629312 main_interval.py:172] sampling -- ckpt: 3, round: 4
I0923 17:43:33.598785 22374824629312 main_interval.py:172] sampling -- ckpt: 3, round: 5
I0923 17:44:10.752700 22374824629312 main_interval.py:172] sampling -- ckpt: 3, round: 6
I0923 17:44:47.963253 22374824629312 main_interval.py:172] sampling -- ckpt: 3, round: 7
I0923 17:45:25.157534 22374824629312 main_interval.py:172] sampling -- ckpt: 3, round: 8
I0923 17:46:02.350033 22374824629312 main_interval.py:172] sampling -- ckpt: 3, round: 9
I0923 17:46:39.502084 22374824629312 main_interval.py:172] sampling -- ckpt: 3, round: 10
I0923 17:47:16.657294 22374824629312 main_interval.py:172] sampling -- ckpt: 3, round: 11
I0923 17:47:53.811324 22374824629312 main_interval.py:172] sampling -- ckpt: 3, round: 12
I0923 17:48:31.004724 22374824629312 main_interval.py:172] sampling -- ckpt: 3, round: 13
I0923 17:49:08.197860 22374824629312 main_interval.py:172] sampling -- ckpt: 3, round: 14
I0923 17:49:45.396751 22374824629312 main_interval.py:172] sampling -- ckpt: 3, round: 15
I0923 17:50:22.559937 22374824629312 main_interval.py:172] sampling -- ckpt: 3, round: 16
I0923 17:50:59.769641 22374824629312 main_interval.py:172] sampling -- ckpt: 3, round: 17
I0923 17:51:36.965419 22374824629312 main_interval.py:172] sampling -- ckpt: 3, round: 18
I0923 17:52:14.180938 22374824629312 main_interval.py:172] sampling -- ckpt: 3, round: 19
I0923 17:52:51.389057 22374824629312 main_interval.py:172] sampling -- ckpt: 3, round: 20
I0923 17:53:28.581236 22374824629312 main_interval.py:172] sampling -- ckpt: 3, round: 21
I0923 17:54:05.675995 22374824629312 main_interval.py:172] sampling -- ckpt: 3, round: 22
I0923 17:54:42.770032 22374824629312 main_interval.py:172] sampling -- ckpt: 3, round: 23
I0923 17:55:19.956470 22374824629312 main_interval.py:172] sampling -- ckpt: 3, round: 24
I0923 17:55:56.971839 22374824629312 main_interval.py:172] sampling -- ckpt: 3, round: 25
I0923 17:56:33.991259 22374824629312 main_interval.py:172] sampling -- ckpt: 3, round: 26
I0923 17:57:11.049407 22374824629312 main_interval.py:172] sampling -- ckpt: 3, round: 27
I0923 17:57:48.090430 22374824629312 main_interval.py:172] sampling -- ckpt: 3, round: 28
I0923 17:58:25.151087 22374824629312 main_interval.py:172] sampling -- ckpt: 3, round: 29
I0923 17:59:02.229776 22374824629312 main_interval.py:172] sampling -- ckpt: 3, round: 30
I0923 17:59:39.330138 22374824629312 main_interval.py:172] sampling -- ckpt: 3, round: 31
I0923 18:00:16.450903 22374824629312 main_interval.py:172] sampling -- ckpt: 3, round: 32
I0923 18:00:53.682138 22374824629312 main_interval.py:172] sampling -- ckpt: 3, round: 33
I0923 18:01:30.853541 22374824629312 main_interval.py:172] sampling -- ckpt: 3, round: 34
I0923 18:02:08.057108 22374824629312 main_interval.py:172] sampling -- ckpt: 3, round: 35
I0923 18:02:45.245429 22374824629312 main_interval.py:172] sampling -- ckpt: 3, round: 36
I0923 18:03:22.428795 22374824629312 main_interval.py:172] sampling -- ckpt: 3, round: 37
I0923 18:03:59.622829 22374824629312 main_interval.py:172] sampling -- ckpt: 3, round: 38
I0923 18:04:36.810005 22374824629312 main_interval.py:172] sampling -- ckpt: 3, round: 39
I0923 18:05:13.996037 22374824629312 main_interval.py:172] sampling -- ckpt: 3, round: 40
I0923 18:05:51.179902 22374824629312 main_interval.py:172] sampling -- ckpt: 3, round: 41
I0923 18:06:28.361819 22374824629312 main_interval.py:172] sampling -- ckpt: 3, round: 42
I0923 18:07:05.532071 22374824629312 main_interval.py:172] sampling -- ckpt: 3, round: 43
I0923 18:07:42.714966 22374824629312 main_interval.py:172] sampling -- ckpt: 3, round: 44
I0923 18:08:19.907777 22374824629312 main_interval.py:172] sampling -- ckpt: 3, round: 45
I0923 18:08:57.147413 22374824629312 main_interval.py:172] sampling -- ckpt: 3, round: 46
I0923 18:09:34.389445 22374824629312 main_interval.py:172] sampling -- ckpt: 3, round: 47
I0923 18:10:11.692470 22374824629312 main_interval.py:172] sampling -- ckpt: 3, round: 48
I0923 18:10:48.891396 22374824629312 main_interval.py:172] sampling -- ckpt: 3, round: 49
I0923 18:11:26.082654 22374824629312 main_interval.py:172] sampling -- ckpt: 3, round: 50
I0923 18:12:03.268584 22374824629312 main_interval.py:172] sampling -- ckpt: 3, round: 51
I0923 18:12:40.458800 22374824629312 main_interval.py:172] sampling -- ckpt: 3, round: 52
I0923 18:13:17.656614 22374824629312 main_interval.py:172] sampling -- ckpt: 3, round: 53
I0923 18:13:54.840966 22374824629312 main_interval.py:172] sampling -- ckpt: 3, round: 54
I0923 18:14:32.018508 22374824629312 main_interval.py:172] sampling -- ckpt: 3, round: 55
I0923 18:15:09.201364 22374824629312 main_interval.py:172] sampling -- ckpt: 3, round: 56
I0923 18:15:46.396836 22374824629312 main_interval.py:172] sampling -- ckpt: 3, round: 57
I0923 18:16:23.590377 22374824629312 main_interval.py:172] sampling -- ckpt: 3, round: 58
I0923 18:17:00.764481 22374824629312 main_interval.py:172] sampling -- ckpt: 3, round: 59
I0923 18:17:37.962246 22374824629312 main_interval.py:172] sampling -- ckpt: 3, round: 60
I0923 18:18:15.147780 22374824629312 main_interval.py:172] sampling -- ckpt: 3, round: 61
I0923 18:18:52.327899 22374824629312 main_interval.py:172] sampling -- ckpt: 3, round: 62
I0923 18:19:29.494229 22374824629312 main_interval.py:172] sampling -- ckpt: 3, round: 63
I0923 18:20:06.736030 22374824629312 main_interval.py:172] sampling -- ckpt: 3, round: 64
I0923 18:20:43.912256 22374824629312 main_interval.py:172] sampling -- ckpt: 3, round: 65
I0923 18:21:21.092007 22374824629312 main_interval.py:172] sampling -- ckpt: 3, round: 66
I0923 18:21:58.288703 22374824629312 main_interval.py:172] sampling -- ckpt: 3, round: 67
I0923 18:22:35.466796 22374824629312 main_interval.py:172] sampling -- ckpt: 3, round: 68
I0923 18:23:12.663144 22374824629312 main_interval.py:172] sampling -- ckpt: 3, round: 69
I0923 18:23:49.872878 22374824629312 main_interval.py:172] sampling -- ckpt: 3, round: 70
I0923 18:24:27.076076 22374824629312 main_interval.py:172] sampling -- ckpt: 3, round: 71
I0923 18:25:04.277020 22374824629312 main_interval.py:172] sampling -- ckpt: 3, round: 72
I0923 18:25:41.476897 22374824629312 main_interval.py:172] sampling -- ckpt: 3, round: 73
I0923 18:26:18.672570 22374824629312 main_interval.py:172] sampling -- ckpt: 3, round: 74
I0923 18:26:55.855277 22374824629312 main_interval.py:172] sampling -- ckpt: 3, round: 75
I0923 18:27:33.047907 22374824629312 main_interval.py:172] sampling -- ckpt: 3, round: 76
I0923 18:28:10.292243 22374824629312 main_interval.py:172] sampling -- ckpt: 3, round: 77
I0923 18:28:47.487967 22374824629312 main_interval.py:172] sampling -- ckpt: 3, round: 78
I0923 18:29:24.660460 22374824629312 main_interval.py:172] sampling -- ckpt: 3, round: 79
I0923 18:30:01.836985 22374824629312 main_interval.py:172] sampling -- ckpt: 3, round: 80
I0923 18:30:39.036706 22374824629312 main_interval.py:172] sampling -- ckpt: 3, round: 81
I0923 18:31:16.236207 22374824629312 main_interval.py:172] sampling -- ckpt: 3, round: 82
I0923 18:31:53.436335 22374824629312 main_interval.py:172] sampling -- ckpt: 3, round: 83
I0923 18:32:30.616266 22374824629312 main_interval.py:172] sampling -- ckpt: 3, round: 84
I0923 18:33:07.697737 22374824629312 main_interval.py:172] sampling -- ckpt: 3, round: 85
I0923 18:33:44.746450 22374824629312 main_interval.py:172] sampling -- ckpt: 3, round: 86
I0923 18:34:21.765230 22374824629312 main_interval.py:172] sampling -- ckpt: 3, round: 87
I0923 18:34:58.759013 22374824629312 main_interval.py:172] sampling -- ckpt: 3, round: 88
I0923 18:35:35.778850 22374824629312 main_interval.py:172] sampling -- ckpt: 3, round: 89
I0923 18:36:12.824990 22374824629312 main_interval.py:172] sampling -- ckpt: 3, round: 90
I0923 18:36:49.887636 22374824629312 main_interval.py:172] sampling -- ckpt: 3, round: 91
I0923 18:37:27.011975 22374824629312 main_interval.py:172] sampling -- ckpt: 3, round: 92
I0923 18:38:04.123296 22374824629312 main_interval.py:172] sampling -- ckpt: 3, round: 93
I0923 18:38:41.270992 22374824629312 main_interval.py:172] sampling -- ckpt: 3, round: 94
I0923 18:39:18.418940 22374824629312 main_interval.py:172] sampling -- ckpt: 3, round: 95
I0923 18:39:55.598841 22374824629312 main_interval.py:172] sampling -- ckpt: 3, round: 96
I0923 18:40:32.783371 22374824629312 main_interval.py:172] sampling -- ckpt: 3, round: 97
I0923 18:41:09.971973 22374824629312 main_interval.py:157] /scratch/qingqu_root/qingqu1/shared_data/multistage/dpm_deep/checkpoints/checkpoint_4.pth
I0923 18:41:42.588710 22374824629312 main_interval.py:168] /scratch/qingqu_root/qingqu1/shared_data/multistage/new_interval/original
I0923 18:41:42.606361 22374824629312 main_interval.py:172] sampling -- ckpt: 4, round: 0
I0923 18:42:19.897028 22374824629312 main_interval.py:172] sampling -- ckpt: 4, round: 1
I0923 18:42:56.980709 22374824629312 main_interval.py:172] sampling -- ckpt: 4, round: 2
I0923 18:43:34.100404 22374824629312 main_interval.py:172] sampling -- ckpt: 4, round: 3
I0923 18:44:11.276178 22374824629312 main_interval.py:172] sampling -- ckpt: 4, round: 4
I0923 18:44:48.449034 22374824629312 main_interval.py:172] sampling -- ckpt: 4, round: 5
I0923 18:45:25.603579 22374824629312 main_interval.py:172] sampling -- ckpt: 4, round: 6
I0923 18:46:02.846894 22374824629312 main_interval.py:172] sampling -- ckpt: 4, round: 7
I0923 18:46:40.085913 22374824629312 main_interval.py:172] sampling -- ckpt: 4, round: 8
I0923 18:47:17.271400 22374824629312 main_interval.py:172] sampling -- ckpt: 4, round: 9
I0923 18:47:54.511178 22374824629312 main_interval.py:172] sampling -- ckpt: 4, round: 10
I0923 18:48:31.757215 22374824629312 main_interval.py:172] sampling -- ckpt: 4, round: 11
I0923 18:49:08.947163 22374824629312 main_interval.py:172] sampling -- ckpt: 4, round: 12
I0923 18:49:46.142411 22374824629312 main_interval.py:172] sampling -- ckpt: 4, round: 13
I0923 18:50:23.342721 22374824629312 main_interval.py:172] sampling -- ckpt: 4, round: 14
I0923 18:51:00.518245 22374824629312 main_interval.py:172] sampling -- ckpt: 4, round: 15
I0923 18:51:37.714849 22374824629312 main_interval.py:172] sampling -- ckpt: 4, round: 16
I0923 18:52:14.907035 22374824629312 main_interval.py:172] sampling -- ckpt: 4, round: 17
I0923 18:52:52.096244 22374824629312 main_interval.py:172] sampling -- ckpt: 4, round: 18
I0923 18:53:29.292054 22374824629312 main_interval.py:172] sampling -- ckpt: 4, round: 19
I0923 18:54:06.486597 22374824629312 main_interval.py:172] sampling -- ckpt: 4, round: 20
I0923 18:54:43.734495 22374824629312 main_interval.py:172] sampling -- ckpt: 4, round: 21
I0923 18:55:20.946745 22374824629312 main_interval.py:172] sampling -- ckpt: 4, round: 22
I0923 18:55:58.140922 22374824629312 main_interval.py:172] sampling -- ckpt: 4, round: 23
I0923 18:56:35.329737 22374824629312 main_interval.py:172] sampling -- ckpt: 4, round: 24
I0923 18:57:12.513269 22374824629312 main_interval.py:172] sampling -- ckpt: 4, round: 25
I0923 18:57:49.705441 22374824629312 main_interval.py:172] sampling -- ckpt: 4, round: 26
I0923 18:58:26.909020 22374824629312 main_interval.py:172] sampling -- ckpt: 4, round: 27
I0923 18:59:04.140236 22374824629312 main_interval.py:172] sampling -- ckpt: 4, round: 28
I0923 18:59:41.365226 22374824629312 main_interval.py:172] sampling -- ckpt: 4, round: 29
I0923 19:00:18.564193 22374824629312 main_interval.py:172] sampling -- ckpt: 4, round: 30
I0923 19:00:55.768446 22374824629312 main_interval.py:172] sampling -- ckpt: 4, round: 31
I0923 19:01:32.972348 22374824629312 main_interval.py:172] sampling -- ckpt: 4, round: 32
I0923 19:02:10.182800 22374824629312 main_interval.py:172] sampling -- ckpt: 4, round: 33
I0923 19:02:47.449018 22374824629312 main_interval.py:172] sampling -- ckpt: 4, round: 34
I0923 19:03:24.707340 22374824629312 main_interval.py:172] sampling -- ckpt: 4, round: 35
I0923 19:04:01.917748 22374824629312 main_interval.py:172] sampling -- ckpt: 4, round: 36
I0923 19:04:39.139060 22374824629312 main_interval.py:172] sampling -- ckpt: 4, round: 37
I0923 19:05:16.371793 22374824629312 main_interval.py:172] sampling -- ckpt: 4, round: 38
I0923 19:05:53.607398 22374824629312 main_interval.py:172] sampling -- ckpt: 4, round: 39
I0923 19:06:30.825685 22374824629312 main_interval.py:172] sampling -- ckpt: 4, round: 40
I0923 19:07:08.042131 22374824629312 main_interval.py:172] sampling -- ckpt: 4, round: 41
I0923 19:07:45.257396 22374824629312 main_interval.py:172] sampling -- ckpt: 4, round: 42
I0923 19:08:22.464151 22374824629312 main_interval.py:172] sampling -- ckpt: 4, round: 43
I0923 19:08:59.675592 22374824629312 main_interval.py:172] sampling -- ckpt: 4, round: 44
I0923 19:09:36.876230 22374824629312 main_interval.py:172] sampling -- ckpt: 4, round: 45
I0923 19:10:14.057590 22374824629312 main_interval.py:172] sampling -- ckpt: 4, round: 46
I0923 19:10:51.276789 22374824629312 main_interval.py:172] sampling -- ckpt: 4, round: 47
I0923 19:11:28.437038 22374824629312 main_interval.py:172] sampling -- ckpt: 4, round: 48
I0923 19:12:05.494151 22374824629312 main_interval.py:172] sampling -- ckpt: 4, round: 49
I0923 19:12:42.580129 22374824629312 main_interval.py:172] sampling -- ckpt: 4, round: 50
I0923 19:13:19.644394 22374824629312 main_interval.py:172] sampling -- ckpt: 4, round: 51
I0923 19:13:56.724255 22374824629312 main_interval.py:172] sampling -- ckpt: 4, round: 52
I0923 19:14:33.828962 22374824629312 main_interval.py:172] sampling -- ckpt: 4, round: 53
I0923 19:15:10.956330 22374824629312 main_interval.py:172] sampling -- ckpt: 4, round: 54
I0923 19:15:48.062871 22374824629312 main_interval.py:172] sampling -- ckpt: 4, round: 55
I0923 19:16:25.232529 22374824629312 main_interval.py:172] sampling -- ckpt: 4, round: 56
I0923 19:17:02.411428 22374824629312 main_interval.py:172] sampling -- ckpt: 4, round: 57
I0923 19:17:39.612315 22374824629312 main_interval.py:172] sampling -- ckpt: 4, round: 58
I0923 19:18:16.842266 22374824629312 main_interval.py:172] sampling -- ckpt: 4, round: 59
I0923 19:18:54.044733 22374824629312 main_interval.py:172] sampling -- ckpt: 4, round: 60
I0923 19:19:31.242935 22374824629312 main_interval.py:172] sampling -- ckpt: 4, round: 61
I0923 19:20:08.435910 22374824629312 main_interval.py:172] sampling -- ckpt: 4, round: 62
I0923 19:20:45.627319 22374824629312 main_interval.py:172] sampling -- ckpt: 4, round: 63
I0923 19:21:22.816305 22374824629312 main_interval.py:172] sampling -- ckpt: 4, round: 64
I0923 19:22:00.009335 22374824629312 main_interval.py:172] sampling -- ckpt: 4, round: 65
I0923 19:22:37.202616 22374824629312 main_interval.py:172] sampling -- ckpt: 4, round: 66
I0923 19:23:14.407857 22374824629312 main_interval.py:172] sampling -- ckpt: 4, round: 67
I0923 19:23:51.580916 22374824629312 main_interval.py:172] sampling -- ckpt: 4, round: 68
I0923 19:24:28.792219 22374824629312 main_interval.py:172] sampling -- ckpt: 4, round: 69
I0923 19:25:05.980628 22374824629312 main_interval.py:172] sampling -- ckpt: 4, round: 70
I0923 19:25:43.195645 22374824629312 main_interval.py:172] sampling -- ckpt: 4, round: 71
I0923 19:26:20.425696 22374824629312 main_interval.py:172] sampling -- ckpt: 4, round: 72
I0923 19:26:57.647032 22374824629312 main_interval.py:172] sampling -- ckpt: 4, round: 73
I0923 19:27:34.878018 22374824629312 main_interval.py:172] sampling -- ckpt: 4, round: 74
I0923 19:28:12.101866 22374824629312 main_interval.py:172] sampling -- ckpt: 4, round: 75
I0923 19:28:49.305604 22374824629312 main_interval.py:172] sampling -- ckpt: 4, round: 76
I0923 19:29:26.508605 22374824629312 main_interval.py:172] sampling -- ckpt: 4, round: 77
I0923 19:30:03.723939 22374824629312 main_interval.py:172] sampling -- ckpt: 4, round: 78
I0923 19:30:40.936021 22374824629312 main_interval.py:172] sampling -- ckpt: 4, round: 79
I0923 19:31:18.143795 22374824629312 main_interval.py:172] sampling -- ckpt: 4, round: 80
I0923 19:31:55.385430 22374824629312 main_interval.py:172] sampling -- ckpt: 4, round: 81
I0923 19:32:32.583277 22374824629312 main_interval.py:172] sampling -- ckpt: 4, round: 82
I0923 19:33:09.763862 22374824629312 main_interval.py:172] sampling -- ckpt: 4, round: 83
I0923 19:33:46.948272 22374824629312 main_interval.py:172] sampling -- ckpt: 4, round: 84
I0923 19:34:24.158666 22374824629312 main_interval.py:172] sampling -- ckpt: 4, round: 85
I0923 19:35:01.377972 22374824629312 main_interval.py:172] sampling -- ckpt: 4, round: 86
I0923 19:35:38.637168 22374824629312 main_interval.py:172] sampling -- ckpt: 4, round: 87
I0923 19:36:15.866866 22374824629312 main_interval.py:172] sampling -- ckpt: 4, round: 88
I0923 19:36:53.108805 22374824629312 main_interval.py:172] sampling -- ckpt: 4, round: 89
I0923 19:37:30.341547 22374824629312 main_interval.py:172] sampling -- ckpt: 4, round: 90
I0923 19:38:07.575214 22374824629312 main_interval.py:172] sampling -- ckpt: 4, round: 91
I0923 19:38:44.808827 22374824629312 main_interval.py:172] sampling -- ckpt: 4, round: 92
I0923 19:39:22.039073 22374824629312 main_interval.py:172] sampling -- ckpt: 4, round: 93
I0923 19:39:59.224006 22374824629312 main_interval.py:172] sampling -- ckpt: 4, round: 94
I0923 19:40:36.403538 22374824629312 main_interval.py:172] sampling -- ckpt: 4, round: 95
I0923 19:41:13.624851 22374824629312 main_interval.py:172] sampling -- ckpt: 4, round: 96
I0923 19:41:50.846004 22374824629312 main_interval.py:172] sampling -- ckpt: 4, round: 97
I0923 19:42:28.036765 22374824629312 main_interval.py:157] /scratch/qingqu_root/qingqu1/shared_data/multistage/dpm_deep/checkpoints/checkpoint_5.pth
I0923 19:42:53.105180 22374824629312 main_interval.py:168] /scratch/qingqu_root/qingqu1/shared_data/multistage/new_interval/original
I0923 19:42:53.113771 22374824629312 main_interval.py:172] sampling -- ckpt: 5, round: 0
I0923 19:43:30.454260 22374824629312 main_interval.py:172] sampling -- ckpt: 5, round: 1
I0923 19:44:07.549817 22374824629312 main_interval.py:172] sampling -- ckpt: 5, round: 2
I0923 19:44:44.673980 22374824629312 main_interval.py:172] sampling -- ckpt: 5, round: 3
I0923 19:45:21.826881 22374824629312 main_interval.py:172] sampling -- ckpt: 5, round: 4
I0923 19:45:59.033389 22374824629312 main_interval.py:172] sampling -- ckpt: 5, round: 5
I0923 19:46:36.241918 22374824629312 main_interval.py:172] sampling -- ckpt: 5, round: 6
I0923 19:47:13.457037 22374824629312 main_interval.py:172] sampling -- ckpt: 5, round: 7
I0923 19:47:50.659312 22374824629312 main_interval.py:172] sampling -- ckpt: 5, round: 8
I0923 19:48:27.730070 22374824629312 main_interval.py:172] sampling -- ckpt: 5, round: 9
I0923 19:49:04.763101 22374824629312 main_interval.py:172] sampling -- ckpt: 5, round: 10
I0923 19:49:41.776239 22374824629312 main_interval.py:172] sampling -- ckpt: 5, round: 11
I0923 19:50:18.800466 22374824629312 main_interval.py:172] sampling -- ckpt: 5, round: 12
I0923 19:50:55.827565 22374824629312 main_interval.py:172] sampling -- ckpt: 5, round: 13
I0923 19:51:32.875144 22374824629312 main_interval.py:172] sampling -- ckpt: 5, round: 14
I0923 19:52:09.979580 22374824629312 main_interval.py:172] sampling -- ckpt: 5, round: 15
I0923 19:52:47.122148 22374824629312 main_interval.py:172] sampling -- ckpt: 5, round: 16
I0923 19:53:24.281280 22374824629312 main_interval.py:172] sampling -- ckpt: 5, round: 17
I0923 19:54:01.458080 22374824629312 main_interval.py:172] sampling -- ckpt: 5, round: 18
I0923 19:54:38.644216 22374824629312 main_interval.py:172] sampling -- ckpt: 5, round: 19
I0923 19:55:15.842868 22374824629312 main_interval.py:172] sampling -- ckpt: 5, round: 20
I0923 19:55:53.031418 22374824629312 main_interval.py:172] sampling -- ckpt: 5, round: 21
I0923 19:56:30.227401 22374824629312 main_interval.py:172] sampling -- ckpt: 5, round: 22
I0923 19:57:07.416979 22374824629312 main_interval.py:172] sampling -- ckpt: 5, round: 23
I0923 19:57:44.602060 22374824629312 main_interval.py:172] sampling -- ckpt: 5, round: 24
I0923 19:58:21.790701 22374824629312 main_interval.py:172] sampling -- ckpt: 5, round: 25
I0923 19:58:58.972486 22374824629312 main_interval.py:172] sampling -- ckpt: 5, round: 26
I0923 19:59:36.172579 22374824629312 main_interval.py:172] sampling -- ckpt: 5, round: 27
I0923 20:00:13.355566 22374824629312 main_interval.py:172] sampling -- ckpt: 5, round: 28
I0923 20:00:50.541296 22374824629312 main_interval.py:172] sampling -- ckpt: 5, round: 29
I0923 20:01:27.732175 22374824629312 main_interval.py:172] sampling -- ckpt: 5, round: 30
I0923 20:02:04.927602 22374824629312 main_interval.py:172] sampling -- ckpt: 5, round: 31
I0923 20:02:42.123614 22374824629312 main_interval.py:172] sampling -- ckpt: 5, round: 32
I0923 20:03:19.330721 22374824629312 main_interval.py:172] sampling -- ckpt: 5, round: 33
I0923 20:03:56.575190 22374824629312 main_interval.py:172] sampling -- ckpt: 5, round: 34
I0923 20:04:33.747676 22374824629312 main_interval.py:172] sampling -- ckpt: 5, round: 35
I0923 20:05:10.948611 22374824629312 main_interval.py:172] sampling -- ckpt: 5, round: 36
I0923 20:05:48.144697 22374824629312 main_interval.py:172] sampling -- ckpt: 5, round: 37
I0923 20:06:25.325084 22374824629312 main_interval.py:172] sampling -- ckpt: 5, round: 38
I0923 20:07:02.515042 22374824629312 main_interval.py:172] sampling -- ckpt: 5, round: 39
I0923 20:07:39.696307 22374824629312 main_interval.py:172] sampling -- ckpt: 5, round: 40
I0923 20:08:16.887355 22374824629312 main_interval.py:172] sampling -- ckpt: 5, round: 41
I0923 20:08:54.084485 22374824629312 main_interval.py:172] sampling -- ckpt: 5, round: 42
I0923 20:09:31.266581 22374824629312 main_interval.py:172] sampling -- ckpt: 5, round: 43
I0923 20:10:08.445788 22374824629312 main_interval.py:172] sampling -- ckpt: 5, round: 44
I0923 20:10:45.634813 22374824629312 main_interval.py:172] sampling -- ckpt: 5, round: 45
I0923 20:11:22.825326 22374824629312 main_interval.py:172] sampling -- ckpt: 5, round: 46
I0923 20:12:00.019804 22374824629312 main_interval.py:172] sampling -- ckpt: 5, round: 47
I0923 20:12:37.214883 22374824629312 main_interval.py:172] sampling -- ckpt: 5, round: 48
I0923 20:13:14.416870 22374824629312 main_interval.py:172] sampling -- ckpt: 5, round: 49
I0923 20:13:51.621708 22374824629312 main_interval.py:172] sampling -- ckpt: 5, round: 50
I0923 20:14:28.818172 22374824629312 main_interval.py:172] sampling -- ckpt: 5, round: 51
I0923 20:15:06.018114 22374824629312 main_interval.py:172] sampling -- ckpt: 5, round: 52
I0923 20:15:43.205539 22374824629312 main_interval.py:172] sampling -- ckpt: 5, round: 53
I0923 20:16:20.425930 22374824629312 main_interval.py:172] sampling -- ckpt: 5, round: 54
I0923 20:16:57.613295 22374824629312 main_interval.py:172] sampling -- ckpt: 5, round: 55
I0923 20:17:34.798254 22374824629312 main_interval.py:172] sampling -- ckpt: 5, round: 56
I0923 20:18:11.982570 22374824629312 main_interval.py:172] sampling -- ckpt: 5, round: 57
I0923 20:18:49.129695 22374824629312 main_interval.py:172] sampling -- ckpt: 5, round: 58
I0923 20:19:26.284150 22374824629312 main_interval.py:172] sampling -- ckpt: 5, round: 59
I0923 20:20:03.465248 22374824629312 main_interval.py:172] sampling -- ckpt: 5, round: 60
I0923 20:20:40.642675 22374824629312 main_interval.py:172] sampling -- ckpt: 5, round: 61
I0923 20:21:17.835986 22374824629312 main_interval.py:172] sampling -- ckpt: 5, round: 62
I0923 20:21:55.032108 22374824629312 main_interval.py:172] sampling -- ckpt: 5, round: 63
I0923 20:22:32.221806 22374824629312 main_interval.py:172] sampling -- ckpt: 5, round: 64
I0923 20:23:09.409894 22374824629312 main_interval.py:172] sampling -- ckpt: 5, round: 65
I0923 20:23:46.595587 22374824629312 main_interval.py:172] sampling -- ckpt: 5, round: 66
I0923 20:24:23.781099 22374824629312 main_interval.py:172] sampling -- ckpt: 5, round: 67
I0923 20:25:01.009047 22374824629312 main_interval.py:172] sampling -- ckpt: 5, round: 68
I0923 20:25:38.196694 22374824629312 main_interval.py:172] sampling -- ckpt: 5, round: 69
I0923 20:26:15.384557 22374824629312 main_interval.py:172] sampling -- ckpt: 5, round: 70
I0923 20:26:52.573970 22374824629312 main_interval.py:172] sampling -- ckpt: 5, round: 71
I0923 20:27:29.775817 22374824629312 main_interval.py:172] sampling -- ckpt: 5, round: 72
I0923 20:28:06.972008 22374824629312 main_interval.py:172] sampling -- ckpt: 5, round: 73
I0923 20:28:44.115856 22374824629312 main_interval.py:172] sampling -- ckpt: 5, round: 74
I0923 20:29:21.167908 22374824629312 main_interval.py:172] sampling -- ckpt: 5, round: 75
I0923 20:29:58.175893 22374824629312 main_interval.py:172] sampling -- ckpt: 5, round: 76
I0923 20:30:35.173873 22374824629312 main_interval.py:172] sampling -- ckpt: 5, round: 77
I0923 20:31:12.177811 22374824629312 main_interval.py:172] sampling -- ckpt: 5, round: 78
I0923 20:31:49.216165 22374824629312 main_interval.py:172] sampling -- ckpt: 5, round: 79
I0923 20:32:26.366487 22374824629312 main_interval.py:172] sampling -- ckpt: 5, round: 80
I0923 20:33:03.563020 22374824629312 main_interval.py:172] sampling -- ckpt: 5, round: 81
I0923 20:33:40.716295 22374824629312 main_interval.py:172] sampling -- ckpt: 5, round: 82
I0923 20:34:17.862412 22374824629312 main_interval.py:172] sampling -- ckpt: 5, round: 83
I0923 20:34:55.029214 22374824629312 main_interval.py:172] sampling -- ckpt: 5, round: 84
I0923 20:35:32.199106 22374824629312 main_interval.py:172] sampling -- ckpt: 5, round: 85
I0923 20:36:09.367018 22374824629312 main_interval.py:172] sampling -- ckpt: 5, round: 86
I0923 20:36:46.586579 22374824629312 main_interval.py:172] sampling -- ckpt: 5, round: 87
I0923 20:37:23.800910 22374824629312 main_interval.py:172] sampling -- ckpt: 5, round: 88
I0923 20:38:00.966015 22374824629312 main_interval.py:172] sampling -- ckpt: 5, round: 89
I0923 20:38:38.145609 22374824629312 main_interval.py:172] sampling -- ckpt: 5, round: 90
I0923 20:39:15.325344 22374824629312 main_interval.py:172] sampling -- ckpt: 5, round: 91
I0923 20:39:52.514269 22374824629312 main_interval.py:172] sampling -- ckpt: 5, round: 92
I0923 20:40:29.709771 22374824629312 main_interval.py:172] sampling -- ckpt: 5, round: 93
I0923 20:41:06.897511 22374824629312 main_interval.py:172] sampling -- ckpt: 5, round: 94
I0923 20:41:44.081402 22374824629312 main_interval.py:172] sampling -- ckpt: 5, round: 95
I0923 20:42:21.258319 22374824629312 main_interval.py:172] sampling -- ckpt: 5, round: 96
I0923 20:42:58.435612 22374824629312 main_interval.py:172] sampling -- ckpt: 5, round: 97
I0923 20:43:35.609435 22374824629312 main_interval.py:157] /scratch/qingqu_root/qingqu1/shared_data/multistage/dpm_deep/checkpoints/checkpoint_6.pth
I0923 20:44:03.245167 22374824629312 main_interval.py:168] /scratch/qingqu_root/qingqu1/shared_data/multistage/new_interval/original
I0923 20:44:03.296277 22374824629312 main_interval.py:172] sampling -- ckpt: 6, round: 0
I0923 20:44:40.627195 22374824629312 main_interval.py:172] sampling -- ckpt: 6, round: 1
I0923 20:45:17.734686 22374824629312 main_interval.py:172] sampling -- ckpt: 6, round: 2
I0923 20:45:54.871649 22374824629312 main_interval.py:172] sampling -- ckpt: 6, round: 3
I0923 20:46:32.053913 22374824629312 main_interval.py:172] sampling -- ckpt: 6, round: 4
I0923 20:47:09.236684 22374824629312 main_interval.py:172] sampling -- ckpt: 6, round: 5
I0923 20:47:46.428624 22374824629312 main_interval.py:172] sampling -- ckpt: 6, round: 6
I0923 20:48:23.632943 22374824629312 main_interval.py:172] sampling -- ckpt: 6, round: 7
I0923 20:49:00.819533 22374824629312 main_interval.py:172] sampling -- ckpt: 6, round: 8
I0923 20:49:38.021286 22374824629312 main_interval.py:172] sampling -- ckpt: 6, round: 9
I0923 20:50:15.201150 22374824629312 main_interval.py:172] sampling -- ckpt: 6, round: 10
I0923 20:50:52.382862 22374824629312 main_interval.py:172] sampling -- ckpt: 6, round: 11
I0923 20:51:29.578376 22374824629312 main_interval.py:172] sampling -- ckpt: 6, round: 12
I0923 20:52:06.771538 22374824629312 main_interval.py:172] sampling -- ckpt: 6, round: 13
I0923 20:52:43.957333 22374824629312 main_interval.py:172] sampling -- ckpt: 6, round: 14
I0923 20:53:21.158235 22374824629312 main_interval.py:172] sampling -- ckpt: 6, round: 15
I0923 20:53:58.359049 22374824629312 main_interval.py:172] sampling -- ckpt: 6, round: 16
I0923 20:54:35.564664 22374824629312 main_interval.py:172] sampling -- ckpt: 6, round: 17
I0923 20:55:12.895554 22374824629312 main_interval.py:172] sampling -- ckpt: 6, round: 18
I0923 20:55:50.140152 22374824629312 main_interval.py:172] sampling -- ckpt: 6, round: 19
I0923 20:56:27.377694 22374824629312 main_interval.py:172] sampling -- ckpt: 6, round: 20
I0923 20:57:04.563558 22374824629312 main_interval.py:172] sampling -- ckpt: 6, round: 21
I0923 20:57:41.775208 22374824629312 main_interval.py:172] sampling -- ckpt: 6, round: 22
I0923 20:58:18.985441 22374824629312 main_interval.py:172] sampling -- ckpt: 6, round: 23
I0923 20:58:56.187605 22374824629312 main_interval.py:172] sampling -- ckpt: 6, round: 24
I0923 20:59:33.387403 22374824629312 main_interval.py:172] sampling -- ckpt: 6, round: 25
I0923 21:00:10.595224 22374824629312 main_interval.py:172] sampling -- ckpt: 6, round: 26
I0923 21:00:47.805795 22374824629312 main_interval.py:172] sampling -- ckpt: 6, round: 27
I0923 21:01:24.998915 22374824629312 main_interval.py:172] sampling -- ckpt: 6, round: 28
I0923 21:02:02.186402 22374824629312 main_interval.py:172] sampling -- ckpt: 6, round: 29
I0923 21:02:39.380245 22374824629312 main_interval.py:172] sampling -- ckpt: 6, round: 30
I0923 21:03:16.579744 22374824629312 main_interval.py:172] sampling -- ckpt: 6, round: 31
I0923 21:03:53.799885 22374824629312 main_interval.py:172] sampling -- ckpt: 6, round: 32
I0923 21:04:31.001289 22374824629312 main_interval.py:172] sampling -- ckpt: 6, round: 33
I0923 21:05:08.207444 22374824629312 main_interval.py:172] sampling -- ckpt: 6, round: 34
I0923 21:05:45.415927 22374824629312 main_interval.py:172] sampling -- ckpt: 6, round: 35
I0923 21:06:22.626187 22374824629312 main_interval.py:172] sampling -- ckpt: 6, round: 36
I0923 21:06:59.832553 22374824629312 main_interval.py:172] sampling -- ckpt: 6, round: 37
I0923 21:07:36.964744 22374824629312 main_interval.py:172] sampling -- ckpt: 6, round: 38
I0923 21:08:13.999245 22374824629312 main_interval.py:172] sampling -- ckpt: 6, round: 39
I0923 21:08:51.012990 22374824629312 main_interval.py:172] sampling -- ckpt: 6, round: 40
I0923 21:09:28.013751 22374824629312 main_interval.py:172] sampling -- ckpt: 6, round: 41
I0923 21:10:05.053549 22374824629312 main_interval.py:172] sampling -- ckpt: 6, round: 42
I0923 21:10:42.112096 22374824629312 main_interval.py:172] sampling -- ckpt: 6, round: 43
I0923 21:11:19.238194 22374824629312 main_interval.py:172] sampling -- ckpt: 6, round: 44
I0923 21:11:56.381278 22374824629312 main_interval.py:172] sampling -- ckpt: 6, round: 45
I0923 21:12:33.550838 22374824629312 main_interval.py:172] sampling -- ckpt: 6, round: 46
I0923 21:13:10.701507 22374824629312 main_interval.py:172] sampling -- ckpt: 6, round: 47
I0923 21:13:47.858868 22374824629312 main_interval.py:172] sampling -- ckpt: 6, round: 48
I0923 21:14:25.025543 22374824629312 main_interval.py:172] sampling -- ckpt: 6, round: 49
I0923 21:15:02.240701 22374824629312 main_interval.py:172] sampling -- ckpt: 6, round: 50
I0923 21:15:39.474056 22374824629312 main_interval.py:172] sampling -- ckpt: 6, round: 51
I0923 21:16:16.693542 22374824629312 main_interval.py:172] sampling -- ckpt: 6, round: 52
I0923 21:16:53.899262 22374824629312 main_interval.py:172] sampling -- ckpt: 6, round: 53
I0923 21:17:31.095697 22374824629312 main_interval.py:172] sampling -- ckpt: 6, round: 54
I0923 21:18:08.288676 22374824629312 main_interval.py:172] sampling -- ckpt: 6, round: 55
I0923 21:18:45.483687 22374824629312 main_interval.py:172] sampling -- ckpt: 6, round: 56
I0923 21:19:22.681987 22374824629312 main_interval.py:172] sampling -- ckpt: 6, round: 57
I0923 21:19:59.875447 22374824629312 main_interval.py:172] sampling -- ckpt: 6, round: 58
I0923 21:20:37.068213 22374824629312 main_interval.py:172] sampling -- ckpt: 6, round: 59
I0923 21:21:14.248874 22374824629312 main_interval.py:172] sampling -- ckpt: 6, round: 60
I0923 21:21:51.431406 22374824629312 main_interval.py:172] sampling -- ckpt: 6, round: 61
I0923 21:22:28.624469 22374824629312 main_interval.py:172] sampling -- ckpt: 6, round: 62
I0923 21:23:05.812349 22374824629312 main_interval.py:172] sampling -- ckpt: 6, round: 63
I0923 21:23:43.008772 22374824629312 main_interval.py:172] sampling -- ckpt: 6, round: 64
I0923 21:24:20.211976 22374824629312 main_interval.py:172] sampling -- ckpt: 6, round: 65
I0923 21:24:57.427850 22374824629312 main_interval.py:172] sampling -- ckpt: 6, round: 66
I0923 21:25:34.642354 22374824629312 main_interval.py:172] sampling -- ckpt: 6, round: 67
I0923 21:26:11.855744 22374824629312 main_interval.py:172] sampling -- ckpt: 6, round: 68
I0923 21:26:49.062200 22374824629312 main_interval.py:172] sampling -- ckpt: 6, round: 69
I0923 21:27:26.229071 22374824629312 main_interval.py:172] sampling -- ckpt: 6, round: 70
I0923 21:28:03.387534 22374824629312 main_interval.py:172] sampling -- ckpt: 6, round: 71
I0923 21:28:40.542981 22374824629312 main_interval.py:172] sampling -- ckpt: 6, round: 72
I0923 21:29:17.740327 22374824629312 main_interval.py:172] sampling -- ckpt: 6, round: 73
I0923 21:29:54.920239 22374824629312 main_interval.py:172] sampling -- ckpt: 6, round: 74
I0923 21:30:32.116710 22374824629312 main_interval.py:172] sampling -- ckpt: 6, round: 75
I0923 21:31:09.307365 22374824629312 main_interval.py:172] sampling -- ckpt: 6, round: 76
I0923 21:31:46.485743 22374824629312 main_interval.py:172] sampling -- ckpt: 6, round: 77
I0923 21:32:23.640054 22374824629312 main_interval.py:172] sampling -- ckpt: 6, round: 78
I0923 21:33:00.803937 22374824629312 main_interval.py:172] sampling -- ckpt: 6, round: 79
I0923 21:33:37.968182 22374824629312 main_interval.py:172] sampling -- ckpt: 6, round: 80
I0923 21:34:15.166003 22374824629312 main_interval.py:172] sampling -- ckpt: 6, round: 81
I0923 21:34:52.323340 22374824629312 main_interval.py:172] sampling -- ckpt: 6, round: 82
I0923 21:35:29.513350 22374824629312 main_interval.py:172] sampling -- ckpt: 6, round: 83
I0923 21:36:06.696500 22374824629312 main_interval.py:172] sampling -- ckpt: 6, round: 84
I0923 21:36:43.860741 22374824629312 main_interval.py:172] sampling -- ckpt: 6, round: 85
I0923 21:37:21.021164 22374824629312 main_interval.py:172] sampling -- ckpt: 6, round: 86
I0923 21:37:58.190099 22374824629312 main_interval.py:172] sampling -- ckpt: 6, round: 87
I0923 21:38:35.378985 22374824629312 main_interval.py:172] sampling -- ckpt: 6, round: 88
I0923 21:39:12.558736 22374824629312 main_interval.py:172] sampling -- ckpt: 6, round: 89
I0923 21:39:49.788018 22374824629312 main_interval.py:172] sampling -- ckpt: 6, round: 90
I0923 21:40:27.012698 22374824629312 main_interval.py:172] sampling -- ckpt: 6, round: 91
I0923 21:41:04.175555 22374824629312 main_interval.py:172] sampling -- ckpt: 6, round: 92
I0923 21:41:41.351364 22374824629312 main_interval.py:172] sampling -- ckpt: 6, round: 93
I0923 21:42:18.533874 22374824629312 main_interval.py:172] sampling -- ckpt: 6, round: 94
I0923 21:42:55.721593 22374824629312 main_interval.py:172] sampling -- ckpt: 6, round: 95
I0923 21:43:32.907582 22374824629312 main_interval.py:172] sampling -- ckpt: 6, round: 96
I0923 21:44:10.092333 22374824629312 main_interval.py:172] sampling -- ckpt: 6, round: 97
I0923 21:44:47.283567 22374824629312 main_interval.py:157] /scratch/qingqu_root/qingqu1/shared_data/multistage/dpm_deep/checkpoints/checkpoint_7.pth
I0923 21:45:18.438833 22374824629312 main_interval.py:168] /scratch/qingqu_root/qingqu1/shared_data/multistage/new_interval/original
I0923 21:45:18.444958 22374824629312 main_interval.py:172] sampling -- ckpt: 7, round: 0
I0923 21:45:55.683156 22374824629312 main_interval.py:172] sampling -- ckpt: 7, round: 1
I0923 21:46:32.674077 22374824629312 main_interval.py:172] sampling -- ckpt: 7, round: 2
I0923 21:47:09.674602 22374824629312 main_interval.py:172] sampling -- ckpt: 7, round: 3
I0923 21:47:46.692346 22374824629312 main_interval.py:172] sampling -- ckpt: 7, round: 4
I0923 21:48:23.701384 22374824629312 main_interval.py:172] sampling -- ckpt: 7, round: 5
I0923 21:49:00.736306 22374824629312 main_interval.py:172] sampling -- ckpt: 7, round: 6
I0923 21:49:37.862208 22374824629312 main_interval.py:172] sampling -- ckpt: 7, round: 7
I0923 21:50:15.003414 22374824629312 main_interval.py:172] sampling -- ckpt: 7, round: 8
I0923 21:50:52.165132 22374824629312 main_interval.py:172] sampling -- ckpt: 7, round: 9
I0923 21:51:29.342626 22374824629312 main_interval.py:172] sampling -- ckpt: 7, round: 10
I0923 21:52:06.512429 22374824629312 main_interval.py:172] sampling -- ckpt: 7, round: 11
I0923 21:52:43.697970 22374824629312 main_interval.py:172] sampling -- ckpt: 7, round: 12
I0923 21:53:20.869888 22374824629312 main_interval.py:172] sampling -- ckpt: 7, round: 13
I0923 21:53:58.029938 22374824629312 main_interval.py:172] sampling -- ckpt: 7, round: 14
I0923 21:54:35.196580 22374824629312 main_interval.py:172] sampling -- ckpt: 7, round: 15
I0923 21:55:12.370499 22374824629312 main_interval.py:172] sampling -- ckpt: 7, round: 16
I0923 21:55:49.565609 22374824629312 main_interval.py:172] sampling -- ckpt: 7, round: 17
I0923 21:56:26.747336 22374824629312 main_interval.py:172] sampling -- ckpt: 7, round: 18
I0923 21:57:03.941223 22374824629312 main_interval.py:172] sampling -- ckpt: 7, round: 19
I0923 21:57:41.137672 22374824629312 main_interval.py:172] sampling -- ckpt: 7, round: 20
I0923 21:58:18.335744 22374824629312 main_interval.py:172] sampling -- ckpt: 7, round: 21
I0923 21:58:55.534887 22374824629312 main_interval.py:172] sampling -- ckpt: 7, round: 22
I0923 21:59:32.730095 22374824629312 main_interval.py:172] sampling -- ckpt: 7, round: 23
I0923 22:00:09.933095 22374824629312 main_interval.py:172] sampling -- ckpt: 7, round: 24
I0923 22:00:47.110986 22374824629312 main_interval.py:172] sampling -- ckpt: 7, round: 25
I0923 22:01:24.292814 22374824629312 main_interval.py:172] sampling -- ckpt: 7, round: 26
I0923 22:02:01.473530 22374824629312 main_interval.py:172] sampling -- ckpt: 7, round: 27
I0923 22:02:38.652216 22374824629312 main_interval.py:172] sampling -- ckpt: 7, round: 28
I0923 22:03:15.829830 22374824629312 main_interval.py:172] sampling -- ckpt: 7, round: 29
I0923 22:03:53.019596 22374824629312 main_interval.py:172] sampling -- ckpt: 7, round: 30
I0923 22:04:30.196365 22374824629312 main_interval.py:172] sampling -- ckpt: 7, round: 31
I0923 22:05:07.370873 22374824629312 main_interval.py:172] sampling -- ckpt: 7, round: 32
I0923 22:05:44.548737 22374824629312 main_interval.py:172] sampling -- ckpt: 7, round: 33
I0923 22:06:21.709306 22374824629312 main_interval.py:172] sampling -- ckpt: 7, round: 34
I0923 22:06:58.884331 22374824629312 main_interval.py:172] sampling -- ckpt: 7, round: 35
I0923 22:07:36.068113 22374824629312 main_interval.py:172] sampling -- ckpt: 7, round: 36
I0923 22:08:13.257190 22374824629312 main_interval.py:172] sampling -- ckpt: 7, round: 37
I0923 22:08:50.442289 22374824629312 main_interval.py:172] sampling -- ckpt: 7, round: 38
I0923 22:09:27.626186 22374824629312 main_interval.py:172] sampling -- ckpt: 7, round: 39
I0923 22:10:04.808472 22374824629312 main_interval.py:172] sampling -- ckpt: 7, round: 40
I0923 22:10:41.986391 22374824629312 main_interval.py:172] sampling -- ckpt: 7, round: 41
I0923 22:11:19.157414 22374824629312 main_interval.py:172] sampling -- ckpt: 7, round: 42
I0923 22:11:56.339895 22374824629312 main_interval.py:172] sampling -- ckpt: 7, round: 43
I0923 22:12:33.512698 22374824629312 main_interval.py:172] sampling -- ckpt: 7, round: 44
I0923 22:13:10.658371 22374824629312 main_interval.py:172] sampling -- ckpt: 7, round: 45
I0923 22:13:47.809748 22374824629312 main_interval.py:172] sampling -- ckpt: 7, round: 46
I0923 22:14:25.029757 22374824629312 main_interval.py:172] sampling -- ckpt: 7, round: 47
I0923 22:15:02.206763 22374824629312 main_interval.py:172] sampling -- ckpt: 7, round: 48
I0923 22:15:39.395367 22374824629312 main_interval.py:172] sampling -- ckpt: 7, round: 49
I0923 22:16:16.584414 22374824629312 main_interval.py:172] sampling -- ckpt: 7, round: 50
I0923 22:16:53.771207 22374824629312 main_interval.py:172] sampling -- ckpt: 7, round: 51
I0923 22:17:30.982902 22374824629312 main_interval.py:172] sampling -- ckpt: 7, round: 52
I0923 22:18:08.174814 22374824629312 main_interval.py:172] sampling -- ckpt: 7, round: 53
I0923 22:18:45.364021 22374824629312 main_interval.py:172] sampling -- ckpt: 7, round: 54
I0923 22:19:22.559150 22374824629312 main_interval.py:172] sampling -- ckpt: 7, round: 55
I0923 22:19:59.748691 22374824629312 main_interval.py:172] sampling -- ckpt: 7, round: 56
I0923 22:20:36.943923 22374824629312 main_interval.py:172] sampling -- ckpt: 7, round: 57
I0923 22:21:14.130266 22374824629312 main_interval.py:172] sampling -- ckpt: 7, round: 58
I0923 22:21:51.320063 22374824629312 main_interval.py:172] sampling -- ckpt: 7, round: 59
I0923 22:22:28.504782 22374824629312 main_interval.py:172] sampling -- ckpt: 7, round: 60
I0923 22:23:05.683150 22374824629312 main_interval.py:172] sampling -- ckpt: 7, round: 61
I0923 22:23:42.864503 22374824629312 main_interval.py:172] sampling -- ckpt: 7, round: 62
I0923 22:24:20.013097 22374824629312 main_interval.py:172] sampling -- ckpt: 7, round: 63
I0923 22:24:57.113156 22374824629312 main_interval.py:172] sampling -- ckpt: 7, round: 64
I0923 22:25:34.147535 22374824629312 main_interval.py:172] sampling -- ckpt: 7, round: 65
I0923 22:26:11.161516 22374824629312 main_interval.py:172] sampling -- ckpt: 7, round: 66
I0923 22:26:48.170621 22374824629312 main_interval.py:172] sampling -- ckpt: 7, round: 67
I0923 22:27:25.209711 22374824629312 main_interval.py:172] sampling -- ckpt: 7, round: 68
I0923 22:28:02.303991 22374824629312 main_interval.py:172] sampling -- ckpt: 7, round: 69
I0923 22:28:39.404666 22374824629312 main_interval.py:172] sampling -- ckpt: 7, round: 70
I0923 22:29:16.538410 22374824629312 main_interval.py:172] sampling -- ckpt: 7, round: 71
I0923 22:29:53.688565 22374824629312 main_interval.py:172] sampling -- ckpt: 7, round: 72
I0923 22:30:30.850573 22374824629312 main_interval.py:172] sampling -- ckpt: 7, round: 73
I0923 22:31:08.020449 22374824629312 main_interval.py:172] sampling -- ckpt: 7, round: 74
I0923 22:31:45.194562 22374824629312 main_interval.py:172] sampling -- ckpt: 7, round: 75
I0923 22:32:22.362884 22374824629312 main_interval.py:172] sampling -- ckpt: 7, round: 76
I0923 22:32:59.549956 22374824629312 main_interval.py:172] sampling -- ckpt: 7, round: 77
I0923 22:33:36.734944 22374824629312 main_interval.py:172] sampling -- ckpt: 7, round: 78
I0923 22:34:13.929442 22374824629312 main_interval.py:172] sampling -- ckpt: 7, round: 79
I0923 22:34:51.122829 22374824629312 main_interval.py:172] sampling -- ckpt: 7, round: 80
I0923 22:35:28.296412 22374824629312 main_interval.py:172] sampling -- ckpt: 7, round: 81
I0923 22:36:05.485607 22374824629312 main_interval.py:172] sampling -- ckpt: 7, round: 82
I0923 22:36:42.662198 22374824629312 main_interval.py:172] sampling -- ckpt: 7, round: 83
I0923 22:37:19.827234 22374824629312 main_interval.py:172] sampling -- ckpt: 7, round: 84
I0923 22:37:56.996963 22374824629312 main_interval.py:172] sampling -- ckpt: 7, round: 85
I0923 22:38:34.172102 22374824629312 main_interval.py:172] sampling -- ckpt: 7, round: 86
I0923 22:39:11.347480 22374824629312 main_interval.py:172] sampling -- ckpt: 7, round: 87
I0923 22:39:48.518485 22374824629312 main_interval.py:172] sampling -- ckpt: 7, round: 88
I0923 22:40:25.711572 22374824629312 main_interval.py:172] sampling -- ckpt: 7, round: 89
I0923 22:41:02.899275 22374824629312 main_interval.py:172] sampling -- ckpt: 7, round: 90
I0923 22:41:40.073226 22374824629312 main_interval.py:172] sampling -- ckpt: 7, round: 91
I0923 22:42:17.281084 22374824629312 main_interval.py:172] sampling -- ckpt: 7, round: 92
I0923 22:42:54.476671 22374824629312 main_interval.py:172] sampling -- ckpt: 7, round: 93
I0923 22:43:31.672624 22374824629312 main_interval.py:172] sampling -- ckpt: 7, round: 94
I0923 22:44:08.860432 22374824629312 main_interval.py:172] sampling -- ckpt: 7, round: 95
I0923 22:44:46.049483 22374824629312 main_interval.py:172] sampling -- ckpt: 7, round: 96
I0923 22:45:23.237172 22374824629312 main_interval.py:172] sampling -- ckpt: 7, round: 97
I0923 22:46:00.407040 22374824629312 main_interval.py:157] /scratch/qingqu_root/qingqu1/shared_data/multistage/dpm_deep/checkpoints/checkpoint_8.pth
I0923 22:46:32.912179 22374824629312 main_interval.py:168] /scratch/qingqu_root/qingqu1/shared_data/multistage/new_interval/original
I0923 22:46:32.927190 22374824629312 main_interval.py:172] sampling -- ckpt: 8, round: 0
I0923 22:47:10.215220 22374824629312 main_interval.py:172] sampling -- ckpt: 8, round: 1
I0923 22:47:47.303220 22374824629312 main_interval.py:172] sampling -- ckpt: 8, round: 2
I0923 22:48:24.450539 22374824629312 main_interval.py:172] sampling -- ckpt: 8, round: 3
I0923 22:49:01.579277 22374824629312 main_interval.py:172] sampling -- ckpt: 8, round: 4
I0923 22:49:38.724615 22374824629312 main_interval.py:172] sampling -- ckpt: 8, round: 5
I0923 22:50:15.920883 22374824629312 main_interval.py:172] sampling -- ckpt: 8, round: 6
I0923 22:50:53.095573 22374824629312 main_interval.py:172] sampling -- ckpt: 8, round: 7
I0923 22:51:30.304833 22374824629312 main_interval.py:172] sampling -- ckpt: 8, round: 8
I0923 22:52:07.504183 22374824629312 main_interval.py:172] sampling -- ckpt: 8, round: 9
I0923 22:52:44.695629 22374824629312 main_interval.py:172] sampling -- ckpt: 8, round: 10
I0923 22:53:21.888948 22374824629312 main_interval.py:172] sampling -- ckpt: 8, round: 11
I0923 22:53:59.090555 22374824629312 main_interval.py:172] sampling -- ckpt: 8, round: 12
I0923 22:54:36.282321 22374824629312 main_interval.py:172] sampling -- ckpt: 8, round: 13
I0923 22:55:13.471974 22374824629312 main_interval.py:172] sampling -- ckpt: 8, round: 14
I0923 22:55:50.661463 22374824629312 main_interval.py:172] sampling -- ckpt: 8, round: 15
I0923 22:56:27.857110 22374824629312 main_interval.py:172] sampling -- ckpt: 8, round: 16
I0923 22:57:05.055831 22374824629312 main_interval.py:172] sampling -- ckpt: 8, round: 17
I0923 22:57:42.256492 22374824629312 main_interval.py:172] sampling -- ckpt: 8, round: 18
I0923 22:58:19.439013 22374824629312 main_interval.py:172] sampling -- ckpt: 8, round: 19
I0923 22:58:56.634291 22374824629312 main_interval.py:172] sampling -- ckpt: 8, round: 20
I0923 22:59:33.817262 22374824629312 main_interval.py:172] sampling -- ckpt: 8, round: 21
I0923 23:00:11.024871 22374824629312 main_interval.py:172] sampling -- ckpt: 8, round: 22
I0923 23:00:48.203500 22374824629312 main_interval.py:172] sampling -- ckpt: 8, round: 23
I0923 23:01:25.392909 22374824629312 main_interval.py:172] sampling -- ckpt: 8, round: 24
I0923 23:02:02.559712 22374824629312 main_interval.py:172] sampling -- ckpt: 8, round: 25
I0923 23:02:39.721035 22374824629312 main_interval.py:172] sampling -- ckpt: 8, round: 26
I0923 23:03:16.822522 22374824629312 main_interval.py:172] sampling -- ckpt: 8, round: 27
I0923 23:03:53.833872 22374824629312 main_interval.py:172] sampling -- ckpt: 8, round: 28
I0923 23:04:30.855659 22374824629312 main_interval.py:172] sampling -- ckpt: 8, round: 29
I0923 23:05:07.847020 22374824629312 main_interval.py:172] sampling -- ckpt: 8, round: 30
I0923 23:05:44.847917 22374824629312 main_interval.py:172] sampling -- ckpt: 8, round: 31
I0923 23:06:21.920958 22374824629312 main_interval.py:172] sampling -- ckpt: 8, round: 32
I0923 23:06:59.044356 22374824629312 main_interval.py:172] sampling -- ckpt: 8, round: 33
I0923 23:07:36.181649 22374824629312 main_interval.py:172] sampling -- ckpt: 8, round: 34
I0923 23:08:13.340284 22374824629312 main_interval.py:172] sampling -- ckpt: 8, round: 35
I0923 23:08:50.514541 22374824629312 main_interval.py:172] sampling -- ckpt: 8, round: 36
I0923 23:09:27.693365 22374824629312 main_interval.py:172] sampling -- ckpt: 8, round: 37
I0923 23:10:04.880271 22374824629312 main_interval.py:172] sampling -- ckpt: 8, round: 38
I0923 23:10:42.074262 22374824629312 main_interval.py:172] sampling -- ckpt: 8, round: 39
I0923 23:11:19.265678 22374824629312 main_interval.py:172] sampling -- ckpt: 8, round: 40
I0923 23:11:56.453654 22374824629312 main_interval.py:172] sampling -- ckpt: 8, round: 41
I0923 23:12:33.659770 22374824629312 main_interval.py:172] sampling -- ckpt: 8, round: 42
I0923 23:13:10.844899 22374824629312 main_interval.py:172] sampling -- ckpt: 8, round: 43
I0923 23:13:48.039551 22374824629312 main_interval.py:172] sampling -- ckpt: 8, round: 44
I0923 23:14:25.231801 22374824629312 main_interval.py:172] sampling -- ckpt: 8, round: 45
I0923 23:15:02.405717 22374824629312 main_interval.py:172] sampling -- ckpt: 8, round: 46
I0923 23:15:39.583657 22374824629312 main_interval.py:172] sampling -- ckpt: 8, round: 47
I0923 23:16:16.763821 22374824629312 main_interval.py:172] sampling -- ckpt: 8, round: 48
I0923 23:16:53.944106 22374824629312 main_interval.py:172] sampling -- ckpt: 8, round: 49
I0923 23:17:31.135403 22374824629312 main_interval.py:172] sampling -- ckpt: 8, round: 50
I0923 23:18:08.321014 22374824629312 main_interval.py:172] sampling -- ckpt: 8, round: 51
I0923 23:18:45.476693 22374824629312 main_interval.py:172] sampling -- ckpt: 8, round: 52
I0923 23:19:22.668595 22374824629312 main_interval.py:172] sampling -- ckpt: 8, round: 53
I0923 23:19:59.850039 22374824629312 main_interval.py:172] sampling -- ckpt: 8, round: 54
I0923 23:20:37.016307 22374824629312 main_interval.py:172] sampling -- ckpt: 8, round: 55
I0923 23:21:14.216053 22374824629312 main_interval.py:172] sampling -- ckpt: 8, round: 56
I0923 23:21:51.388399 22374824629312 main_interval.py:172] sampling -- ckpt: 8, round: 57
I0923 23:22:28.567310 22374824629312 main_interval.py:172] sampling -- ckpt: 8, round: 58
I0923 23:23:05.749826 22374824629312 main_interval.py:172] sampling -- ckpt: 8, round: 59
I0923 23:23:42.935741 22374824629312 main_interval.py:172] sampling -- ckpt: 8, round: 60
I0923 23:24:20.123934 22374824629312 main_interval.py:172] sampling -- ckpt: 8, round: 61
I0923 23:24:57.313083 22374824629312 main_interval.py:172] sampling -- ckpt: 8, round: 62
I0923 23:25:34.499084 22374824629312 main_interval.py:172] sampling -- ckpt: 8, round: 63
I0923 23:26:11.682028 22374824629312 main_interval.py:172] sampling -- ckpt: 8, round: 64
I0923 23:26:48.862421 22374824629312 main_interval.py:172] sampling -- ckpt: 8, round: 65
I0923 23:27:26.039174 22374824629312 main_interval.py:172] sampling -- ckpt: 8, round: 66
I0923 23:28:03.212552 22374824629312 main_interval.py:172] sampling -- ckpt: 8, round: 67
I0923 23:28:40.411867 22374824629312 main_interval.py:172] sampling -- ckpt: 8, round: 68
I0923 23:29:17.611882 22374824629312 main_interval.py:172] sampling -- ckpt: 8, round: 69
I0923 23:29:54.814844 22374824629312 main_interval.py:172] sampling -- ckpt: 8, round: 70
I0923 23:30:32.023432 22374824629312 main_interval.py:172] sampling -- ckpt: 8, round: 71
I0923 23:31:09.230343 22374824629312 main_interval.py:172] sampling -- ckpt: 8, round: 72
I0923 23:31:46.435123 22374824629312 main_interval.py:172] sampling -- ckpt: 8, round: 73
I0923 23:32:23.600136 22374824629312 main_interval.py:172] sampling -- ckpt: 8, round: 74
I0923 23:33:00.775641 22374824629312 main_interval.py:172] sampling -- ckpt: 8, round: 75
I0923 23:33:37.947155 22374824629312 main_interval.py:172] sampling -- ckpt: 8, round: 76
I0923 23:34:15.118352 22374824629312 main_interval.py:172] sampling -- ckpt: 8, round: 77
I0923 23:34:52.287388 22374824629312 main_interval.py:172] sampling -- ckpt: 8, round: 78
I0923 23:35:29.501662 22374824629312 main_interval.py:172] sampling -- ckpt: 8, round: 79
I0923 23:36:06.676448 22374824629312 main_interval.py:172] sampling -- ckpt: 8, round: 80
I0923 23:36:43.865908 22374824629312 main_interval.py:172] sampling -- ckpt: 8, round: 81
I0923 23:37:21.070415 22374824629312 main_interval.py:172] sampling -- ckpt: 8, round: 82
I0923 23:37:58.279254 22374824629312 main_interval.py:172] sampling -- ckpt: 8, round: 83
I0923 23:38:35.485656 22374824629312 main_interval.py:172] sampling -- ckpt: 8, round: 84
I0923 23:39:12.665018 22374824629312 main_interval.py:172] sampling -- ckpt: 8, round: 85
I0923 23:39:49.858312 22374824629312 main_interval.py:172] sampling -- ckpt: 8, round: 86
I0923 23:40:27.024726 22374824629312 main_interval.py:172] sampling -- ckpt: 8, round: 87
I0923 23:41:04.220695 22374824629312 main_interval.py:172] sampling -- ckpt: 8, round: 88
I0923 23:41:41.343517 22374824629312 main_interval.py:172] sampling -- ckpt: 8, round: 89
I0923 23:42:18.373876 22374824629312 main_interval.py:172] sampling -- ckpt: 8, round: 90
I0923 23:42:55.376879 22374824629312 main_interval.py:172] sampling -- ckpt: 8, round: 91
I0923 23:43:32.367782 22374824629312 main_interval.py:172] sampling -- ckpt: 8, round: 92
I0923 23:44:09.375773 22374824629312 main_interval.py:172] sampling -- ckpt: 8, round: 93
I0923 23:44:46.392214 22374824629312 main_interval.py:172] sampling -- ckpt: 8, round: 94
I0923 23:45:23.509894 22374824629312 main_interval.py:172] sampling -- ckpt: 8, round: 95
I0923 23:46:00.652013 22374824629312 main_interval.py:172] sampling -- ckpt: 8, round: 96
I0923 23:46:37.784518 22374824629312 main_interval.py:172] sampling -- ckpt: 8, round: 97
I0923 23:47:14.928179 22374824629312 main_interval.py:157] /scratch/qingqu_root/qingqu1/shared_data/multistage/dpm_deep/checkpoints/checkpoint_9.pth
I0923 23:47:40.253613 22374824629312 main_interval.py:168] /scratch/qingqu_root/qingqu1/shared_data/multistage/new_interval/original
I0923 23:47:40.277051 22374824629312 main_interval.py:172] sampling -- ckpt: 9, round: 0
I0923 23:48:17.575276 22374824629312 main_interval.py:172] sampling -- ckpt: 9, round: 1
I0923 23:48:54.659078 22374824629312 main_interval.py:172] sampling -- ckpt: 9, round: 2
I0923 23:49:31.805400 22374824629312 main_interval.py:172] sampling -- ckpt: 9, round: 3
I0923 23:50:08.993604 22374824629312 main_interval.py:172] sampling -- ckpt: 9, round: 4
I0923 23:50:46.155857 22374824629312 main_interval.py:172] sampling -- ckpt: 9, round: 5
I0923 23:51:23.339010 22374824629312 main_interval.py:172] sampling -- ckpt: 9, round: 6
I0923 23:52:00.528738 22374824629312 main_interval.py:172] sampling -- ckpt: 9, round: 7
I0923 23:52:37.698832 22374824629312 main_interval.py:172] sampling -- ckpt: 9, round: 8
I0923 23:53:14.870228 22374824629312 main_interval.py:172] sampling -- ckpt: 9, round: 9
I0923 23:53:52.046270 22374824629312 main_interval.py:172] sampling -- ckpt: 9, round: 10
I0923 23:54:29.235673 22374824629312 main_interval.py:172] sampling -- ckpt: 9, round: 11
I0923 23:55:06.420657 22374824629312 main_interval.py:172] sampling -- ckpt: 9, round: 12
I0923 23:55:43.613758 22374824629312 main_interval.py:172] sampling -- ckpt: 9, round: 13
I0923 23:56:20.849153 22374824629312 main_interval.py:172] sampling -- ckpt: 9, round: 14
I0923 23:56:58.016142 22374824629312 main_interval.py:172] sampling -- ckpt: 9, round: 15
I0923 23:57:35.188002 22374824629312 main_interval.py:172] sampling -- ckpt: 9, round: 16
I0923 23:58:12.358696 22374824629312 main_interval.py:172] sampling -- ckpt: 9, round: 17
I0923 23:58:49.531661 22374824629312 main_interval.py:172] sampling -- ckpt: 9, round: 18
I0923 23:59:26.721237 22374824629312 main_interval.py:172] sampling -- ckpt: 9, round: 19
I0924 00:00:03.920379 22374824629312 main_interval.py:172] sampling -- ckpt: 9, round: 20
I0924 00:00:41.120948 22374824629312 main_interval.py:172] sampling -- ckpt: 9, round: 21
I0924 00:01:18.322422 22374824629312 main_interval.py:172] sampling -- ckpt: 9, round: 22
I0924 00:01:55.519314 22374824629312 main_interval.py:172] sampling -- ckpt: 9, round: 23
I0924 00:02:32.719337 22374824629312 main_interval.py:172] sampling -- ckpt: 9, round: 24
I0924 00:03:09.917695 22374824629312 main_interval.py:172] sampling -- ckpt: 9, round: 25
I0924 00:03:47.093099 22374824629312 main_interval.py:172] sampling -- ckpt: 9, round: 26
I0924 00:04:24.250391 22374824629312 main_interval.py:172] sampling -- ckpt: 9, round: 27
I0924 00:05:01.440357 22374824629312 main_interval.py:172] sampling -- ckpt: 9, round: 28
I0924 00:05:38.632268 22374824629312 main_interval.py:172] sampling -- ckpt: 9, round: 29
I0924 00:06:15.819895 22374824629312 main_interval.py:172] sampling -- ckpt: 9, round: 30
I0924 00:06:53.016964 22374824629312 main_interval.py:172] sampling -- ckpt: 9, round: 31
I0924 00:07:30.227947 22374824629312 main_interval.py:172] sampling -- ckpt: 9, round: 32
I0924 00:08:07.421312 22374824629312 main_interval.py:172] sampling -- ckpt: 9, round: 33
I0924 00:08:44.593292 22374824629312 main_interval.py:172] sampling -- ckpt: 9, round: 34
I0924 00:09:21.762179 22374824629312 main_interval.py:172] sampling -- ckpt: 9, round: 35
I0924 00:09:58.932353 22374824629312 main_interval.py:172] sampling -- ckpt: 9, round: 36
I0924 00:10:36.125538 22374824629312 main_interval.py:172] sampling -- ckpt: 9, round: 37
I0924 00:11:13.311274 22374824629312 main_interval.py:172] sampling -- ckpt: 9, round: 38
I0924 00:11:50.489536 22374824629312 main_interval.py:172] sampling -- ckpt: 9, round: 39
I0924 00:12:27.639209 22374824629312 main_interval.py:172] sampling -- ckpt: 9, round: 40
I0924 00:13:04.824280 22374824629312 main_interval.py:172] sampling -- ckpt: 9, round: 41
I0924 00:13:42.018357 22374824629312 main_interval.py:172] sampling -- ckpt: 9, round: 42
I0924 00:14:19.211832 22374824629312 main_interval.py:172] sampling -- ckpt: 9, round: 43
I0924 00:14:56.373365 22374824629312 main_interval.py:172] sampling -- ckpt: 9, round: 44
I0924 00:15:33.535712 22374824629312 main_interval.py:172] sampling -- ckpt: 9, round: 45
I0924 00:16:10.721933 22374824629312 main_interval.py:172] sampling -- ckpt: 9, round: 46
I0924 00:16:47.917052 22374824629312 main_interval.py:172] sampling -- ckpt: 9, round: 47
I0924 00:17:25.104870 22374824629312 main_interval.py:172] sampling -- ckpt: 9, round: 48
I0924 00:18:02.292006 22374824629312 main_interval.py:172] sampling -- ckpt: 9, round: 49
I0924 00:18:39.463213 22374824629312 main_interval.py:172] sampling -- ckpt: 9, round: 50
I0924 00:19:16.638935 22374824629312 main_interval.py:172] sampling -- ckpt: 9, round: 51
I0924 00:19:53.796773 22374824629312 main_interval.py:172] sampling -- ckpt: 9, round: 52
I0924 00:20:30.904353 22374824629312 main_interval.py:172] sampling -- ckpt: 9, round: 53
I0924 00:21:07.961835 22374824629312 main_interval.py:172] sampling -- ckpt: 9, round: 54
I0924 00:21:45.001512 22374824629312 main_interval.py:172] sampling -- ckpt: 9, round: 55
I0924 00:22:21.970662 22374824629312 main_interval.py:172] sampling -- ckpt: 9, round: 56
I0924 00:22:58.994630 22374824629312 main_interval.py:172] sampling -- ckpt: 9, round: 57
I0924 00:23:36.100295 22374824629312 main_interval.py:172] sampling -- ckpt: 9, round: 58
I0924 00:24:13.248798 22374824629312 main_interval.py:172] sampling -- ckpt: 9, round: 59
I0924 00:24:50.361752 22374824629312 main_interval.py:172] sampling -- ckpt: 9, round: 60
I0924 00:25:27.505065 22374824629312 main_interval.py:172] sampling -- ckpt: 9, round: 61
I0924 00:26:04.628002 22374824629312 main_interval.py:172] sampling -- ckpt: 9, round: 62
I0924 00:26:41.759173 22374824629312 main_interval.py:172] sampling -- ckpt: 9, round: 63
I0924 00:27:18.899238 22374824629312 main_interval.py:172] sampling -- ckpt: 9, round: 64
I0924 00:27:56.076748 22374824629312 main_interval.py:172] sampling -- ckpt: 9, round: 65
I0924 00:28:33.263211 22374824629312 main_interval.py:172] sampling -- ckpt: 9, round: 66
I0924 00:29:10.442224 22374824629312 main_interval.py:172] sampling -- ckpt: 9, round: 67
I0924 00:29:47.635134 22374824629312 main_interval.py:172] sampling -- ckpt: 9, round: 68
I0924 00:30:24.814854 22374824629312 main_interval.py:172] sampling -- ckpt: 9, round: 69
I0924 00:31:02.044439 22374824629312 main_interval.py:172] sampling -- ckpt: 9, round: 70
I0924 00:31:39.230838 22374824629312 main_interval.py:172] sampling -- ckpt: 9, round: 71
I0924 00:32:16.413780 22374824629312 main_interval.py:172] sampling -- ckpt: 9, round: 72
I0924 00:32:53.596931 22374824629312 main_interval.py:172] sampling -- ckpt: 9, round: 73
I0924 00:33:30.771259 22374824629312 main_interval.py:172] sampling -- ckpt: 9, round: 74
I0924 00:34:07.926505 22374824629312 main_interval.py:172] sampling -- ckpt: 9, round: 75
I0924 00:34:45.081810 22374824629312 main_interval.py:172] sampling -- ckpt: 9, round: 76
I0924 00:35:22.237926 22374824629312 main_interval.py:172] sampling -- ckpt: 9, round: 77
I0924 00:35:59.419996 22374824629312 main_interval.py:172] sampling -- ckpt: 9, round: 78
I0924 00:36:36.641838 22374824629312 main_interval.py:172] sampling -- ckpt: 9, round: 79
I0924 00:37:13.835673 22374824629312 main_interval.py:172] sampling -- ckpt: 9, round: 80
I0924 00:37:51.029203 22374824629312 main_interval.py:172] sampling -- ckpt: 9, round: 81
I0924 00:38:28.221082 22374824629312 main_interval.py:172] sampling -- ckpt: 9, round: 82
I0924 00:39:05.413663 22374824629312 main_interval.py:172] sampling -- ckpt: 9, round: 83
I0924 00:39:42.604660 22374824629312 main_interval.py:172] sampling -- ckpt: 9, round: 84
I0924 00:40:19.794843 22374824629312 main_interval.py:172] sampling -- ckpt: 9, round: 85
I0924 00:40:56.978911 22374824629312 main_interval.py:172] sampling -- ckpt: 9, round: 86
I0924 00:41:34.169677 22374824629312 main_interval.py:172] sampling -- ckpt: 9, round: 87
I0924 00:42:11.358447 22374824629312 main_interval.py:172] sampling -- ckpt: 9, round: 88
I0924 00:42:48.552784 22374824629312 main_interval.py:172] sampling -- ckpt: 9, round: 89
I0924 00:43:25.743788 22374824629312 main_interval.py:172] sampling -- ckpt: 9, round: 90
I0924 00:44:02.936821 22374824629312 main_interval.py:172] sampling -- ckpt: 9, round: 91
I0924 00:44:40.131956 22374824629312 main_interval.py:172] sampling -- ckpt: 9, round: 92
I0924 00:45:17.287323 22374824629312 main_interval.py:172] sampling -- ckpt: 9, round: 93
I0924 00:45:54.439508 22374824629312 main_interval.py:172] sampling -- ckpt: 9, round: 94
I0924 00:46:31.616118 22374824629312 main_interval.py:172] sampling -- ckpt: 9, round: 95
I0924 00:47:08.779250 22374824629312 main_interval.py:172] sampling -- ckpt: 9, round: 96
I0924 00:47:45.944256 22374824629312 main_interval.py:172] sampling -- ckpt: 9, round: 97
2023-09-24 00:48:31.806026: I tensorflow/core/util/port.cc:110] oneDNN custom operations are on. You may see slightly different numerical results due to floating-point round-off errors from different computation orders. To turn them off, set the environment variable `TF_ENABLE_ONEDNN_OPTS=0`.
2023-09-24 00:48:31.856706: I tensorflow/core/platform/cpu_feature_guard.cc:182] This TensorFlow binary is optimized to use available CPU instructions in performance-critical operations.
To enable the following instructions: AVX2 AVX512F AVX512_VNNI FMA, in other operations, rebuild TensorFlow with the appropriate compiler flags.
2023-09-24 00:48:33.898397: W tensorflow/compiler/tf2tensorrt/utils/py_utils.cc:38] TF-TRT Warning: Could not find TensorRT
/home/yifulu/.conda/envs/dpm/lib/python3.9/site-packages/absl/flags/_validators.py:254: UserWarning: Flag --eval_folder has a non-None default value; therefore, mark_flag_as_required will pass even if flag is not specified in the command line!
  mark_flag_as_required(flag_name, flag_values)
I0924 00:48:44.430824 23061141939264 resolver.py:108] Using /tmp/tfhub_modules to cache modules.
I0924 00:48:44.451077 23061141939264 resolver.py:419] Downloading TF-Hub Module 'https://tfhub.dev/tensorflow/tfgan/eval/inception/1'.
I0924 00:48:51.125230 23061141939264 resolver.py:157] Downloaded https://tfhub.dev/tensorflow/tfgan/eval/inception/1, Total size: 273.09MB
I0924 00:48:51.125849 23061141939264 resolver.py:434] Downloaded TF-Hub Module 'https://tfhub.dev/tensorflow/tfgan/eval/inception/1'.
2023-09-24 00:48:53.840201: I tensorflow/core/common_runtime/gpu/gpu_device.cc:1639] Created device /job:localhost/replica:0/task:0/device:GPU:0 with 43083 MB memory:  -> device: 0, name: NVIDIA A40, pci bus id: 0000:1d:00.0, compute capability: 8.6
I0924 00:48:55.383734 23061141939264 load.py:1017] Fingerprint not found. Saved model loading will continue.
I0924 00:48:55.384052 23061141939264 evaluation_fromsample.py:48] begin checkpoint: 1
I0924 00:48:55.384116 23061141939264 evaluation_fromsample.py:52] /scratch/qingqu_root/qingqu1/shared_data/multistage/new_interval/original
I0924 00:48:55.384851 23061141939264 evaluation_fromsample.py:67] evaluation -- ckpt: 1, round: 0
WARNING: All log messages before absl::InitializeLog() is called are written to STDERR
I0000 00:00:1695530936.746990 4168891 tfrt_cpu_pjrt_client.cc:349] TfrtCpuClient created.
I0924 00:48:56.783253 23061141939264 xla_bridge.py:513] Unable to initialize backend 'cuda': module 'jaxlib.xla_extension' has no attribute 'GpuAllocatorConfig'
I0924 00:48:56.783389 23061141939264 xla_bridge.py:513] Unable to initialize backend 'rocm': module 'jaxlib.xla_extension' has no attribute 'GpuAllocatorConfig'
I0924 00:48:56.846280 23061141939264 xla_bridge.py:513] Unable to initialize backend 'tpu': INTERNAL: Failed to open libtpu.so: libtpu.so: cannot open shared object file: No such file or directory
W0924 00:48:56.846415 23061141939264 xla_bridge.py:527] No GPU/TPU found, falling back to CPU. (Set TF_CPP_MIN_LOG_LEVEL=0 and rerun for more info.)
/home/yifulu/.conda/envs/dpm/lib/python3.9/site-packages/tensorflow/python/util/nest_util.py:1094: UserWarning: `tf.layers.flatten` is deprecated and will be removed in a future version. Please use `tf.keras.layers.Flatten` instead.
  [func(*x) for x in entries],
/home/yifulu/.conda/envs/dpm/lib/python3.9/site-packages/keras/src/legacy_tf_layers/base.py:623: UserWarning: `layer.updates` will be removed in a future version. This property should not be used in TensorFlow 2.0, as `updates` are applied automatically.
  self.updates, tf.compat.v1.GraphKeys.UPDATE_OPS
2023-09-24 00:49:02.982019: I tensorflow/compiler/xla/stream_executor/cuda/cuda_dnn.cc:432] Loaded cuDNN version 8700
2023-09-24 00:49:04.881164: W tensorflow/core/kernels/gpu_utils.cc:50] Failed to allocate memory for convolution redzone checking; skipping this check. This is benign and only means that we won't check cudnn for out-of-bounds reads and writes. This message will only be printed once.
2023-09-24 00:49:05.477687: I tensorflow/compiler/xla/stream_executor/cuda/cuda_blas.cc:606] TensorFloat-32 will be used for the matrix multiplication. This will only be logged once.
I0924 00:49:10.558696 23061141939264 evaluation_fromsample.py:67] evaluation -- ckpt: 1, round: 1
I0924 00:49:12.248456 23061141939264 evaluation_fromsample.py:67] evaluation -- ckpt: 1, round: 10
I0924 00:49:13.846375 23061141939264 evaluation_fromsample.py:67] evaluation -- ckpt: 1, round: 11
I0924 00:49:15.454317 23061141939264 evaluation_fromsample.py:67] evaluation -- ckpt: 1, round: 12
I0924 00:49:17.014417 23061141939264 evaluation_fromsample.py:67] evaluation -- ckpt: 1, round: 13
I0924 00:49:18.595659 23061141939264 evaluation_fromsample.py:67] evaluation -- ckpt: 1, round: 14
I0924 00:49:20.189661 23061141939264 evaluation_fromsample.py:67] evaluation -- ckpt: 1, round: 15
I0924 00:49:21.746143 23061141939264 evaluation_fromsample.py:67] evaluation -- ckpt: 1, round: 16
I0924 00:49:23.308323 23061141939264 evaluation_fromsample.py:67] evaluation -- ckpt: 1, round: 17
I0924 00:49:24.924558 23061141939264 evaluation_fromsample.py:67] evaluation -- ckpt: 1, round: 18
I0924 00:49:26.482276 23061141939264 evaluation_fromsample.py:67] evaluation -- ckpt: 1, round: 19
I0924 00:49:28.042860 23061141939264 evaluation_fromsample.py:67] evaluation -- ckpt: 1, round: 2
I0924 00:49:29.633667 23061141939264 evaluation_fromsample.py:67] evaluation -- ckpt: 1, round: 20
I0924 00:49:31.183375 23061141939264 evaluation_fromsample.py:67] evaluation -- ckpt: 1, round: 21
I0924 00:49:32.762978 23061141939264 evaluation_fromsample.py:67] evaluation -- ckpt: 1, round: 22
I0924 00:49:39.019384 23061141939264 evaluation_fromsample.py:67] evaluation -- ckpt: 1, round: 23
I0924 00:49:40.633416 23061141939264 evaluation_fromsample.py:67] evaluation -- ckpt: 1, round: 24
I0924 00:49:42.258007 23061141939264 evaluation_fromsample.py:67] evaluation -- ckpt: 1, round: 25
I0924 00:49:43.874222 23061141939264 evaluation_fromsample.py:67] evaluation -- ckpt: 1, round: 26
I0924 00:49:45.446425 23061141939264 evaluation_fromsample.py:67] evaluation -- ckpt: 1, round: 27
I0924 00:49:47.024376 23061141939264 evaluation_fromsample.py:67] evaluation -- ckpt: 1, round: 28
I0924 00:49:48.611412 23061141939264 evaluation_fromsample.py:67] evaluation -- ckpt: 1, round: 29
I0924 00:49:50.252154 23061141939264 evaluation_fromsample.py:67] evaluation -- ckpt: 1, round: 3
I0924 00:49:51.819319 23061141939264 evaluation_fromsample.py:67] evaluation -- ckpt: 1, round: 30
I0924 00:49:53.395232 23061141939264 evaluation_fromsample.py:67] evaluation -- ckpt: 1, round: 31
I0924 00:49:55.002732 23061141939264 evaluation_fromsample.py:67] evaluation -- ckpt: 1, round: 32
I0924 00:49:56.551474 23061141939264 evaluation_fromsample.py:67] evaluation -- ckpt: 1, round: 33
I0924 00:49:58.139418 23061141939264 evaluation_fromsample.py:67] evaluation -- ckpt: 1, round: 34
I0924 00:49:59.747939 23061141939264 evaluation_fromsample.py:67] evaluation -- ckpt: 1, round: 35
I0924 00:50:01.299442 23061141939264 evaluation_fromsample.py:67] evaluation -- ckpt: 1, round: 36
I0924 00:50:02.849376 23061141939264 evaluation_fromsample.py:67] evaluation -- ckpt: 1, round: 37
I0924 00:50:04.442512 23061141939264 evaluation_fromsample.py:67] evaluation -- ckpt: 1, round: 38
I0924 00:50:06.004345 23061141939264 evaluation_fromsample.py:67] evaluation -- ckpt: 1, round: 39
I0924 00:50:07.559519 23061141939264 evaluation_fromsample.py:67] evaluation -- ckpt: 1, round: 4
I0924 00:50:09.210710 23061141939264 evaluation_fromsample.py:67] evaluation -- ckpt: 1, round: 40
I0924 00:50:10.817432 23061141939264 evaluation_fromsample.py:67] evaluation -- ckpt: 1, round: 41
I0924 00:50:12.374341 23061141939264 evaluation_fromsample.py:67] evaluation -- ckpt: 1, round: 42
I0924 00:50:13.972425 23061141939264 evaluation_fromsample.py:67] evaluation -- ckpt: 1, round: 43
I0924 00:50:15.527664 23061141939264 evaluation_fromsample.py:67] evaluation -- ckpt: 1, round: 44
I0924 00:50:17.091400 23061141939264 evaluation_fromsample.py:67] evaluation -- ckpt: 1, round: 45
I0924 00:50:18.684314 23061141939264 evaluation_fromsample.py:67] evaluation -- ckpt: 1, round: 46
I0924 00:50:20.231048 23061141939264 evaluation_fromsample.py:67] evaluation -- ckpt: 1, round: 47
I0924 00:50:21.800954 23061141939264 evaluation_fromsample.py:67] evaluation -- ckpt: 1, round: 48
I0924 00:50:23.371026 23061141939264 evaluation_fromsample.py:67] evaluation -- ckpt: 1, round: 49
I0924 00:50:24.963415 23061141939264 evaluation_fromsample.py:67] evaluation -- ckpt: 1, round: 5
I0924 00:50:26.535836 23061141939264 evaluation_fromsample.py:67] evaluation -- ckpt: 1, round: 50
I0924 00:50:28.082711 23061141939264 evaluation_fromsample.py:67] evaluation -- ckpt: 1, round: 51
I0924 00:50:29.647335 23061141939264 evaluation_fromsample.py:67] evaluation -- ckpt: 1, round: 52
I0924 00:50:31.209016 23061141939264 evaluation_fromsample.py:67] evaluation -- ckpt: 1, round: 53
I0924 00:50:32.752628 23061141939264 evaluation_fromsample.py:67] evaluation -- ckpt: 1, round: 54
I0924 00:50:34.315262 23061141939264 evaluation_fromsample.py:67] evaluation -- ckpt: 1, round: 55
I0924 00:50:35.885754 23061141939264 evaluation_fromsample.py:67] evaluation -- ckpt: 1, round: 56
I0924 00:50:37.478061 23061141939264 evaluation_fromsample.py:67] evaluation -- ckpt: 1, round: 57
I0924 00:50:39.066842 23061141939264 evaluation_fromsample.py:67] evaluation -- ckpt: 1, round: 58
I0924 00:50:40.622855 23061141939264 evaluation_fromsample.py:67] evaluation -- ckpt: 1, round: 59
I0924 00:50:42.199420 23061141939264 evaluation_fromsample.py:67] evaluation -- ckpt: 1, round: 6
I0924 00:50:43.771353 23061141939264 evaluation_fromsample.py:67] evaluation -- ckpt: 1, round: 60
I0924 00:50:45.375682 23061141939264 evaluation_fromsample.py:67] evaluation -- ckpt: 1, round: 61
I0924 00:50:46.956744 23061141939264 evaluation_fromsample.py:67] evaluation -- ckpt: 1, round: 62
I0924 00:50:48.521175 23061141939264 evaluation_fromsample.py:67] evaluation -- ckpt: 1, round: 63
I0924 00:50:50.073511 23061141939264 evaluation_fromsample.py:67] evaluation -- ckpt: 1, round: 64
I0924 00:50:51.642557 23061141939264 evaluation_fromsample.py:67] evaluation -- ckpt: 1, round: 65
I0924 00:50:53.222028 23061141939264 evaluation_fromsample.py:67] evaluation -- ckpt: 1, round: 66
I0924 00:50:54.778898 23061141939264 evaluation_fromsample.py:67] evaluation -- ckpt: 1, round: 67
I0924 00:50:56.349358 23061141939264 evaluation_fromsample.py:67] evaluation -- ckpt: 1, round: 68
I0924 00:50:57.918179 23061141939264 evaluation_fromsample.py:67] evaluation -- ckpt: 1, round: 69
I0924 00:50:59.492195 23061141939264 evaluation_fromsample.py:67] evaluation -- ckpt: 1, round: 7
I0924 00:51:01.072475 23061141939264 evaluation_fromsample.py:67] evaluation -- ckpt: 1, round: 70
I0924 00:51:02.719265 23061141939264 evaluation_fromsample.py:67] evaluation -- ckpt: 1, round: 71
I0924 00:51:04.359991 23061141939264 evaluation_fromsample.py:67] evaluation -- ckpt: 1, round: 72
I0924 00:51:05.924937 23061141939264 evaluation_fromsample.py:67] evaluation -- ckpt: 1, round: 73
I0924 00:51:07.529144 23061141939264 evaluation_fromsample.py:67] evaluation -- ckpt: 1, round: 74
I0924 00:51:09.118172 23061141939264 evaluation_fromsample.py:67] evaluation -- ckpt: 1, round: 75
I0924 00:51:10.687011 23061141939264 evaluation_fromsample.py:67] evaluation -- ckpt: 1, round: 76
I0924 00:51:12.261796 23061141939264 evaluation_fromsample.py:67] evaluation -- ckpt: 1, round: 77
I0924 00:51:13.826771 23061141939264 evaluation_fromsample.py:67] evaluation -- ckpt: 1, round: 78
I0924 00:51:15.369266 23061141939264 evaluation_fromsample.py:67] evaluation -- ckpt: 1, round: 79
I0924 00:51:16.919681 23061141939264 evaluation_fromsample.py:67] evaluation -- ckpt: 1, round: 8
I0924 00:51:18.477990 23061141939264 evaluation_fromsample.py:67] evaluation -- ckpt: 1, round: 80
I0924 00:51:20.031774 23061141939264 evaluation_fromsample.py:67] evaluation -- ckpt: 1, round: 81
I0924 00:51:21.596507 23061141939264 evaluation_fromsample.py:67] evaluation -- ckpt: 1, round: 82
I0924 00:51:23.170396 23061141939264 evaluation_fromsample.py:67] evaluation -- ckpt: 1, round: 83
I0924 00:51:24.747784 23061141939264 evaluation_fromsample.py:67] evaluation -- ckpt: 1, round: 84
I0924 00:51:26.321327 23061141939264 evaluation_fromsample.py:67] evaluation -- ckpt: 1, round: 85
I0924 00:51:27.891079 23061141939264 evaluation_fromsample.py:67] evaluation -- ckpt: 1, round: 86
I0924 00:51:29.447390 23061141939264 evaluation_fromsample.py:67] evaluation -- ckpt: 1, round: 87
I0924 00:51:30.991740 23061141939264 evaluation_fromsample.py:67] evaluation -- ckpt: 1, round: 88
I0924 00:51:32.553594 23061141939264 evaluation_fromsample.py:67] evaluation -- ckpt: 1, round: 89
I0924 00:51:34.147254 23061141939264 evaluation_fromsample.py:67] evaluation -- ckpt: 1, round: 9
I0924 00:51:35.721779 23061141939264 evaluation_fromsample.py:67] evaluation -- ckpt: 1, round: 90
I0924 00:51:37.290565 23061141939264 evaluation_fromsample.py:67] evaluation -- ckpt: 1, round: 91
I0924 00:51:38.890949 23061141939264 evaluation_fromsample.py:67] evaluation -- ckpt: 1, round: 92
I0924 00:51:40.490521 23061141939264 evaluation_fromsample.py:67] evaluation -- ckpt: 1, round: 93
I0924 00:51:42.056640 23061141939264 evaluation_fromsample.py:67] evaluation -- ckpt: 1, round: 94
I0924 00:51:43.640918 23061141939264 evaluation_fromsample.py:67] evaluation -- ckpt: 1, round: 95
I0924 00:51:45.191558 23061141939264 evaluation_fromsample.py:67] evaluation -- ckpt: 1, round: 96
I0924 00:51:46.751388 23061141939264 evaluation_fromsample.py:67] evaluation -- ckpt: 1, round: 97
2023-09-24 00:52:06.690181: I tensorflow/core/util/cuda_solvers.cc:179] Creating GpuSolver handles for stream 0x956aeec0
I0924 00:52:13.145415 23061141939264 evaluation_fromsample.py:106] ckpt-1 --- FID: 9.186760e+00
Traceback (most recent call last):
  File "/gpfs/accounts/qingqu_root/qingqu1/yifulu/dpm-solver/example_v2/score_sde_pytorch/evaluation_fromsample.py", line 121, in <module>
    app.run(main)
  File "/home/yifulu/.conda/envs/dpm/lib/python3.9/site-packages/absl/app.py", line 308, in run
    _run_main(main, args)
  File "/home/yifulu/.conda/envs/dpm/lib/python3.9/site-packages/absl/app.py", line 254, in _run_main
    sys.exit(main(argv))
  File "/gpfs/accounts/qingqu_root/qingqu1/yifulu/dpm-solver/example_v2/score_sde_pytorch/evaluation_fromsample.py", line 118, in main
    evaluate(FLAGS.config, FLAGS.workdir, FLAGS.eval_folder)
  File "/gpfs/accounts/qingqu_root/qingqu1/yifulu/dpm-solver/example_v2/score_sde_pytorch/evaluation_fromsample.py", line 114, in evaluate
    f.write(io_buffer.getvalue())
  File "/home/yifulu/.conda/envs/dpm/lib/python3.9/site-packages/tensorflow/python/lib/io/file_io.py", line 100, in write
    self._prewrite_check()
  File "/home/yifulu/.conda/envs/dpm/lib/python3.9/site-packages/tensorflow/python/lib/io/file_io.py", line 85, in _prewrite_check
    self._writable_file = _pywrap_file_io.WritableFile(
tensorflow.python.framework.errors_impl.NotFoundError: /scratch/qingqu_root/qingqu1/shared_data/multistage/new_interval/original/trial0/report_1.npz; No such file or directory
I0000 00:00:1695531133.729904 4168891 tfrt_cpu_pjrt_client.cc:352] TfrtCpuClient destroyed.
